SF:js/groups.js
DA:9,1
DA:12,1
DA:13,3
DA:16,3
DA:18,3
DA:19,8
DA:20,8
DA:23,3
DA:24,4
DA:25,4
DA:26,4
DA:27,4
DA:28,4
DA:29,4
DA:30,4
DA:31,4
DA:32,2
DA:33,2
DA:35,4
DA:36,2
DA:37,2
DA:39,4
DA:40,2
DA:42,4
DA:43,2
DA:45,4
DA:46,2
DA:48,4
DA:49,2
DA:51,4
DA:52,2
DA:54,2
DA:57,3
DA:58,2
DA:60,3
DA:61,2
DA:63,3
DA:64,2
DA:65,2
DA:68,3
DA:69,2
DA:70,2
DA:72,3
DA:73,2
DA:74,2
DA:76,3
DA:77,2
DA:78,2
DA:80,3
DA:81,2
DA:82,2
DA:85,3
DA:86,3
DA:87,3
DA:88,1
DA:90,2
DA:91,2
DA:92,2
DA:93,2
DA:94,2
DA:95,2
DA:96,2
DA:97,2
DA:99,3
DA:101,1
DA:102,1
DA:103,1
DA:104,1
DA:106,3
DA:107,1
DA:108,1
DA:109,1
DA:110,2
DA:111,0
DA:112,0
DA:114,2
DA:115,2
DA:116,2
DA:118,2
DA:119,2
DA:121,2
DA:122,2
DA:123,2
DA:128,3
DA:129,3
DA:130,2
DA:134,3
DA:135,3
DA:139,1
DA:140,0
DA:144,1
end_of_record
SF:js/users.js
DA:10,1
DA:13,1
DA:14,2
DA:18,2
DA:19,9
DA:20,2
DA:21,2
DA:22,2
DA:23,2
DA:24,7
DA:25,2
DA:26,2
DA:27,2
DA:28,2
DA:29,2
DA:30,2
DA:33,2
DA:34,2
DA:36,0
DA:40,2
DA:41,0
DA:42,0
DA:43,0
DA:46,2
DA:47,0
DA:48,0
DA:49,0
DA:54,5
DA:55,5
DA:56,5
DA:60,2
DA:65,2
DA:66,8
DA:67,8
DA:68,8
DA:69,2
DA:71,6
DA:79,2
DA:80,2
DA:86,2
DA:87,14
DA:88,14
DA:89,14
DA:90,14
DA:91,14
DA:92,14
DA:94,14
DA:95,2
DA:96,2
DA:99,14
DA:100,14
DA:101,2
DA:102,2
DA:106,14
DA:107,2
DA:108,2
DA:109,2
DA:111,14
DA:112,2
DA:113,2
DA:116,14
DA:117,2
DA:118,2
DA:120,14
DA:121,2
DA:122,2
DA:124,14
DA:125,2
DA:127,12
DA:134,2
DA:135,4
DA:136,2
DA:138,2
DA:139,2
DA:140,2
DA:147,2
DA:148,0
DA:150,2
DA:152,2
DA:153,2
DA:154,2
DA:155,0
DA:160,2
DA:163,2
DA:165,2
DA:166,0
DA:167,0
DA:168,0
DA:169,0
DA:170,0
DA:171,0
DA:173,0
DA:174,0
DA:175,0
DA:176,0
DA:178,0
DA:179,0
DA:180,0
DA:181,0
DA:186,2
DA:187,0
DA:188,0
DA:190,0
DA:192,0
DA:193,0
DA:194,0
DA:195,0
DA:196,0
DA:198,0
DA:199,0
DA:201,0
DA:202,0
DA:208,2
DA:209,0
DA:210,0
DA:211,0
DA:212,0
DA:214,0
DA:217,0
DA:219,0
DA:222,2
DA:225,0
DA:226,0
DA:227,0
DA:229,0
DA:230,0
DA:231,0
DA:232,0
DA:233,0
DA:234,0
DA:235,0
DA:236,0
DA:240,0
DA:241,0
DA:242,0
DA:244,0
DA:245,0
DA:247,0
DA:248,0
DA:254,1
DA:255,0
DA:259,1
end_of_record
