<?xml version="1.0" encoding="UTF-8"?>
<testsuites>
  <testsuite name="tests" tests="68" assertions="68" errors="0" failures="0" skipped="0" time="2.134741">
    <testsuite name="adatkezelesControllerTest" file="/var/www/html/netpolgar/tests/adatkezerles_controller_Test.php" tests="2" assertions="2" errors="0" failures="0" skipped="0" time="0.402905">
      <testcase name="test_start" class="adatkezelesControllerTest" classname="adatkezelesControllerTest" file="/var/www/html/netpolgar/tests/adatkezerles_controller_Test.php" line="27" assertions="1" time="0.046402"/>
      <testcase name="test_show" class="adatkezelesControllerTest" classname="adatkezelesControllerTest" file="/var/www/html/netpolgar/tests/adatkezerles_controller_Test.php" line="34" assertions="1" time="0.356503">
        <system-out>	
        &lt;body ng-app="app"&gt;
          &lt;div ng-controller="ctrl" id="scope" style="display:block; padding:20px;"&gt;
			                    &lt;nav class="navbar navbar-expand-lg navbar-light bg-light"&gt;
          &lt;button class="navbar-toggler" type="button" data-toggle="collapse" data-target="#navbarSupportedContent" aria-controls="navbarSupportedContent" aria-expanded="false" aria-label="Toggle navigation"&gt;
            &lt;span class="navbar-toggler-icon"&gt;&lt;/span&gt;
          &lt;/button&gt;
        
          &lt;div class="collapse navbar-collapse" id="navbarSupportedContent"&gt;
            &lt;ul class="navbar-nav mr-auto"&gt;
              &lt;li class="nav-item active homeMenuItem"&gt;
                &lt;a class="nav-link" href="http://robitc/netpolgar" target="_self"&gt;
                	&lt;img src="favicon.png" alt="favicon"/&gt;
                	netpolgar  
                &lt;/a&gt;
              &lt;/li&gt;
              &lt;li class="nav-item dropdown"&gt;
                &lt;a class="nav-link dropdown-toggle" 
                	href="#" id="navbarDropdown"  target="_self" 
                	role="button" data-toggle="dropdown" aria-haspopup="true" aria-expanded="false"&gt;
                  &lt;em class="fa fa-cog"&gt;&lt;/em&gt;{{txt('SETUP')}}
                &lt;/a&gt;
                &lt;div class="dropdown-menu" aria-labelledby="navbarDropdown"&gt;
                  &lt;a class="dropdown-item" 
                  	href="{{MYDOMAIN}}/opt/groups/list/parentid/0/userid/0" target="_self"&gt;
                  	{{txt('GROUPS')}}&lt;/a&gt;
                  &lt;a class="dropdown-item" href="#" target="_self"&gt;{{txt('CATEGORIES')}}&lt;/a&gt;
                  &lt;a class="dropdown-item" href="#" target="_self"&gt;{{txt('USERGROUPS')}}&lt;/a&gt;
                  &lt;a class="dropdown-item" ng-if="(userAdmin)" 
                  	href="http://robitc/netpolgar/opt/users/list" target="_self" &gt;
                  	{{txt('USERS')}}
                  &lt;/a&gt;
                &lt;/div&gt;
              &lt;/li&gt;
              &lt;li class="nav-item dropdown"&gt;
                &lt;a class="nav-link dropdown-toggle" 
                   href="#" id="navbarDropdown"  target="_self"
                   role="button" data-toggle="dropdown" aria-haspopup="true" aria-expanded="false"&gt;
                  &lt;em class="fa fa-wrench"&gt;&lt;/em&gt;{{txt('PROJECTS')}}
                &lt;/a&gt;
                &lt;div class="dropdown-menu" aria-labelledby="navbarDropdown"&gt;
                  &lt;a class="dropdown-item" href="#" target="_self"&gt;{{txt('ACTIVE')}}&lt;/a&gt;
                  &lt;a class="dropdown-item" href="#" target="_self"&gt;{{txt('CLOSED')}}&lt;/a&gt;
                  &lt;a class="dropdown-item" href="#" target="_self"&gt;{{txt('DRAFT')}}&lt;/a&gt;
                &lt;/div&gt;
              &lt;/li&gt;
              &lt;li class="nav-item dropdown"&gt;
                &lt;a class="nav-link dropdown-toggle" 
                  href="#" id="navbarDropdown" target="_self"
                  role="button" data-toggle="dropdown" aria-haspopup="true" aria-expanded="false"&gt;
                  &lt;em class="fa fa-shopping-cart"&gt;&lt;/em&gt;{{txt('MARKET')}}
                &lt;/a&gt;
                &lt;div class="dropdown-menu" aria-labelledby="navbarDropdown"&gt;
                  &lt;a class="dropdown-item" href="#" target="_self"&gt;{{txt('OFFER')}}&lt;/a&gt;
                  &lt;a class="dropdown-item" href="#" target="_self"&gt;{{txt('DEMAND')}}&lt;/a&gt;
                  &lt;a class="dropdown-item" href="#" target="_self"&gt;{{txt('TRANSACTIONS')}}&lt;/a&gt;
                &lt;/div&gt;
              &lt;/li&gt;
              &lt;li class="nav-item active"&gt;
                &lt;a class="nav-link" href="#" target="_self"&gt;
                	&lt;em class="fa fa-file"&gt;&lt;/em&gt;{{txt('DOCS')}}  
                &lt;/a&gt;
              &lt;/li&gt;
              &lt;li class="nav-item dropdown"&gt;
                &lt;a class="nav-link dropdown-toggle" 
                  href="#" id="navbarDropdown"  target="_self"
                  role="button" data-toggle="dropdown" aria-haspopup="true" aria-expanded="false"&gt;
                  &lt;em class="fa fa-comments"&gt;&lt;/em&gt;{{txt('DISPUTES')}}
                &lt;/a&gt;
                &lt;div class="dropdown-menu" aria-labelledby="navbarDropdown"&gt;
                  &lt;a class="dropdown-item" href="#" target="_self"&gt;{{txt('CHATS')}}&lt;/a&gt;
                  &lt;a class="dropdown-item" href="#" target="_self"&gt;{{txt('POLLS')}}&lt;/a&gt;
                  &lt;a class="dropdown-item" href="#" target="_self"&gt;{{txt('DECISIONS')}}&lt;/a&gt;
                  &lt;a class="dropdown-item" href="#" target="_self"&gt;{{txt('MESSAGES')}}&lt;/a&gt;
                &lt;/div&gt;
              &lt;/li&gt;
              &lt;li class="nav-item dropdown"&gt;
                &lt;a class="nav-link dropdown-toggle" href="#" target="_self" id="navbarDropdown" role="button" data-toggle="dropdown" aria-haspopup="true" aria-expanded="false"&gt;
                  &lt;em class="fa fa-calendar"&gt;&lt;/em&gt;{{txt('EVENTS')}}
                &lt;/a&gt;
                &lt;div class="dropdown-menu" aria-labelledby="navbarDropdown"&gt;
                  &lt;a class="dropdown-item" href="#" target="_self"&gt;{{txt('FOLLOWS')}}&lt;/a&gt;
                  &lt;a class="dropdown-item" href="#" target="_self"&gt;{{txt('OLDS')}}&lt;/a&gt;
                  &lt;a class="dropdown-item" href="#" target="_self"&gt;{{txt('ALL')}}&lt;/a&gt;
                &lt;/div&gt;
              &lt;/li&gt;
              &lt;li class="nav-item dropdown userMenuItem" ng-if="user.nick != 'guest'"&gt;
                &lt;a class="nav-link dropdown-toggle" href="#" target="_self" id="navbarDropdown" role="button" data-toggle="dropdown" aria-haspopup="true" aria-expanded="false"&gt;
                  &lt;em ng-if="user.avatar == ''" class="fa fa-user"&gt;&lt;/em&gt;
                  &lt;strong&gt;{{user.nick}}&lt;/strong&gt;
                  &lt;img ng-if="avatarUrl != ''" src="{{avatarUrl}}" alt="avatar" /&gt;
                &lt;/a&gt;
                &lt;div class="dropdown-menu" aria-labelledby="navbarDropdown"&gt;
                  &lt;a class="dropdown-item" href="http://robitc/netpolgar/opt/users/profile" target="_self"
                  	 target="_self"&gt;{{txt('MYDATA')}}&lt;/a&gt;
                  &lt;a class="dropdown-item" 
                     target="_self" href="http://robitc/netpolgar/opt/users/removeaccount"&gt;{{txt('REMOVE_ACCOUNT')}}&lt;/a&gt;
                  &lt;a class="dropdown-item" href="http://robitc/netpolgar/opt/users/logout" target="_self"&gt;{{txt('LOGOUT')}}&lt;/a&gt;
                &lt;/div&gt;
              &lt;/li&gt;
              &lt;li class="nav-item active userMenuItem" ng-if="user.nick == 'guest'"&gt;
                &lt;a class="nav-link" href="http://robitc/netpolgar/opt/users/login" 
                    target="_self"&gt;
                	&lt;em class="fa fa-sign-in-alt"&gt;&lt;/em&gt;{{txt('LOGIN')}}  
                &lt;/a&gt;
              &lt;/li&gt;
              &lt;li class="nav-item active"&gt;
                &lt;a class="nav-link" href="http://robitc/netpolgar/opt/users/regist" target="_self"&gt;
                	&lt;em class="fa fa-key"&gt;&lt;/em&gt;{{txt('REGIST')}}  
                &lt;/a&gt;
              &lt;/li&gt;
            &lt;/ul&gt;
          &lt;/div&gt;
        &lt;/nav&gt;
		            &lt;h2&gt;Adatkezelési leírás&lt;/h2&gt;
            &lt;p&gt;Jelen leírás az ügyfélkapu segítségével történő felhasználó regisztrációt és
            bejelentkezést kezelő web szolgáltatás adatkezeléséről szól. Az ezt használó 
            egyes applikációk adatkezelési leírását az adott applikációban találhatja meg!&lt;/p&gt;
            &lt;p&gt;&lt;strong&gt;Ez a szoftver személyes adatokat tartósan nem kezel és tárol.
            Ezért a GDPR rá nem vonatkozik.&lt;/strong&gt;&lt;/p&gt;

            &lt;h3&gt;Cookie használat&lt;/h3&gt;
            &lt;p&gt;A szoftver működésének testreszabásához, az egyes működési munkamenetek 
            szervezéséhez egy daram un "munkamenet cookie"-t használ amit a felhasználó
            gépén tárol. Ez a cookie személyes adatokat nem tartalmaz, tartalmából 
            mindössze annyit lehet megállapítani, hogy a felhasználó használja/használta
            ezt a rendszert.&lt;/p&gt;

            &lt;h3&gt;Kezelt adatok az applikációk felhasználóival kapcsolatban&lt;/h3&gt;
            &lt;ul&gt;
            &lt;li&gt;Választott bejelentkezési név (nick név)&lt;/li&gt;
            &lt;li&gt;Jelszó sha256 hash kódja&lt;/li&gt;
            &lt;li&gt;Használt applikáció azonosítója&lt;/li&gt;
            &lt;li&gt;Az ügyfélkapus bejelentkezésnél megadott e-mail cím sha256 hash kódja&lt;/li&gt;
            &lt;li&gt;Bejelentkezés engedélyezve/letiltva&lt;/li&gt;
            &lt;li&gt;Hibás bejelentkezési kisérlet számláló&lt;/li&gt;
            &lt;li&gt;code - az oAuth2 eljárás során használt ideiglenes, egyszer használható technikai azonosító&lt;/li&gt;
            &lt;li&gt;access_token - az oAuth2 eljárás során használt ideiglenes, egyszer használható technikai azonosító&lt;/li&gt;
            &lt;li&gt;Fiók blokkolás időpontja&lt;/li&gt;
            &lt;/ul&gt;
            &lt;p&gt;Megjegyzések: Egy felhasználónak - amennyiben több applikációt is használ - több ilyen adat készlete is lehet.
            Az "sha256 hash" egy algoritmikusan képzett karakter sorozat. Ebből nem állapítható meg az eredeti jelszó illetve 
            e-mail cím, de alkalmas a bejelentkezésnél a jelszó ellenörzésre, illetve annak
            megakadályozására, hogy egy ember többször regisztráljon ugyanabba az applikációba.
            &lt;/p&gt;
            &lt;p&gt;
            A felhasználó sikeres bejelentkezés után json formátumban megtekintheti/letöltheti a róla az adott applikációval kapcsolatban
            tárolt adatokat. Továbbá lehetősége van adatainak (és ezzel bejelentkezési lehetőségének) törlésére is. 	
            &lt;/p&gt; 
            &lt;p&gt;A regisztrációs folyamat során fel kell tölteni egy a https://niszavdh.gov.hu segítségével aláírt 
            hitelesített pdf dokumentumot. Ez a dokumentum tartalmazza a felhasználó teljes nevét és az ügyfélkapuhoz megadott
            e-mail címét. Ezeket az adatokat (technikai okokból) a program csak néhány másodpercig tárolja és kezeli ezután
            törli őket. Tartósan csak a fentebb felsorolt adatokat tárolja&lt;/p&gt;

            &lt;h3&gt;Kezelt / tárolt adatok az applikációkkal és az applikáció adminisztrátorokkal kapcsolatban&lt;/h3&gt;
            &lt;ul&gt;
            &lt;li&gt;Applikáció neve&lt;/li&gt;
            &lt;li&gt;Applikáció domain&lt;/li&gt;
            &lt;li&gt;Sikeres login esetén visszahívandó URL&lt;/li&gt;
            &lt;li&gt;client_id&lt;/li&gt;
            &lt;li&gt;client_secret&lt;/li&gt;
            &lt;li&gt;login és regist képernyő testreszabásához css file URL&lt;/li&gt;
            &lt;li&gt;Hibás user bejelentkezési kisérlet limit&lt;/li&gt;
            &lt;li&gt;Admin bejelentkezési név (nick név)&lt;/li&gt;
            &lt;li&gt;Jelszó sha256 hash kódja&lt;/li&gt;
            &lt;li&gt;Hibás admin bejelentkezési kisérlet limit&lt;/li&gt;
            &lt;/ul&gt;
            &lt;p&gt;Megjegyzések: Egy embernek - amennyiben több applikációt is menedzsel - több ilyen adat készlete is lehet.
            Az "sha256 hash" egy algoritmikusan képzett karakter sorozat. Ebből nem állapítható meg az eredeti jelszó  
            ,de alkalmas a bejelentkezésnél a jelszó ellenörzésre.
            &lt;/p&gt;
            &lt;p&gt;Az adminisztrátor sikeres bejelentkezése után a megjelenő képernyőn láthatja
            ezeket a tárolt adatokat, lehetőségük van az adatok törlésére is (ezzel az adott
            applikáció nem tudja a továbbiakban használni ezt a rendszert)&lt;/p&gt;
            
            &lt;h3&gt;Adatkezelési nyilatkozat&lt;/h3&gt;
            &lt;p&gt;A rendszer üzemeltetői minden tőlük telhetőt megtesznek a tárolt adatok biztonságos, védett tárolása
            és kezelése érdekében. Mindent megtesznek annak érdekében, hogy az adatok illetéktelen kezekbe
            ne kerülhessenek.&lt;/p&gt;
            &lt;p&gt;A tárolt adatokat harmadik félnek csak abban az esetben adja át, ha erre őket törvény kötelezi.&lt;/p&gt;
            &lt;p&gt;Adatkezelő: Fogler Tibor Adatok technikai tárolása, szerver üzemeltető: Forpsi.hu&lt;/p&gt;
            &lt;p&gt;&amp;nbsp;&lt;/p&gt;
            &lt;p&gt;&lt;strong&gt;Ez a leírás kizárólag az uklogin regisztrációs és bejelentkező modulra vonatkozik. 
             Az a web program ami ezt a szolgáltatást használja további adatokat is kezelhet, 
             erről az adott rendszerben találhat információkat.&lt;/strong&gt;&lt;/p&gt;
            &lt;p&gt;&amp;nbsp;&lt;/p&gt;
            &lt;p&gt;&amp;nbsp;&lt;/p&gt;
            &lt;p&gt;&amp;nbsp;&lt;/p&gt;
            &lt;p&gt;&amp;nbsp;&lt;/p&gt;
            &lt;p&gt;&amp;nbsp;&lt;/p&gt;
            &lt;p&gt;&amp;nbsp;&lt;/p&gt;
            &lt;p&gt;&amp;nbsp;&lt;/p&gt;
            &lt;p&gt;&amp;nbsp;&lt;/p&gt;
            &lt;p&gt;&amp;nbsp;&lt;/p&gt;
            &lt;p&gt;&amp;nbsp;&lt;/p&gt;
            &lt;p&gt;&amp;nbsp;&lt;/p&gt;
            &lt;p&gt;&amp;nbsp;&lt;/p&gt;
            &lt;p&gt;&amp;nbsp;&lt;/p&gt;
            &lt;p&gt;&amp;nbsp;&lt;/p&gt;
	      &lt;/div&gt;&lt;!-- #scope --&gt;
		   
      	&lt;div id="footer"&gt;  
      	&lt;p&gt;
			&lt;a href="MYDOMAIN/opt/impresszum/show" target="_self"&gt;
				&lt;em class="fa fa-pencil"&gt;&lt;/em&gt;&amp;nbsp;IMPRESSUM&lt;/a&gt;&amp;nbsp;&amp;nbsp;&amp;nbsp;      
			&lt;a href="MYDOMAIN/opt/adatkezeles/show" target="_self"&gt;
				&lt;em class="fa fa-lock"&gt;&lt;/em&gt;&amp;nbsp;DATAPROCESS&lt;/a&gt;&amp;nbsp;&amp;nbsp;&amp;nbsp;      
			&lt;a href="https://gnu.hu/gplv3.html" target="_self"&gt;
				&lt;em class="fa fa-copyright"&gt;&lt;/em&gt;&amp;nbsp;LICENCE: GNU/GPL&lt;/a&gt;&amp;nbsp;&amp;nbsp;&amp;nbsp;      
			&lt;a href="https://github.com/utopszkij/uklogin" target="_self"&gt;
				&lt;em class="fa fa-code"&gt;&lt;/em&gt;&amp;nbsp;SOURCE&lt;/a&gt;&amp;nbsp;&amp;nbsp;&amp;nbsp;   
			&lt;a href="http://robitc/netpolgar/opt/issu/form" target="_self"&gt;
				&lt;em class="fa fa-bug"&gt;&lt;/em&gt;&amp;nbsp;BUGMSG&lt;/a&gt;&amp;nbsp;&amp;nbsp;&amp;nbsp;   
      	&lt;/p&gt;   
		&lt;p&gt;SWRESOURCE:			
				&lt;a href="https://www.php.net/manual/en/index.php" target="_self"&gt;php&lt;/a&gt;&amp;nbsp;
				&lt;a href="https://fontawesome.com/icons?d=gallery" target="_self"&gt;fontAwesome&lt;/a&gt;&amp;nbsp;
				&lt;a href="https://www.w3schools.com/css/" target="_self"&gt;css&lt;/a&gt;&amp;nbsp;
				&lt;a href="https://getbootstrap.com/" target="_self"&gt;bootstrap&lt;/a&gt;&amp;nbsp;
				&lt;a href="https://jquery.com/" target="_self"&gt;Jquery&lt;/a&gt;&amp;nbsp;
				&lt;a href="https://angularjs.org/" target="_self"&gt;AngularJs&lt;/a&gt;&amp;nbsp;
				&lt;a href="https://www.fpdf.org" target="_self"&gt;fpdf&lt;/a&gt;&amp;nbsp;
				&lt;a href="https://github.com/smalot/pdfparser" target="_self"&gt;smalot&lt;/a&gt;&amp;nbsp;
				&lt;a href="https://github.com/tan-tan-kanarek/github-php-client"&gt;
					tan-tan-kanarek_github_kliens
				&lt;/a&gt;&amp;nbsp;
				&lt;a href="https://github.com/jonmiles/bootstrap-treeview" target="_self"&gt;
					bootsrap-treeview
				&lt;/a&gt;
		&lt;/p&gt;
		&lt;p&gt;Teszteléshez: phpunit&amp;nbsp;mocha&amp;nbsp;sonar-cloud&amp;nbsp;&lt;/p&gt;
		&lt;/div&gt;
                    &lt;div id="cookieEnable" 
            	 style="position:fixed; z-index:99; width:100%; height:auto; left:0px; bottom:0px; background-color:#c0f0c0; opacity: 0.8; padding:2px; margin:0px;"&gt;
             	&lt;p style="margin:0px; padding:0px; text-align:right"&gt;A rendszer használatához engedélyeznie kell egy munkamenet cookie használatát.
                 	&amp;nbsp;Lásd: &lt;a href="index.php/opt/adatkezeles/show" target="_new"&gt;Adatkezelési leírás&lt;/a&gt;
    				&lt;a class="btn btn-primary" target="_self"
    				  href="index.php?cookieenabled=1"&gt;Engedélyezem
    				&lt;/a&gt;
				&lt;/p&gt;
            &lt;/div&gt;
             		  &lt;scryp&gt;user={"id":0,"nick":"guest","pswhash":"","enabled":1,"errorcount":0,"block_time":"","name":"","email":"","avatar":"","reg_mode":"","code":""};
userAdmin=false;
avatarUrl="";
&lt;/scrypt&gt;        &lt;/body&gt;
        &lt;/html&gt;
        </system-out>
      </testcase>
    </testsuite>
    <testsuite name="adomanyControllerTest" file="/var/www/html/netpolgar/tests/adomany_controller_Test.php" tests="2" assertions="2" errors="0" failures="0" skipped="0" time="0.022450">
      <testcase name="test_start" class="adomanyControllerTest" classname="adomanyControllerTest" file="/var/www/html/netpolgar/tests/adomany_controller_Test.php" line="28" assertions="1" time="0.000698"/>
      <testcase name="test_show" class="adomanyControllerTest" classname="adomanyControllerTest" file="/var/www/html/netpolgar/tests/adomany_controller_Test.php" line="35" assertions="1" time="0.021752">
        <system-out>	
        &lt;body ng-app="app"&gt;
          &lt;div ng-controller="ctrl" id="scope" style="display:block; padding:20px;"&gt;
				                &lt;nav class="navbar navbar-expand-lg navbar-light bg-light"&gt;
          &lt;button class="navbar-toggler" type="button" data-toggle="collapse" data-target="#navbarSupportedContent" aria-controls="navbarSupportedContent" aria-expanded="false" aria-label="Toggle navigation"&gt;
            &lt;span class="navbar-toggler-icon"&gt;&lt;/span&gt;
          &lt;/button&gt;
        
          &lt;div class="collapse navbar-collapse" id="navbarSupportedContent"&gt;
            &lt;ul class="navbar-nav mr-auto"&gt;
              &lt;li class="nav-item active homeMenuItem"&gt;
                &lt;a class="nav-link" href="http://robitc/netpolgar" target="_self"&gt;
                	&lt;img src="favicon.png" alt="favicon"/&gt;
                	netpolgar  
                &lt;/a&gt;
              &lt;/li&gt;
              &lt;li class="nav-item dropdown"&gt;
                &lt;a class="nav-link dropdown-toggle" 
                	href="#" id="navbarDropdown"  target="_self" 
                	role="button" data-toggle="dropdown" aria-haspopup="true" aria-expanded="false"&gt;
                  &lt;em class="fa fa-cog"&gt;&lt;/em&gt;{{txt('SETUP')}}
                &lt;/a&gt;
                &lt;div class="dropdown-menu" aria-labelledby="navbarDropdown"&gt;
                  &lt;a class="dropdown-item" 
                  	href="{{MYDOMAIN}}/opt/groups/list/parentid/0/userid/0" target="_self"&gt;
                  	{{txt('GROUPS')}}&lt;/a&gt;
                  &lt;a class="dropdown-item" href="#" target="_self"&gt;{{txt('CATEGORIES')}}&lt;/a&gt;
                  &lt;a class="dropdown-item" href="#" target="_self"&gt;{{txt('USERGROUPS')}}&lt;/a&gt;
                  &lt;a class="dropdown-item" ng-if="(userAdmin)" 
                  	href="http://robitc/netpolgar/opt/users/list" target="_self" &gt;
                  	{{txt('USERS')}}
                  &lt;/a&gt;
                &lt;/div&gt;
              &lt;/li&gt;
              &lt;li class="nav-item dropdown"&gt;
                &lt;a class="nav-link dropdown-toggle" 
                   href="#" id="navbarDropdown"  target="_self"
                   role="button" data-toggle="dropdown" aria-haspopup="true" aria-expanded="false"&gt;
                  &lt;em class="fa fa-wrench"&gt;&lt;/em&gt;{{txt('PROJECTS')}}
                &lt;/a&gt;
                &lt;div class="dropdown-menu" aria-labelledby="navbarDropdown"&gt;
                  &lt;a class="dropdown-item" href="#" target="_self"&gt;{{txt('ACTIVE')}}&lt;/a&gt;
                  &lt;a class="dropdown-item" href="#" target="_self"&gt;{{txt('CLOSED')}}&lt;/a&gt;
                  &lt;a class="dropdown-item" href="#" target="_self"&gt;{{txt('DRAFT')}}&lt;/a&gt;
                &lt;/div&gt;
              &lt;/li&gt;
              &lt;li class="nav-item dropdown"&gt;
                &lt;a class="nav-link dropdown-toggle" 
                  href="#" id="navbarDropdown" target="_self"
                  role="button" data-toggle="dropdown" aria-haspopup="true" aria-expanded="false"&gt;
                  &lt;em class="fa fa-shopping-cart"&gt;&lt;/em&gt;{{txt('MARKET')}}
                &lt;/a&gt;
                &lt;div class="dropdown-menu" aria-labelledby="navbarDropdown"&gt;
                  &lt;a class="dropdown-item" href="#" target="_self"&gt;{{txt('OFFER')}}&lt;/a&gt;
                  &lt;a class="dropdown-item" href="#" target="_self"&gt;{{txt('DEMAND')}}&lt;/a&gt;
                  &lt;a class="dropdown-item" href="#" target="_self"&gt;{{txt('TRANSACTIONS')}}&lt;/a&gt;
                &lt;/div&gt;
              &lt;/li&gt;
              &lt;li class="nav-item active"&gt;
                &lt;a class="nav-link" href="#" target="_self"&gt;
                	&lt;em class="fa fa-file"&gt;&lt;/em&gt;{{txt('DOCS')}}  
                &lt;/a&gt;
              &lt;/li&gt;
              &lt;li class="nav-item dropdown"&gt;
                &lt;a class="nav-link dropdown-toggle" 
                  href="#" id="navbarDropdown"  target="_self"
                  role="button" data-toggle="dropdown" aria-haspopup="true" aria-expanded="false"&gt;
                  &lt;em class="fa fa-comments"&gt;&lt;/em&gt;{{txt('DISPUTES')}}
                &lt;/a&gt;
                &lt;div class="dropdown-menu" aria-labelledby="navbarDropdown"&gt;
                  &lt;a class="dropdown-item" href="#" target="_self"&gt;{{txt('CHATS')}}&lt;/a&gt;
                  &lt;a class="dropdown-item" href="#" target="_self"&gt;{{txt('POLLS')}}&lt;/a&gt;
                  &lt;a class="dropdown-item" href="#" target="_self"&gt;{{txt('DECISIONS')}}&lt;/a&gt;
                  &lt;a class="dropdown-item" href="#" target="_self"&gt;{{txt('MESSAGES')}}&lt;/a&gt;
                &lt;/div&gt;
              &lt;/li&gt;
              &lt;li class="nav-item dropdown"&gt;
                &lt;a class="nav-link dropdown-toggle" href="#" target="_self" id="navbarDropdown" role="button" data-toggle="dropdown" aria-haspopup="true" aria-expanded="false"&gt;
                  &lt;em class="fa fa-calendar"&gt;&lt;/em&gt;{{txt('EVENTS')}}
                &lt;/a&gt;
                &lt;div class="dropdown-menu" aria-labelledby="navbarDropdown"&gt;
                  &lt;a class="dropdown-item" href="#" target="_self"&gt;{{txt('FOLLOWS')}}&lt;/a&gt;
                  &lt;a class="dropdown-item" href="#" target="_self"&gt;{{txt('OLDS')}}&lt;/a&gt;
                  &lt;a class="dropdown-item" href="#" target="_self"&gt;{{txt('ALL')}}&lt;/a&gt;
                &lt;/div&gt;
              &lt;/li&gt;
              &lt;li class="nav-item dropdown userMenuItem" ng-if="user.nick != 'guest'"&gt;
                &lt;a class="nav-link dropdown-toggle" href="#" target="_self" id="navbarDropdown" role="button" data-toggle="dropdown" aria-haspopup="true" aria-expanded="false"&gt;
                  &lt;em ng-if="user.avatar == ''" class="fa fa-user"&gt;&lt;/em&gt;
                  &lt;strong&gt;{{user.nick}}&lt;/strong&gt;
                  &lt;img ng-if="avatarUrl != ''" src="{{avatarUrl}}" alt="avatar" /&gt;
                &lt;/a&gt;
                &lt;div class="dropdown-menu" aria-labelledby="navbarDropdown"&gt;
                  &lt;a class="dropdown-item" href="http://robitc/netpolgar/opt/users/profile" target="_self"
                  	 target="_self"&gt;{{txt('MYDATA')}}&lt;/a&gt;
                  &lt;a class="dropdown-item" 
                     target="_self" href="http://robitc/netpolgar/opt/users/removeaccount"&gt;{{txt('REMOVE_ACCOUNT')}}&lt;/a&gt;
                  &lt;a class="dropdown-item" href="http://robitc/netpolgar/opt/users/logout" target="_self"&gt;{{txt('LOGOUT')}}&lt;/a&gt;
                &lt;/div&gt;
              &lt;/li&gt;
              &lt;li class="nav-item active userMenuItem" ng-if="user.nick == 'guest'"&gt;
                &lt;a class="nav-link" href="http://robitc/netpolgar/opt/users/login" 
                    target="_self"&gt;
                	&lt;em class="fa fa-sign-in-alt"&gt;&lt;/em&gt;{{txt('LOGIN')}}  
                &lt;/a&gt;
              &lt;/li&gt;
              &lt;li class="nav-item active"&gt;
                &lt;a class="nav-link" href="http://robitc/netpolgar/opt/users/regist" target="_self"&gt;
                	&lt;em class="fa fa-key"&gt;&lt;/em&gt;{{txt('REGIST')}}  
                &lt;/a&gt;
              &lt;/li&gt;
            &lt;/ul&gt;
          &lt;/div&gt;
        &lt;/nav&gt;
		            &lt;h2&gt;Adományozás&lt;/h2&gt;
          	&lt;h3&gt;Tájékoztatás&lt;/h3&gt;
          	&lt;p&gt;A szoftver teljes egészében önkéntes munkával, grátisz lett kifejlesztve.
          	A rendszergazdai munka is ilyen formában van megoldva. Viszont a működéshez szükséges 
          	VPS szerver pénzbe kerül. Jelenleg a Forpsi-cloud small szervert,ingyenes domaint 
          	és ingyenes https tanusítványt használunk.
          	Az adományokat kizárólag a szerver bérlés finanszirozására használjuk fel.
          	Ha komolyabb érdeklődés lesz a rendszer használatára akkor domain név és minősített https
          	tanusitvány beszerzése és fentartása is szükséges lehet.&lt;/p&gt;
          	&lt;p&gt;Minden adományt - akár 1000 Ft -ot is - hálásan köszönünk. Az adományok beérkezéséről és
          	felhasználásáról lentebb részletes elszámolást teszünk közzé.&lt;/p&gt;
          	&lt;p&gt;Ha azt kivánja, hogy neve vagy szervezete szerepeljen az elszámolásban akkor azt az utalás
          	közleményében jelezze! Ha a közleményben erről nem rendelkezik az adományt névtelenül
          	szerepeltetjük az elszámolásban.&lt;/p&gt;
          	
          	&lt;p&gt;Bankszámla: 11600006-00000000-23190212&lt;/p&gt;
          	&lt;p&gt;IBAN: HU75 1160 0006 0000 0000 2319 0212&lt;/p&gt;
          	
          	&lt;p&gt;Ethereum tárca: 0xb7233a1474eb3f0359b01A83e57C636DE78C09Da&lt;/p&gt;
          	
          	
          	&lt;iframe style="width:600px; height:600px" title="elszamolas"
          	 src="https://docs.google.com/spreadsheets/d/e/2PACX-1vRjHIFVnLDw03ykdEEr72iIot5ONW_8rqkebk1Yz1vM0y-jr6p50SwNkVKrYFkH58YrVwseJf3qfl3t/pubhtml?gid=0&amp;amp;single=true&amp;amp;widget=true&amp;amp;headers=false"&gt;&lt;/iframe&gt;
          	
          	&lt;p&gt;&amp;nbsp;&lt;/p&gt;
          	&lt;p&gt;&amp;nbsp;&lt;/p&gt;
          	&lt;p&gt;&amp;nbsp;&lt;/p&gt;
          	&lt;p&gt;&amp;nbsp;&lt;/p&gt;
          	&lt;p&gt;&amp;nbsp;&lt;/p&gt;
          	&lt;p&gt;&amp;nbsp;&lt;/p&gt;
          	&lt;p&gt;&amp;nbsp;&lt;/p&gt;
          	&lt;p&gt;&amp;nbsp;&lt;/p&gt;
          	&lt;p&gt;&amp;nbsp;&lt;/p&gt;
          	&lt;p&gt;&amp;nbsp;&lt;/p&gt;
          	&lt;p&gt;&amp;nbsp;&lt;/p&gt;
          	&lt;p&gt;&amp;nbsp;&lt;/p&gt;
          	&lt;p&gt;&amp;nbsp;&lt;/p&gt;
          	&lt;p&gt;&amp;nbsp;&lt;/p&gt;
          	&lt;/div&gt;&lt;!-- #scope --&gt;
		   
      	&lt;div id="footer"&gt;  
      	&lt;p&gt;
			&lt;a href="MYDOMAIN/opt/impresszum/show" target="_self"&gt;
				&lt;em class="fa fa-pencil"&gt;&lt;/em&gt;&amp;nbsp;IMPRESSUM&lt;/a&gt;&amp;nbsp;&amp;nbsp;&amp;nbsp;      
			&lt;a href="MYDOMAIN/opt/adatkezeles/show" target="_self"&gt;
				&lt;em class="fa fa-lock"&gt;&lt;/em&gt;&amp;nbsp;DATAPROCESS&lt;/a&gt;&amp;nbsp;&amp;nbsp;&amp;nbsp;      
			&lt;a href="https://gnu.hu/gplv3.html" target="_self"&gt;
				&lt;em class="fa fa-copyright"&gt;&lt;/em&gt;&amp;nbsp;LICENCE: GNU/GPL&lt;/a&gt;&amp;nbsp;&amp;nbsp;&amp;nbsp;      
			&lt;a href="https://github.com/utopszkij/uklogin" target="_self"&gt;
				&lt;em class="fa fa-code"&gt;&lt;/em&gt;&amp;nbsp;SOURCE&lt;/a&gt;&amp;nbsp;&amp;nbsp;&amp;nbsp;   
			&lt;a href="http://robitc/netpolgar/opt/issu/form" target="_self"&gt;
				&lt;em class="fa fa-bug"&gt;&lt;/em&gt;&amp;nbsp;BUGMSG&lt;/a&gt;&amp;nbsp;&amp;nbsp;&amp;nbsp;   
      	&lt;/p&gt;   
		&lt;p&gt;SWRESOURCE:			
				&lt;a href="https://www.php.net/manual/en/index.php" target="_self"&gt;php&lt;/a&gt;&amp;nbsp;
				&lt;a href="https://fontawesome.com/icons?d=gallery" target="_self"&gt;fontAwesome&lt;/a&gt;&amp;nbsp;
				&lt;a href="https://www.w3schools.com/css/" target="_self"&gt;css&lt;/a&gt;&amp;nbsp;
				&lt;a href="https://getbootstrap.com/" target="_self"&gt;bootstrap&lt;/a&gt;&amp;nbsp;
				&lt;a href="https://jquery.com/" target="_self"&gt;Jquery&lt;/a&gt;&amp;nbsp;
				&lt;a href="https://angularjs.org/" target="_self"&gt;AngularJs&lt;/a&gt;&amp;nbsp;
				&lt;a href="https://www.fpdf.org" target="_self"&gt;fpdf&lt;/a&gt;&amp;nbsp;
				&lt;a href="https://github.com/smalot/pdfparser" target="_self"&gt;smalot&lt;/a&gt;&amp;nbsp;
				&lt;a href="https://github.com/tan-tan-kanarek/github-php-client"&gt;
					tan-tan-kanarek_github_kliens
				&lt;/a&gt;&amp;nbsp;
				&lt;a href="https://github.com/jonmiles/bootstrap-treeview" target="_self"&gt;
					bootsrap-treeview
				&lt;/a&gt;
		&lt;/p&gt;
		&lt;p&gt;Teszteléshez: phpunit&amp;nbsp;mocha&amp;nbsp;sonar-cloud&amp;nbsp;&lt;/p&gt;
		&lt;/div&gt;
                    &lt;div id="cookieEnable" 
            	 style="position:fixed; z-index:99; width:100%; height:auto; left:0px; bottom:0px; background-color:#c0f0c0; opacity: 0.8; padding:2px; margin:0px;"&gt;
             	&lt;p style="margin:0px; padding:0px; text-align:right"&gt;A rendszer használatához engedélyeznie kell egy munkamenet cookie használatát.
                 	&amp;nbsp;Lásd: &lt;a href="index.php/opt/adatkezeles/show" target="_new"&gt;Adatkezelési leírás&lt;/a&gt;
    				&lt;a class="btn btn-primary" target="_self"
    				  href="index.php?cookieenabled=1"&gt;Engedélyezem
    				&lt;/a&gt;
				&lt;/p&gt;
            &lt;/div&gt;
             		  &lt;scryp&gt;user={"id":0,"nick":"guest","pswhash":"","enabled":1,"errorcount":0,"block_time":"","name":"","email":"","avatar":"","reg_mode":"","code":""};
userAdmin=false;
avatarUrl="";
&lt;/scrypt&gt;        &lt;/body&gt;
        &lt;/html&gt;
        </system-out>
      </testcase>
    </testsuite>
    <testsuite name="defaultControllerTest" file="/var/www/html/netpolgar/tests/default_controller_Test.php" tests="2" assertions="2" errors="0" failures="0" skipped="0" time="0.004771">
      <testcase name="test_start" class="defaultControllerTest" classname="defaultControllerTest" file="/var/www/html/netpolgar/tests/default_controller_Test.php" line="28" assertions="1" time="0.001919"/>
      <testcase name="test_default" class="defaultControllerTest" classname="defaultControllerTest" file="/var/www/html/netpolgar/tests/default_controller_Test.php" line="35" assertions="1" time="0.002852">
        <system-out>	
        &lt;body ng-app="app"&gt;
         &lt;div ng-controller="ctrl" id="scope" style="display:none"&gt;
	                 &lt;nav class="navbar navbar-expand-lg navbar-light bg-light"&gt;
          &lt;button class="navbar-toggler" type="button" data-toggle="collapse" data-target="#navbarSupportedContent" aria-controls="navbarSupportedContent" aria-expanded="false" aria-label="Toggle navigation"&gt;
            &lt;span class="navbar-toggler-icon"&gt;&lt;/span&gt;
          &lt;/button&gt;
        
          &lt;div class="collapse navbar-collapse" id="navbarSupportedContent"&gt;
            &lt;ul class="navbar-nav mr-auto"&gt;
              &lt;li class="nav-item active homeMenuItem"&gt;
                &lt;a class="nav-link" href="http://robitc/netpolgar" target="_self"&gt;
                	&lt;img src="favicon.png" alt="favicon"/&gt;
                	netpolgar  
                &lt;/a&gt;
              &lt;/li&gt;
              &lt;li class="nav-item dropdown"&gt;
                &lt;a class="nav-link dropdown-toggle" 
                	href="#" id="navbarDropdown"  target="_self" 
                	role="button" data-toggle="dropdown" aria-haspopup="true" aria-expanded="false"&gt;
                  &lt;em class="fa fa-cog"&gt;&lt;/em&gt;{{txt('SETUP')}}
                &lt;/a&gt;
                &lt;div class="dropdown-menu" aria-labelledby="navbarDropdown"&gt;
                  &lt;a class="dropdown-item" 
                  	href="{{MYDOMAIN}}/opt/groups/list/parentid/0/userid/0" target="_self"&gt;
                  	{{txt('GROUPS')}}&lt;/a&gt;
                  &lt;a class="dropdown-item" href="#" target="_self"&gt;{{txt('CATEGORIES')}}&lt;/a&gt;
                  &lt;a class="dropdown-item" href="#" target="_self"&gt;{{txt('USERGROUPS')}}&lt;/a&gt;
                  &lt;a class="dropdown-item" ng-if="(userAdmin)" 
                  	href="http://robitc/netpolgar/opt/users/list" target="_self" &gt;
                  	{{txt('USERS')}}
                  &lt;/a&gt;
                &lt;/div&gt;
              &lt;/li&gt;
              &lt;li class="nav-item dropdown"&gt;
                &lt;a class="nav-link dropdown-toggle" 
                   href="#" id="navbarDropdown"  target="_self"
                   role="button" data-toggle="dropdown" aria-haspopup="true" aria-expanded="false"&gt;
                  &lt;em class="fa fa-wrench"&gt;&lt;/em&gt;{{txt('PROJECTS')}}
                &lt;/a&gt;
                &lt;div class="dropdown-menu" aria-labelledby="navbarDropdown"&gt;
                  &lt;a class="dropdown-item" href="#" target="_self"&gt;{{txt('ACTIVE')}}&lt;/a&gt;
                  &lt;a class="dropdown-item" href="#" target="_self"&gt;{{txt('CLOSED')}}&lt;/a&gt;
                  &lt;a class="dropdown-item" href="#" target="_self"&gt;{{txt('DRAFT')}}&lt;/a&gt;
                &lt;/div&gt;
              &lt;/li&gt;
              &lt;li class="nav-item dropdown"&gt;
                &lt;a class="nav-link dropdown-toggle" 
                  href="#" id="navbarDropdown" target="_self"
                  role="button" data-toggle="dropdown" aria-haspopup="true" aria-expanded="false"&gt;
                  &lt;em class="fa fa-shopping-cart"&gt;&lt;/em&gt;{{txt('MARKET')}}
                &lt;/a&gt;
                &lt;div class="dropdown-menu" aria-labelledby="navbarDropdown"&gt;
                  &lt;a class="dropdown-item" href="#" target="_self"&gt;{{txt('OFFER')}}&lt;/a&gt;
                  &lt;a class="dropdown-item" href="#" target="_self"&gt;{{txt('DEMAND')}}&lt;/a&gt;
                  &lt;a class="dropdown-item" href="#" target="_self"&gt;{{txt('TRANSACTIONS')}}&lt;/a&gt;
                &lt;/div&gt;
              &lt;/li&gt;
              &lt;li class="nav-item active"&gt;
                &lt;a class="nav-link" href="#" target="_self"&gt;
                	&lt;em class="fa fa-file"&gt;&lt;/em&gt;{{txt('DOCS')}}  
                &lt;/a&gt;
              &lt;/li&gt;
              &lt;li class="nav-item dropdown"&gt;
                &lt;a class="nav-link dropdown-toggle" 
                  href="#" id="navbarDropdown"  target="_self"
                  role="button" data-toggle="dropdown" aria-haspopup="true" aria-expanded="false"&gt;
                  &lt;em class="fa fa-comments"&gt;&lt;/em&gt;{{txt('DISPUTES')}}
                &lt;/a&gt;
                &lt;div class="dropdown-menu" aria-labelledby="navbarDropdown"&gt;
                  &lt;a class="dropdown-item" href="#" target="_self"&gt;{{txt('CHATS')}}&lt;/a&gt;
                  &lt;a class="dropdown-item" href="#" target="_self"&gt;{{txt('POLLS')}}&lt;/a&gt;
                  &lt;a class="dropdown-item" href="#" target="_self"&gt;{{txt('DECISIONS')}}&lt;/a&gt;
                  &lt;a class="dropdown-item" href="#" target="_self"&gt;{{txt('MESSAGES')}}&lt;/a&gt;
                &lt;/div&gt;
              &lt;/li&gt;
              &lt;li class="nav-item dropdown"&gt;
                &lt;a class="nav-link dropdown-toggle" href="#" target="_self" id="navbarDropdown" role="button" data-toggle="dropdown" aria-haspopup="true" aria-expanded="false"&gt;
                  &lt;em class="fa fa-calendar"&gt;&lt;/em&gt;{{txt('EVENTS')}}
                &lt;/a&gt;
                &lt;div class="dropdown-menu" aria-labelledby="navbarDropdown"&gt;
                  &lt;a class="dropdown-item" href="#" target="_self"&gt;{{txt('FOLLOWS')}}&lt;/a&gt;
                  &lt;a class="dropdown-item" href="#" target="_self"&gt;{{txt('OLDS')}}&lt;/a&gt;
                  &lt;a class="dropdown-item" href="#" target="_self"&gt;{{txt('ALL')}}&lt;/a&gt;
                &lt;/div&gt;
              &lt;/li&gt;
              &lt;li class="nav-item dropdown userMenuItem" ng-if="user.nick != 'guest'"&gt;
                &lt;a class="nav-link dropdown-toggle" href="#" target="_self" id="navbarDropdown" role="button" data-toggle="dropdown" aria-haspopup="true" aria-expanded="false"&gt;
                  &lt;em ng-if="user.avatar == ''" class="fa fa-user"&gt;&lt;/em&gt;
                  &lt;strong&gt;{{user.nick}}&lt;/strong&gt;
                  &lt;img ng-if="avatarUrl != ''" src="{{avatarUrl}}" alt="avatar" /&gt;
                &lt;/a&gt;
                &lt;div class="dropdown-menu" aria-labelledby="navbarDropdown"&gt;
                  &lt;a class="dropdown-item" href="http://robitc/netpolgar/opt/users/profile" target="_self"
                  	 target="_self"&gt;{{txt('MYDATA')}}&lt;/a&gt;
                  &lt;a class="dropdown-item" 
                     target="_self" href="http://robitc/netpolgar/opt/users/removeaccount"&gt;{{txt('REMOVE_ACCOUNT')}}&lt;/a&gt;
                  &lt;a class="dropdown-item" href="http://robitc/netpolgar/opt/users/logout" target="_self"&gt;{{txt('LOGOUT')}}&lt;/a&gt;
                &lt;/div&gt;
              &lt;/li&gt;
              &lt;li class="nav-item active userMenuItem" ng-if="user.nick == 'guest'"&gt;
                &lt;a class="nav-link" href="http://robitc/netpolgar/opt/users/login" 
                    target="_self"&gt;
                	&lt;em class="fa fa-sign-in-alt"&gt;&lt;/em&gt;{{txt('LOGIN')}}  
                &lt;/a&gt;
              &lt;/li&gt;
              &lt;li class="nav-item active"&gt;
                &lt;a class="nav-link" href="http://robitc/netpolgar/opt/users/regist" target="_self"&gt;
                	&lt;em class="fa fa-key"&gt;&lt;/em&gt;{{txt('REGIST')}}  
                &lt;/a&gt;
              &lt;/li&gt;
            &lt;/ul&gt;
          &lt;/div&gt;
        &lt;/nav&gt;
					&lt;div id="carouselExampleControls" class="carousel slide" data-ride="carousel"&gt;
			  &lt;div class="carousel-inner"&gt;
			    &lt;div class="carousel-item active"&gt;
			      &lt;img class="d-block w-100" src="./templates/default/cover_1.jpg" alt="First slide"&gt;
			      &lt;div class="buttons"&gt;
			      	&lt;a href="http://robitc/netpolgar/opt/users/login" target="_self"&gt;
			      		&lt;em class="fa fa-sign-in"&gt;&lt;/em&gt;&amp;nbsp;{{txt('LOGIN')}}&lt;/a&gt;&amp;nbsp;
			      	&lt;a href="http://robitc/netpolgar/opt/readme/show" target="_self"&gt;
			      		&lt;em class="fa fa-info-circle"&gt;&lt;/em&gt;&amp;nbsp;{{txt('DESC')}}&lt;/a&gt;
			      &lt;/div&gt;
			       &lt;div class="carousel-caption d-none d-md-block"&gt;
				   	&lt;h5&gt;APPTITLE&lt;/h5&gt;
			   	 	&lt;p&gt;APPINFO&lt;/p&gt;
				   &lt;/div&gt;
			    &lt;/div&gt;
			    &lt;div class="carousel-item"&gt;
			      &lt;img class="d-block w-100" src="./templates/default/cover_2.jpg" alt="Second slide"&gt;
			        &lt;div class="buttons"&gt;
			      	  &lt;a href="http://robitc/netpolgar/opt/users/login" target="_self"&gt;
			      	  	&lt;em class="fa fa-sign-in"&gt;&lt;/em&gt;&amp;nbsp;{{txt('LOGIN')}}&lt;/a&gt;&amp;nbsp;
			      	  &lt;a href="http://robitc/netpolgar/opt/readme/show" target="_self"&gt;
			      	  	&lt;em class="fa fa-info-circle"&gt;&lt;/em&gt;&amp;nbsp;{{txt('DESC')}}&lt;/a&gt;
			        &lt;/div&gt;
			       &lt;div class="carousel-caption d-none d-md-block"&gt;
				   	&lt;h5&gt;APPTITLE&lt;/h5&gt;
			   	 	&lt;p&gt;APPINFO&lt;/p&gt;
				   &lt;/div&gt;
			    &lt;/div&gt;
			    &lt;div class="carousel-item"&gt;
			      &lt;img class="d-block w-100" src="./templates/default/cover_3.jpg" alt="Third slide"&gt;
			        &lt;div class="buttons"&gt;
			      	  &lt;a href="http://robitc/netpolgar/opt/users/login" target="_self"&gt;
			      	  	&lt;em class="fa fa-sign-in"&gt;&lt;/em&gt;&amp;nbsp;{{txt('LOGIN')}}&lt;/a&gt;&amp;nbsp;
			      	  &lt;a href="http://robitc/netpolgar/opt/readme/show" target="_self"&gt;
			      	  	&lt;em class="fa fa-info-circle"&gt;&lt;/em&gt;&amp;nbsp;{{txt('DESC')}}&lt;/a&gt;
			        &lt;/div&gt;
			       &lt;div class="carousel-caption d-none d-md-block"&gt;
				   	&lt;h5&gt;APPTITLE&lt;/h5&gt;
			   	 	&lt;p&gt;APPINFO&lt;/p&gt;
				   &lt;/div&gt;
			    &lt;/div&gt;
			    
			    &lt;div class="carousel-item"&gt;
			      &lt;img class="d-block w-100" src="./templates/default/cover_4.jpg" alt="Foorth slide"&gt;
			        &lt;div class="buttons"&gt;
			      	  &lt;a href="http://robitc/netpolgar/opt/users/login" target="_self"&gt;
			      	  	&lt;em class="fa fa-sign-in"&gt;&lt;/em&gt;&amp;nbsp;{{txt('LOGIN')}}&lt;/a&gt;&amp;nbsp;
			      	  &lt;a href="http://robitc/netpolgar/opt/readme/show" target="_self"&gt;
			      	  	&lt;em class="fa fa-info-circle"&gt;&lt;/em&gt;&amp;nbsp;{{txt('DESC')}}&lt;/a&gt;
			        &lt;/div&gt;
			       &lt;div class="carousel-caption d-none d-md-block"&gt;
				   	&lt;h5&gt;APPTITLE&lt;/h5&gt;
			   	 	&lt;p&gt;APPINFO&lt;/p&gt;
				   &lt;/div&gt;
			    &lt;/div&gt;
			    
			  &lt;/div&gt;
			  
			  &lt;a class="carousel-control-prev" href="#carouselExampleControls" role="button" data-slide="prev"&gt;
			    &lt;span class="carousel-control-prev-icon" aria-hidden="true"&gt;&lt;/span&gt;
			    &lt;span class="sr-only"&gt;{{txt('PRIOR')}}Elöző&lt;/span&gt;
			  &lt;/a&gt;
			  &lt;a class="carousel-control-next" href="#carouselExampleControls" role="button" data-slide="next"&gt;
			    &lt;span class="carousel-control-next-icon" aria-hidden="true"&gt;&lt;/span&gt;
			    &lt;span class="sr-only"&gt;{{txt('NEXT')}}&lt;/span&gt;
			  &lt;/a&gt;
			&lt;/div&gt;&lt;!-- carousel --&gt;   
			&lt;div class="info"&gt;
  				&lt;p&gt;
  				Ez egy minden párttól, szervezettől független civil kezdeményezés. Teljes egészében magán emberek
  				adományaiból működik. A rendszert üzemeltető szerver jelenleg 2019.szeptember 31. -ig van kiifizetve.
  				Amennyiben módja van rá, kérjük támogassa a rendszer működését.
  				&lt;/p&gt;
  				&lt;p&gt;
  				  &lt;a href="http://robitc/netpolgar/opt/adomany/show" 
  				     style="background-color:blue; color:white; padding:10px; border-radius:5px;"&gt;
  					Támogatás
  				  &lt;/a&gt;
  				&lt;/p&gt;
  			&lt;/div&gt;
  			
			&lt;div id="recent-works"&gt;
								&lt;div class="center wow fadeInDown"&gt;
									&lt;h2&gt;Ajánlott oldalak&lt;/h2&gt;
									&lt;p class="lead"&gt;A szerkesztők ajánlata&lt;/p&gt;
								&lt;/div&gt;

								&lt;div class="row"&gt;
										&lt;div class="recent-work-wrap"&gt;
											&lt;div class="overlay"&gt;
												&lt;div class="recent-work-inner"&gt;
													&lt;h3&gt;&lt;a href="#"&gt;Szellemi termelési mód&lt;/a&gt; &lt;/h3&gt;
													&lt;p&gt;Kapitány Ágnes és Gábor könyve egy lehetséges új termelési mód körvonalait vázolja.&lt;/p&gt;
													&lt;a href="https://hu.wikipedia.org/wiki/Szellemi_termel%C3%A9si_m%C3%B3d"&gt;&lt;em class="fa fa-eye"&gt;&lt;/em&gt;Megnézem&lt;/a&gt;
												&lt;/div&gt;
											&lt;/div&gt;
											&lt;img src="images/recent/item1.png" alt=""&gt;
										&lt;/div&gt;
										&lt;div class="recent-work-wrap"&gt;
											&lt;div class="overlay"&gt;
												&lt;div class="recent-work-inner"&gt;
													&lt;h3&gt;&lt;a href="#"&gt;Internet filozófia&lt;/a&gt;&lt;/h3&gt;
													&lt;p&gt;A 'blogoló' a tulajdonképpeni, a teljes jogú, a teljes fegyverzetében előttünk álló hálópolgár, a kiberkultúra eminens létrehozója.&lt;/p&gt;
													&lt;a href="http://internetfilozofia.blog.hu/"&gt;&lt;em class="fa fa-eye"&gt;&lt;/em&gt;Megnézem&lt;/a&gt;
												&lt;/div&gt;
											&lt;/div&gt;
											&lt;img src="images/recent/item2.png" alt=""&gt;
										&lt;/div&gt;
										&lt;div class="recent-work-wrap"&gt;
											&lt;div class="overlay"&gt;
												&lt;div class="recent-work-inner"&gt;
													&lt;h3&gt;&lt;a href="#"&gt;Információs társadalom&lt;/a&gt;&lt;/h3&gt;
													&lt;p&gt;Wikipedia szó cikk.&lt;/p&gt;
													&lt;a href="https://hu.wikipedia.org/wiki/Inform%C3%A1ci%C3%B3s_t%C3%A1rsadalom_(fogalom)"&gt;&lt;em class="fa fa-eye"&gt;&lt;/em&gt;Megnézem&lt;/a&gt;
												&lt;/div&gt;
											&lt;/div&gt;
											&lt;img src="images/recent/item3.png" alt=""&gt;
										&lt;/div&gt;
										&lt;div class="recent-work-wrap"&gt;
											&lt;div class="overlay"&gt;
												&lt;div class="recent-work-inner"&gt;
													&lt;h3&gt;&lt;a href="#"&gt;Katedrális és bazár&lt;/a&gt;&lt;/h3&gt;
													&lt;p&gt;A "szabadszoftver" világ alapműve.&lt;/p&gt;
													&lt;a href="http://magyar-irodalom.elte.hu/robert/szovegek/bazar/"&gt;&lt;em class="fa fa-eye"&gt;&lt;/em&gt;Megnézem&lt;/a&gt;
												&lt;/div&gt;
											&lt;/div&gt;
											&lt;img src="images/recent/item4.png" alt=""&gt;
										&lt;/div&gt;
										&lt;div class="recent-work-wrap"&gt;
											&lt;div class="overlay"&gt;
												&lt;div class="recent-work-inner"&gt;
													&lt;h3&gt;&lt;a href="#"&gt;Szelid pénz&lt;/a&gt;&lt;/h3&gt;
													&lt;p&gt;Egy alternatív pénzrendszer....&lt;/p&gt;
													&lt;a href="http://edok.lib.uni-corvinus.hu/284/1/Szalay93.pdf"&gt;&lt;em class="fa fa-eye"&gt;&lt;/em&gt;Megnézem&lt;/a&gt;
												&lt;/div&gt;
											&lt;/div&gt;
											&lt;img src="images/recent/item5.png" alt=""&gt;
										&lt;/div&gt;
										&lt;div class="recent-work-wrap"&gt;
											&lt;div class="overlay"&gt;
												&lt;div class="recent-work-inner"&gt;
													&lt;h3&gt;&lt;a href="#"&gt;Likvid demokrácia&lt;/a&gt;&lt;/h3&gt;
													&lt;p&gt;A napjainkra már teljesen kiüresedett, funkcióját vesztett képviseleti demokrácia egy lehetséges utóda.&lt;/p&gt;
													&lt;a href="http://hu.alternativgazdasag.wikia.com/wiki/Likvid_demokr%C3%A1cia"&gt;&lt;em class="fa fa-eye"&gt;&lt;/em&gt;Megnézem&lt;/a&gt;
												&lt;/div&gt;
											&lt;/div&gt;
											&lt;img src="images/recent/item6.png" alt=""&gt;
										&lt;/div&gt;
										&lt;div class="recent-work-wrap"&gt;
											&lt;div class="overlay"&gt;
												&lt;div class="recent-work-inner"&gt;
													&lt;h3&gt;&lt;a href="#"&gt;Vénusz projekt&lt;/a&gt;&lt;/h3&gt;
													&lt;p&gt;Egy átfogó jövő kép...&lt;/p&gt;
													&lt;a href="https://www.youtube.com/watch?v=Uh9VxaO12zY&amp;list=PL255C39DA73A5F10B&amp;index=149"&gt;&lt;em class="fa fa-eye"&gt;&lt;/em&gt;Röviditett magyar szinkronos video&lt;/a&gt;&lt;br&gt;
													&lt;a href="https://www.youtube.com/watch?v=JcbMW5Y5HxY"&gt;&lt;em class="fa fa-eye"&gt;&lt;/em&gt;Teljes magyar feliratos video&lt;/a&gt;
												&lt;/div&gt;
											&lt;/div&gt;
											&lt;img src="images/recent/item7.png" alt=""&gt;
										&lt;/div&gt;
										&lt;div class="recent-work-wrap"&gt;
											&lt;div class="overlay"&gt;
												&lt;div class="recent-work-inner"&gt;
													&lt;h3&gt;&lt;a href="#"&gt;Feltétel nélküli alapjövedelem&lt;/a&gt;&lt;/h3&gt;
													&lt;p&gt;Ezt akár holnap megcsinálhatnánk....&lt;/p&gt;
													&lt;a href="http://alapjovedelem.hu/index.php/gyik"&gt;&lt;em class="fa fa-eye"&gt;&lt;/em&gt;Megnézem&lt;/a&gt;
												&lt;/div&gt;
											&lt;/div&gt;
											&lt;img src="images/recent/item8.png" alt=""&gt;
										&lt;/div&gt;
										&lt;div class="recent-work-wrap"&gt;
											&lt;div class="overlay"&gt;
												&lt;div class="recent-work-inner"&gt;
													&lt;h3&gt;&lt;a href="#"&gt;Alternatív gazdaság&lt;/a&gt;&lt;/h3&gt;
													&lt;p&gt;Nem a (kapitalista) piacgazdaság az egyetlen elképzelhető technológia a társadalmi munkamegosztás megszervezésére.&lt;/p&gt;
													&lt;a href="http://hu.alternativgazdasag.wikia.com/wiki/Alternat%C3%ADv_Gazdas%C3%A1g_lexikon"&gt;&lt;em class="fa fa-eye"&gt;&lt;/em&gt;Megnézem&lt;/a&gt;
												&lt;/div&gt;
											&lt;/div&gt;
											&lt;img src="images/recent/finger-3139200_640.jpg" alt=""&gt;
										&lt;/div&gt;
										&lt;div class="recent-work-wrap"&gt;
											&lt;div class="overlay"&gt;
												&lt;div class="recent-work-inner"&gt;
													&lt;h3&gt;&lt;a href="#"&gt;Megosztás alapú gazdaság&lt;/a&gt;&lt;/h3&gt;
													&lt;h4&gt;Ez is egy komcepció...&lt;/h4&gt;
													&lt;a href="https://medium.com/envienta-magyarorsz%C3%A1g/envienta-%C3%BAtban-egy-%C3%BAj-t%C3%A1rsadalom-fel%C3%A9-43e6b72c3a2c"&gt;&lt;em class="fa fa-eye"&gt;&lt;/em&gt;Megnézem&lt;/a&gt;
												&lt;/div&gt;
											&lt;/div&gt;
											&lt;img src="images/recent/human-1157116_640.jpg" alt=""&gt;
										&lt;/div&gt;
								&lt;/div&gt;&lt;!--/.row--&gt;
						&lt;/div&gt;&lt;!--/#recent-works--&gt;  			
			   
        	          &lt;/div&gt;&lt;!-- #scope --&gt;
		   
      	&lt;div id="footer"&gt;  
      	&lt;p&gt;
			&lt;a href="MYDOMAIN/opt/impresszum/show" target="_self"&gt;
				&lt;em class="fa fa-pencil"&gt;&lt;/em&gt;&amp;nbsp;IMPRESSUM&lt;/a&gt;&amp;nbsp;&amp;nbsp;&amp;nbsp;      
			&lt;a href="MYDOMAIN/opt/adatkezeles/show" target="_self"&gt;
				&lt;em class="fa fa-lock"&gt;&lt;/em&gt;&amp;nbsp;DATAPROCESS&lt;/a&gt;&amp;nbsp;&amp;nbsp;&amp;nbsp;      
			&lt;a href="https://gnu.hu/gplv3.html" target="_self"&gt;
				&lt;em class="fa fa-copyright"&gt;&lt;/em&gt;&amp;nbsp;LICENCE: GNU/GPL&lt;/a&gt;&amp;nbsp;&amp;nbsp;&amp;nbsp;      
			&lt;a href="https://github.com/utopszkij/uklogin" target="_self"&gt;
				&lt;em class="fa fa-code"&gt;&lt;/em&gt;&amp;nbsp;SOURCE&lt;/a&gt;&amp;nbsp;&amp;nbsp;&amp;nbsp;   
			&lt;a href="http://robitc/netpolgar/opt/issu/form" target="_self"&gt;
				&lt;em class="fa fa-bug"&gt;&lt;/em&gt;&amp;nbsp;BUGMSG&lt;/a&gt;&amp;nbsp;&amp;nbsp;&amp;nbsp;   
      	&lt;/p&gt;   
		&lt;p&gt;SWRESOURCE:			
				&lt;a href="https://www.php.net/manual/en/index.php" target="_self"&gt;php&lt;/a&gt;&amp;nbsp;
				&lt;a href="https://fontawesome.com/icons?d=gallery" target="_self"&gt;fontAwesome&lt;/a&gt;&amp;nbsp;
				&lt;a href="https://www.w3schools.com/css/" target="_self"&gt;css&lt;/a&gt;&amp;nbsp;
				&lt;a href="https://getbootstrap.com/" target="_self"&gt;bootstrap&lt;/a&gt;&amp;nbsp;
				&lt;a href="https://jquery.com/" target="_self"&gt;Jquery&lt;/a&gt;&amp;nbsp;
				&lt;a href="https://angularjs.org/" target="_self"&gt;AngularJs&lt;/a&gt;&amp;nbsp;
				&lt;a href="https://www.fpdf.org" target="_self"&gt;fpdf&lt;/a&gt;&amp;nbsp;
				&lt;a href="https://github.com/smalot/pdfparser" target="_self"&gt;smalot&lt;/a&gt;&amp;nbsp;
				&lt;a href="https://github.com/tan-tan-kanarek/github-php-client"&gt;
					tan-tan-kanarek_github_kliens
				&lt;/a&gt;&amp;nbsp;
				&lt;a href="https://github.com/jonmiles/bootstrap-treeview" target="_self"&gt;
					bootsrap-treeview
				&lt;/a&gt;
		&lt;/p&gt;
		&lt;p&gt;Teszteléshez: phpunit&amp;nbsp;mocha&amp;nbsp;sonar-cloud&amp;nbsp;&lt;/p&gt;
		&lt;/div&gt;
                    &lt;div id="cookieEnable" 
            	 style="position:fixed; z-index:99; width:100%; height:auto; left:0px; bottom:0px; background-color:#c0f0c0; opacity: 0.8; padding:2px; margin:0px;"&gt;
             	&lt;p style="margin:0px; padding:0px; text-align:right"&gt;A rendszer használatához engedélyeznie kell egy munkamenet cookie használatát.
                 	&amp;nbsp;Lásd: &lt;a href="index.php/opt/adatkezeles/show" target="_new"&gt;Adatkezelési leírás&lt;/a&gt;
    				&lt;a class="btn btn-primary" target="_self"
    				  href="index.php?cookieenabled=1"&gt;Engedélyezem
    				&lt;/a&gt;
				&lt;/p&gt;
            &lt;/div&gt;
                       &lt;scryp&gt;user={"id":0,"nick":"guest","pswhash":"","enabled":1,"errorcount":0,"block_time":"","name":"","email":"","avatar":"","reg_mode":"","code":""};
userAdmin=false;
avatarUrl="";
option="default";
&lt;/scrypt&gt;        &lt;/body&gt;
        &lt;/html&gt;
        </system-out>
      </testcase>
    </testsuite>
    <testsuite name="groupsControllerTest" file="/var/www/html/netpolgar/tests/groups_controller_Test.php" tests="14" assertions="14" errors="0" failures="0" skipped="0" time="0.538264">
      <testcase name="test_start" class="groupsControllerTest" classname="groupsControllerTest" file="/var/www/html/netpolgar/tests/groups_controller_Test.php" line="29" assertions="1" time="0.000708"/>
      <testcase name="test_save_ok" class="groupsControllerTest" classname="groupsControllerTest" file="/var/www/html/netpolgar/tests/groups_controller_Test.php" line="36" assertions="1" time="0.292266"/>
      <testcase name="test_save_checkerror1" class="groupsControllerTest" classname="groupsControllerTest" file="/var/www/html/netpolgar/tests/groups_controller_Test.php" line="71" assertions="1" time="0.020129"/>
      <testcase name="test_save_checkerror2" class="groupsControllerTest" classname="groupsControllerTest" file="/var/www/html/netpolgar/tests/groups_controller_Test.php" line="99" assertions="1" time="0.011004"/>
      <testcase name="test_save_NUMERROR" class="groupsControllerTest" classname="groupsControllerTest" file="/var/www/html/netpolgar/tests/groups_controller_Test.php" line="127" assertions="1" time="0.042336"/>
      <testcase name="test_list" class="groupsControllerTest" classname="groupsControllerTest" file="/var/www/html/netpolgar/tests/groups_controller_Test.php" line="156" assertions="1" time="0.006676"/>
      <testcase name="test_groupform_ok" class="groupsControllerTest" classname="groupsControllerTest" file="/var/www/html/netpolgar/tests/groups_controller_Test.php" line="165" assertions="1" time="0.076385"/>
      <testcase name="test_groupform_notfound" class="groupsControllerTest" classname="groupsControllerTest" file="/var/www/html/netpolgar/tests/groups_controller_Test.php" line="185" assertions="1" time="0.003708"/>
      <testcase name="test_groupform_rootGroup" class="groupsControllerTest" classname="groupsControllerTest" file="/var/www/html/netpolgar/tests/groups_controller_Test.php" line="205" assertions="1" time="0.004979"/>
      <testcase name="test_add_ok" class="groupsControllerTest" classname="groupsControllerTest" file="/var/www/html/netpolgar/tests/groups_controller_Test.php" line="221" assertions="1" time="0.004546"/>
      <testcase name="test_add_notadmin" class="groupsControllerTest" classname="groupsControllerTest" file="/var/www/html/netpolgar/tests/groups_controller_Test.php" line="237" assertions="1" time="0.002644"/>
      <testcase name="test_remove" class="groupsControllerTest" classname="groupsControllerTest" file="/var/www/html/netpolgar/tests/groups_controller_Test.php" line="252" assertions="1" time="0.003337"/>
      <testcase name="test_doremove" class="groupsControllerTest" classname="groupsControllerTest" file="/var/www/html/netpolgar/tests/groups_controller_Test.php" line="272" assertions="1" time="0.037989"/>
      <testcase name="test_end" class="groupsControllerTest" classname="groupsControllerTest" file="/var/www/html/netpolgar/tests/groups_controller_Test.php" line="293" assertions="1" time="0.031557"/>
    </testsuite>
    <testsuite name="impresszumControllerTest" file="/var/www/html/netpolgar/tests/impresszum_controller_Test.php" tests="2" assertions="2" errors="0" failures="0" skipped="0" time="0.007031">
      <testcase name="test_start" class="impresszumControllerTest" classname="impresszumControllerTest" file="/var/www/html/netpolgar/tests/impresszum_controller_Test.php" line="28" assertions="1" time="0.001705"/>
      <testcase name="test_show" class="impresszumControllerTest" classname="impresszumControllerTest" file="/var/www/html/netpolgar/tests/impresszum_controller_Test.php" line="35" assertions="1" time="0.005326">
        <system-out>	
        &lt;body ng-app="app"&gt;
          &lt;div ng-controller="ctrl" id="scope" style="display:block; padding:20px;"&gt;
			                    &lt;nav class="navbar navbar-expand-lg navbar-light bg-light"&gt;
          &lt;button class="navbar-toggler" type="button" data-toggle="collapse" data-target="#navbarSupportedContent" aria-controls="navbarSupportedContent" aria-expanded="false" aria-label="Toggle navigation"&gt;
            &lt;span class="navbar-toggler-icon"&gt;&lt;/span&gt;
          &lt;/button&gt;
        
          &lt;div class="collapse navbar-collapse" id="navbarSupportedContent"&gt;
            &lt;ul class="navbar-nav mr-auto"&gt;
              &lt;li class="nav-item active homeMenuItem"&gt;
                &lt;a class="nav-link" href="http://robitc/netpolgar" target="_self"&gt;
                	&lt;img src="favicon.png" alt="favicon"/&gt;
                	netpolgar  
                &lt;/a&gt;
              &lt;/li&gt;
              &lt;li class="nav-item dropdown"&gt;
                &lt;a class="nav-link dropdown-toggle" 
                	href="#" id="navbarDropdown"  target="_self" 
                	role="button" data-toggle="dropdown" aria-haspopup="true" aria-expanded="false"&gt;
                  &lt;em class="fa fa-cog"&gt;&lt;/em&gt;{{txt('SETUP')}}
                &lt;/a&gt;
                &lt;div class="dropdown-menu" aria-labelledby="navbarDropdown"&gt;
                  &lt;a class="dropdown-item" 
                  	href="{{MYDOMAIN}}/opt/groups/list/parentid/0/userid/0" target="_self"&gt;
                  	{{txt('GROUPS')}}&lt;/a&gt;
                  &lt;a class="dropdown-item" href="#" target="_self"&gt;{{txt('CATEGORIES')}}&lt;/a&gt;
                  &lt;a class="dropdown-item" href="#" target="_self"&gt;{{txt('USERGROUPS')}}&lt;/a&gt;
                  &lt;a class="dropdown-item" ng-if="(userAdmin)" 
                  	href="http://robitc/netpolgar/opt/users/list" target="_self" &gt;
                  	{{txt('USERS')}}
                  &lt;/a&gt;
                &lt;/div&gt;
              &lt;/li&gt;
              &lt;li class="nav-item dropdown"&gt;
                &lt;a class="nav-link dropdown-toggle" 
                   href="#" id="navbarDropdown"  target="_self"
                   role="button" data-toggle="dropdown" aria-haspopup="true" aria-expanded="false"&gt;
                  &lt;em class="fa fa-wrench"&gt;&lt;/em&gt;{{txt('PROJECTS')}}
                &lt;/a&gt;
                &lt;div class="dropdown-menu" aria-labelledby="navbarDropdown"&gt;
                  &lt;a class="dropdown-item" href="#" target="_self"&gt;{{txt('ACTIVE')}}&lt;/a&gt;
                  &lt;a class="dropdown-item" href="#" target="_self"&gt;{{txt('CLOSED')}}&lt;/a&gt;
                  &lt;a class="dropdown-item" href="#" target="_self"&gt;{{txt('DRAFT')}}&lt;/a&gt;
                &lt;/div&gt;
              &lt;/li&gt;
              &lt;li class="nav-item dropdown"&gt;
                &lt;a class="nav-link dropdown-toggle" 
                  href="#" id="navbarDropdown" target="_self"
                  role="button" data-toggle="dropdown" aria-haspopup="true" aria-expanded="false"&gt;
                  &lt;em class="fa fa-shopping-cart"&gt;&lt;/em&gt;{{txt('MARKET')}}
                &lt;/a&gt;
                &lt;div class="dropdown-menu" aria-labelledby="navbarDropdown"&gt;
                  &lt;a class="dropdown-item" href="#" target="_self"&gt;{{txt('OFFER')}}&lt;/a&gt;
                  &lt;a class="dropdown-item" href="#" target="_self"&gt;{{txt('DEMAND')}}&lt;/a&gt;
                  &lt;a class="dropdown-item" href="#" target="_self"&gt;{{txt('TRANSACTIONS')}}&lt;/a&gt;
                &lt;/div&gt;
              &lt;/li&gt;
              &lt;li class="nav-item active"&gt;
                &lt;a class="nav-link" href="#" target="_self"&gt;
                	&lt;em class="fa fa-file"&gt;&lt;/em&gt;{{txt('DOCS')}}  
                &lt;/a&gt;
              &lt;/li&gt;
              &lt;li class="nav-item dropdown"&gt;
                &lt;a class="nav-link dropdown-toggle" 
                  href="#" id="navbarDropdown"  target="_self"
                  role="button" data-toggle="dropdown" aria-haspopup="true" aria-expanded="false"&gt;
                  &lt;em class="fa fa-comments"&gt;&lt;/em&gt;{{txt('DISPUTES')}}
                &lt;/a&gt;
                &lt;div class="dropdown-menu" aria-labelledby="navbarDropdown"&gt;
                  &lt;a class="dropdown-item" href="#" target="_self"&gt;{{txt('CHATS')}}&lt;/a&gt;
                  &lt;a class="dropdown-item" href="#" target="_self"&gt;{{txt('POLLS')}}&lt;/a&gt;
                  &lt;a class="dropdown-item" href="#" target="_self"&gt;{{txt('DECISIONS')}}&lt;/a&gt;
                  &lt;a class="dropdown-item" href="#" target="_self"&gt;{{txt('MESSAGES')}}&lt;/a&gt;
                &lt;/div&gt;
              &lt;/li&gt;
              &lt;li class="nav-item dropdown"&gt;
                &lt;a class="nav-link dropdown-toggle" href="#" target="_self" id="navbarDropdown" role="button" data-toggle="dropdown" aria-haspopup="true" aria-expanded="false"&gt;
                  &lt;em class="fa fa-calendar"&gt;&lt;/em&gt;{{txt('EVENTS')}}
                &lt;/a&gt;
                &lt;div class="dropdown-menu" aria-labelledby="navbarDropdown"&gt;
                  &lt;a class="dropdown-item" href="#" target="_self"&gt;{{txt('FOLLOWS')}}&lt;/a&gt;
                  &lt;a class="dropdown-item" href="#" target="_self"&gt;{{txt('OLDS')}}&lt;/a&gt;
                  &lt;a class="dropdown-item" href="#" target="_self"&gt;{{txt('ALL')}}&lt;/a&gt;
                &lt;/div&gt;
              &lt;/li&gt;
              &lt;li class="nav-item dropdown userMenuItem" ng-if="user.nick != 'guest'"&gt;
                &lt;a class="nav-link dropdown-toggle" href="#" target="_self" id="navbarDropdown" role="button" data-toggle="dropdown" aria-haspopup="true" aria-expanded="false"&gt;
                  &lt;em ng-if="user.avatar == ''" class="fa fa-user"&gt;&lt;/em&gt;
                  &lt;strong&gt;{{user.nick}}&lt;/strong&gt;
                  &lt;img ng-if="avatarUrl != ''" src="{{avatarUrl}}" alt="avatar" /&gt;
                &lt;/a&gt;
                &lt;div class="dropdown-menu" aria-labelledby="navbarDropdown"&gt;
                  &lt;a class="dropdown-item" href="http://robitc/netpolgar/opt/users/profile" target="_self"
                  	 target="_self"&gt;{{txt('MYDATA')}}&lt;/a&gt;
                  &lt;a class="dropdown-item" 
                     target="_self" href="http://robitc/netpolgar/opt/users/removeaccount"&gt;{{txt('REMOVE_ACCOUNT')}}&lt;/a&gt;
                  &lt;a class="dropdown-item" href="http://robitc/netpolgar/opt/users/logout" target="_self"&gt;{{txt('LOGOUT')}}&lt;/a&gt;
                &lt;/div&gt;
              &lt;/li&gt;
              &lt;li class="nav-item active userMenuItem" ng-if="user.nick == 'guest'"&gt;
                &lt;a class="nav-link" href="http://robitc/netpolgar/opt/users/login" 
                    target="_self"&gt;
                	&lt;em class="fa fa-sign-in-alt"&gt;&lt;/em&gt;{{txt('LOGIN')}}  
                &lt;/a&gt;
              &lt;/li&gt;
              &lt;li class="nav-item active"&gt;
                &lt;a class="nav-link" href="http://robitc/netpolgar/opt/users/regist" target="_self"&gt;
                	&lt;em class="fa fa-key"&gt;&lt;/em&gt;{{txt('REGIST')}}  
                &lt;/a&gt;
              &lt;/li&gt;
            &lt;/ul&gt;
          &lt;/div&gt;
        &lt;/nav&gt;
		          	&lt;h2&gt;Impresszum&lt;/h2&gt;
          	&lt;p&gt;A szoftver teljes egészében önkéntes munkával, grátisz lett kifejlesztve.
          	A rendszer üzemeltetése is ilyen formában van megoldva.
          	&lt;/p&gt;
          	&lt;p&gt;
          	A szoftver az 
          	&lt;a href="https://www.facebook.com/groups/edemomakers/"&gt;
          		informatikusok az e-demokráciáért
          	&lt;/a&gt; facebbok csoport támogatásával Fogler Tibor fejlesztette ki és üzemelteti.
          	&lt;/p&gt;
          	&lt;p&gt;e-mail: tibor.fogler@gmail.com&lt;/p&gt;
          	&lt;p&gt;web: &lt;a href="https://github.com/utopszkij"&gt;github.com/utopszkij&lt;/a&gt;&lt;br /&gt;
          	&lt;a href="https://www.facebook.com/utopszkij.almodozo"&gt;facebook.com/utopszkij.almodozo&lt;/a&gt;
          	&lt;/p&gt;
          	&lt;p&gt;Licensz: GNU/GPL&lt;/p&gt;
          	&lt;p&gt;
          	A szoftvert mindenki saját felelőségére használhatja, a szoftver használata során az esetleges szoftver hibák által
          	okozott esetleges károkért a fejlesztő semminemű felelőséget nem vállal, még akkor sem ha a hibáról tudomása lehetett.
          	&lt;/p&gt;
          	&lt;p&gt;
          	A szoftver üzemeltetése teljes egészében adományokból van finanszírozva. Ha adományok nem érkeznek, akkor
          	sajnos anyagi lehetőségek hiányában a rendszer üzemeltetése leáll. :(
          	&lt;/p&gt;
          	&lt;p style="text-align:center"&gt;
          		&lt;a href="index.php/opt/adomany/show" target="_self"&gt;Adományozás&lt;/a&gt;
          	&lt;/p&gt;
	      &lt;/div&gt;&lt;!-- #scope --&gt;
		   
      	&lt;div id="footer"&gt;  
      	&lt;p&gt;
			&lt;a href="MYDOMAIN/opt/impresszum/show" target="_self"&gt;
				&lt;em class="fa fa-pencil"&gt;&lt;/em&gt;&amp;nbsp;IMPRESSUM&lt;/a&gt;&amp;nbsp;&amp;nbsp;&amp;nbsp;      
			&lt;a href="MYDOMAIN/opt/adatkezeles/show" target="_self"&gt;
				&lt;em class="fa fa-lock"&gt;&lt;/em&gt;&amp;nbsp;DATAPROCESS&lt;/a&gt;&amp;nbsp;&amp;nbsp;&amp;nbsp;      
			&lt;a href="https://gnu.hu/gplv3.html" target="_self"&gt;
				&lt;em class="fa fa-copyright"&gt;&lt;/em&gt;&amp;nbsp;LICENCE: GNU/GPL&lt;/a&gt;&amp;nbsp;&amp;nbsp;&amp;nbsp;      
			&lt;a href="https://github.com/utopszkij/uklogin" target="_self"&gt;
				&lt;em class="fa fa-code"&gt;&lt;/em&gt;&amp;nbsp;SOURCE&lt;/a&gt;&amp;nbsp;&amp;nbsp;&amp;nbsp;   
			&lt;a href="http://robitc/netpolgar/opt/issu/form" target="_self"&gt;
				&lt;em class="fa fa-bug"&gt;&lt;/em&gt;&amp;nbsp;BUGMSG&lt;/a&gt;&amp;nbsp;&amp;nbsp;&amp;nbsp;   
      	&lt;/p&gt;   
		&lt;p&gt;SWRESOURCE:			
				&lt;a href="https://www.php.net/manual/en/index.php" target="_self"&gt;php&lt;/a&gt;&amp;nbsp;
				&lt;a href="https://fontawesome.com/icons?d=gallery" target="_self"&gt;fontAwesome&lt;/a&gt;&amp;nbsp;
				&lt;a href="https://www.w3schools.com/css/" target="_self"&gt;css&lt;/a&gt;&amp;nbsp;
				&lt;a href="https://getbootstrap.com/" target="_self"&gt;bootstrap&lt;/a&gt;&amp;nbsp;
				&lt;a href="https://jquery.com/" target="_self"&gt;Jquery&lt;/a&gt;&amp;nbsp;
				&lt;a href="https://angularjs.org/" target="_self"&gt;AngularJs&lt;/a&gt;&amp;nbsp;
				&lt;a href="https://www.fpdf.org" target="_self"&gt;fpdf&lt;/a&gt;&amp;nbsp;
				&lt;a href="https://github.com/smalot/pdfparser" target="_self"&gt;smalot&lt;/a&gt;&amp;nbsp;
				&lt;a href="https://github.com/tan-tan-kanarek/github-php-client"&gt;
					tan-tan-kanarek_github_kliens
				&lt;/a&gt;&amp;nbsp;
				&lt;a href="https://github.com/jonmiles/bootstrap-treeview" target="_self"&gt;
					bootsrap-treeview
				&lt;/a&gt;
		&lt;/p&gt;
		&lt;p&gt;Teszteléshez: phpunit&amp;nbsp;mocha&amp;nbsp;sonar-cloud&amp;nbsp;&lt;/p&gt;
		&lt;/div&gt;
                    &lt;div id="cookieEnable" 
            	 style="position:fixed; z-index:99; width:100%; height:auto; left:0px; bottom:0px; background-color:#c0f0c0; opacity: 0.8; padding:2px; margin:0px;"&gt;
             	&lt;p style="margin:0px; padding:0px; text-align:right"&gt;A rendszer használatához engedélyeznie kell egy munkamenet cookie használatát.
                 	&amp;nbsp;Lásd: &lt;a href="index.php/opt/adatkezeles/show" target="_new"&gt;Adatkezelési leírás&lt;/a&gt;
    				&lt;a class="btn btn-primary" target="_self"
    				  href="index.php?cookieenabled=1"&gt;Engedélyezem
    				&lt;/a&gt;
				&lt;/p&gt;
            &lt;/div&gt;
             		  &lt;scryp&gt;user={"id":0,"nick":"guest","pswhash":"","enabled":1,"errorcount":0,"block_time":"","name":"","email":"","avatar":"","reg_mode":"","code":""};
userAdmin=false;
avatarUrl="";
&lt;/scrypt&gt;        &lt;/body&gt;
        &lt;/html&gt;
        </system-out>
      </testcase>
    </testsuite>
    <testsuite name="IssuControllerTest" file="/var/www/html/netpolgar/tests/issu_controller_Test.php" tests="4" assertions="4" errors="0" failures="0" skipped="0" time="0.011015">
      <testcase name="test_start" class="IssuControllerTest" classname="IssuControllerTest" file="/var/www/html/netpolgar/tests/issu_controller_Test.php" line="28" assertions="1" time="0.000724"/>
      <testcase name="test_form" class="IssuControllerTest" classname="IssuControllerTest" file="/var/www/html/netpolgar/tests/issu_controller_Test.php" line="35" assertions="1" time="0.002533"/>
      <testcase name="test_send_error" class="IssuControllerTest" classname="IssuControllerTest" file="/var/www/html/netpolgar/tests/issu_controller_Test.php" line="40" assertions="1" time="0.002359"/>
      <testcase name="test_send_ok" class="IssuControllerTest" classname="IssuControllerTest" file="/var/www/html/netpolgar/tests/issu_controller_Test.php" line="49" assertions="1" time="0.005399"/>
    </testsuite>
    <testsuite name="LikeControllerTest" file="/var/www/html/netpolgar/tests/like_controller_Test.php" tests="6" assertions="6" errors="0" failures="0" skipped="0" time="0.021734">
      <testcase name="test_start" class="LikeControllerTest" classname="LikeControllerTest" file="/var/www/html/netpolgar/tests/like_controller_Test.php" line="28" assertions="1" time="0.000704"/>
      <testcase name="test_show" class="LikeControllerTest" classname="LikeControllerTest" file="/var/www/html/netpolgar/tests/like_controller_Test.php" line="35" assertions="1" time="0.002397"/>
      <testcase name="test_list" class="LikeControllerTest" classname="LikeControllerTest" file="/var/www/html/netpolgar/tests/like_controller_Test.php" line="40" assertions="1" time="0.002986"/>
      <testcase name="test_likesow" class="LikeControllerTest" classname="LikeControllerTest" file="/var/www/html/netpolgar/tests/like_controller_Test.php" line="45" assertions="1" time="0.003627"/>
      <testcase name="test_likeupclick" class="LikeControllerTest" classname="LikeControllerTest" file="/var/www/html/netpolgar/tests/like_controller_Test.php" line="52" assertions="1" time="0.005073"/>
      <testcase name="test_likedownclick" class="LikeControllerTest" classname="LikeControllerTest" file="/var/www/html/netpolgar/tests/like_controller_Test.php" line="59" assertions="1" time="0.006947"/>
    </testsuite>
    <testsuite name="readmeControllerTest" file="/var/www/html/netpolgar/tests/readme_controller_Test.php" tests="2" assertions="2" errors="0" failures="0" skipped="0" time="0.012621">
      <testcase name="test_start" class="readmeControllerTest" classname="readmeControllerTest" file="/var/www/html/netpolgar/tests/readme_controller_Test.php" line="28" assertions="1" time="0.000866"/>
      <testcase name="test_show" class="readmeControllerTest" classname="readmeControllerTest" file="/var/www/html/netpolgar/tests/readme_controller_Test.php" line="35" assertions="1" time="0.011755">
        <system-out>	    &lt;body ng-app="app"&gt;
         &lt;div ng-controller="ctrl" id="scope" style="display:none"&gt;
				    	        &lt;nav class="navbar navbar-expand-lg navbar-light bg-light"&gt;
          &lt;button class="navbar-toggler" type="button" data-toggle="collapse" data-target="#navbarSupportedContent" aria-controls="navbarSupportedContent" aria-expanded="false" aria-label="Toggle navigation"&gt;
            &lt;span class="navbar-toggler-icon"&gt;&lt;/span&gt;
          &lt;/button&gt;
        
          &lt;div class="collapse navbar-collapse" id="navbarSupportedContent"&gt;
            &lt;ul class="navbar-nav mr-auto"&gt;
              &lt;li class="nav-item active homeMenuItem"&gt;
                &lt;a class="nav-link" href="http://robitc/netpolgar" target="_self"&gt;
                	&lt;img src="favicon.png" alt="favicon"/&gt;
                	netpolgar  
                &lt;/a&gt;
              &lt;/li&gt;
              &lt;li class="nav-item dropdown"&gt;
                &lt;a class="nav-link dropdown-toggle" 
                	href="#" id="navbarDropdown"  target="_self" 
                	role="button" data-toggle="dropdown" aria-haspopup="true" aria-expanded="false"&gt;
                  &lt;em class="fa fa-cog"&gt;&lt;/em&gt;{{txt('SETUP')}}
                &lt;/a&gt;
                &lt;div class="dropdown-menu" aria-labelledby="navbarDropdown"&gt;
                  &lt;a class="dropdown-item" 
                  	href="{{MYDOMAIN}}/opt/groups/list/parentid/0/userid/0" target="_self"&gt;
                  	{{txt('GROUPS')}}&lt;/a&gt;
                  &lt;a class="dropdown-item" href="#" target="_self"&gt;{{txt('CATEGORIES')}}&lt;/a&gt;
                  &lt;a class="dropdown-item" href="#" target="_self"&gt;{{txt('USERGROUPS')}}&lt;/a&gt;
                  &lt;a class="dropdown-item" ng-if="(userAdmin)" 
                  	href="http://robitc/netpolgar/opt/users/list" target="_self" &gt;
                  	{{txt('USERS')}}
                  &lt;/a&gt;
                &lt;/div&gt;
              &lt;/li&gt;
              &lt;li class="nav-item dropdown"&gt;
                &lt;a class="nav-link dropdown-toggle" 
                   href="#" id="navbarDropdown"  target="_self"
                   role="button" data-toggle="dropdown" aria-haspopup="true" aria-expanded="false"&gt;
                  &lt;em class="fa fa-wrench"&gt;&lt;/em&gt;{{txt('PROJECTS')}}
                &lt;/a&gt;
                &lt;div class="dropdown-menu" aria-labelledby="navbarDropdown"&gt;
                  &lt;a class="dropdown-item" href="#" target="_self"&gt;{{txt('ACTIVE')}}&lt;/a&gt;
                  &lt;a class="dropdown-item" href="#" target="_self"&gt;{{txt('CLOSED')}}&lt;/a&gt;
                  &lt;a class="dropdown-item" href="#" target="_self"&gt;{{txt('DRAFT')}}&lt;/a&gt;
                &lt;/div&gt;
              &lt;/li&gt;
              &lt;li class="nav-item dropdown"&gt;
                &lt;a class="nav-link dropdown-toggle" 
                  href="#" id="navbarDropdown" target="_self"
                  role="button" data-toggle="dropdown" aria-haspopup="true" aria-expanded="false"&gt;
                  &lt;em class="fa fa-shopping-cart"&gt;&lt;/em&gt;{{txt('MARKET')}}
                &lt;/a&gt;
                &lt;div class="dropdown-menu" aria-labelledby="navbarDropdown"&gt;
                  &lt;a class="dropdown-item" href="#" target="_self"&gt;{{txt('OFFER')}}&lt;/a&gt;
                  &lt;a class="dropdown-item" href="#" target="_self"&gt;{{txt('DEMAND')}}&lt;/a&gt;
                  &lt;a class="dropdown-item" href="#" target="_self"&gt;{{txt('TRANSACTIONS')}}&lt;/a&gt;
                &lt;/div&gt;
              &lt;/li&gt;
              &lt;li class="nav-item active"&gt;
                &lt;a class="nav-link" href="#" target="_self"&gt;
                	&lt;em class="fa fa-file"&gt;&lt;/em&gt;{{txt('DOCS')}}  
                &lt;/a&gt;
              &lt;/li&gt;
              &lt;li class="nav-item dropdown"&gt;
                &lt;a class="nav-link dropdown-toggle" 
                  href="#" id="navbarDropdown"  target="_self"
                  role="button" data-toggle="dropdown" aria-haspopup="true" aria-expanded="false"&gt;
                  &lt;em class="fa fa-comments"&gt;&lt;/em&gt;{{txt('DISPUTES')}}
                &lt;/a&gt;
                &lt;div class="dropdown-menu" aria-labelledby="navbarDropdown"&gt;
                  &lt;a class="dropdown-item" href="#" target="_self"&gt;{{txt('CHATS')}}&lt;/a&gt;
                  &lt;a class="dropdown-item" href="#" target="_self"&gt;{{txt('POLLS')}}&lt;/a&gt;
                  &lt;a class="dropdown-item" href="#" target="_self"&gt;{{txt('DECISIONS')}}&lt;/a&gt;
                  &lt;a class="dropdown-item" href="#" target="_self"&gt;{{txt('MESSAGES')}}&lt;/a&gt;
                &lt;/div&gt;
              &lt;/li&gt;
              &lt;li class="nav-item dropdown"&gt;
                &lt;a class="nav-link dropdown-toggle" href="#" target="_self" id="navbarDropdown" role="button" data-toggle="dropdown" aria-haspopup="true" aria-expanded="false"&gt;
                  &lt;em class="fa fa-calendar"&gt;&lt;/em&gt;{{txt('EVENTS')}}
                &lt;/a&gt;
                &lt;div class="dropdown-menu" aria-labelledby="navbarDropdown"&gt;
                  &lt;a class="dropdown-item" href="#" target="_self"&gt;{{txt('FOLLOWS')}}&lt;/a&gt;
                  &lt;a class="dropdown-item" href="#" target="_self"&gt;{{txt('OLDS')}}&lt;/a&gt;
                  &lt;a class="dropdown-item" href="#" target="_self"&gt;{{txt('ALL')}}&lt;/a&gt;
                &lt;/div&gt;
              &lt;/li&gt;
              &lt;li class="nav-item dropdown userMenuItem" ng-if="user.nick != 'guest'"&gt;
                &lt;a class="nav-link dropdown-toggle" href="#" target="_self" id="navbarDropdown" role="button" data-toggle="dropdown" aria-haspopup="true" aria-expanded="false"&gt;
                  &lt;em ng-if="user.avatar == ''" class="fa fa-user"&gt;&lt;/em&gt;
                  &lt;strong&gt;{{user.nick}}&lt;/strong&gt;
                  &lt;img ng-if="avatarUrl != ''" src="{{avatarUrl}}" alt="avatar" /&gt;
                &lt;/a&gt;
                &lt;div class="dropdown-menu" aria-labelledby="navbarDropdown"&gt;
                  &lt;a class="dropdown-item" href="http://robitc/netpolgar/opt/users/profile" target="_self"
                  	 target="_self"&gt;{{txt('MYDATA')}}&lt;/a&gt;
                  &lt;a class="dropdown-item" 
                     target="_self" href="http://robitc/netpolgar/opt/users/removeaccount"&gt;{{txt('REMOVE_ACCOUNT')}}&lt;/a&gt;
                  &lt;a class="dropdown-item" href="http://robitc/netpolgar/opt/users/logout" target="_self"&gt;{{txt('LOGOUT')}}&lt;/a&gt;
                &lt;/div&gt;
              &lt;/li&gt;
              &lt;li class="nav-item active userMenuItem" ng-if="user.nick == 'guest'"&gt;
                &lt;a class="nav-link" href="http://robitc/netpolgar/opt/users/login" 
                    target="_self"&gt;
                	&lt;em class="fa fa-sign-in-alt"&gt;&lt;/em&gt;{{txt('LOGIN')}}  
                &lt;/a&gt;
              &lt;/li&gt;
              &lt;li class="nav-item active"&gt;
                &lt;a class="nav-link" href="http://robitc/netpolgar/opt/users/regist" target="_self"&gt;
                	&lt;em class="fa fa-key"&gt;&lt;/em&gt;{{txt('REGIST')}}  
                &lt;/a&gt;
              &lt;/li&gt;
            &lt;/ul&gt;
          &lt;/div&gt;
        &lt;/nav&gt;
					&lt;div ng-controller="ctrl" id="scope" class="readme" style="display:block;"&gt;
[...]
		&lt;/div&gt;
                    &lt;div id="cookieEnable" 
            	 style="position:fixed; z-index:99; width:100%; height:auto; left:0px; bottom:0px; background-color:#c0f0c0; opacity: 0.8; padding:2px; margin:0px;"&gt;
             	&lt;p style="margin:0px; padding:0px; text-align:right"&gt;A rendszer használatához engedélyeznie kell egy munkamenet cookie használatát.
                 	&amp;nbsp;Lásd: &lt;a href="index.php/opt/adatkezeles/show" target="_new"&gt;Adatkezelési leírás&lt;/a&gt;
    				&lt;a class="btn btn-primary" target="_self"
    				  href="index.php?cookieenabled=1"&gt;Engedélyezem
    				&lt;/a&gt;
				&lt;/p&gt;
            &lt;/div&gt;
             			&lt;scryp&gt;user={"id":0,"nick":"guest","pswhash":"","enabled":1,"errorcount":0,"block_time":"","name":"","email":"","avatar":"","reg_mode":"","code":""};
userAdmin=false;
avatarUrl="";
&lt;/scrypt&gt;		  &lt;/div&gt;	
	    &lt;/body&gt;
	    &lt;/html&gt;	
	    </system-out>
      </testcase>
    </testsuite>
    <testsuite name="userstControllerTest" file="/var/www/html/netpolgar/tests/users_controller_Test.php" tests="34" assertions="34" errors="0" failures="0" skipped="0" time="1.113949">
      <testcase name="test_start" class="userstControllerTest" classname="userstControllerTest" file="/var/www/html/netpolgar/tests/users_controller_Test.php" line="28" assertions="1" time="0.000926"/>
      <testcase name="test_regist" class="userstControllerTest" classname="userstControllerTest" file="/var/www/html/netpolgar/tests/users_controller_Test.php" line="41" assertions="1" time="0.006057"/>
      <testcase name="test_nick_empty" class="userstControllerTest" classname="userstControllerTest" file="/var/www/html/netpolgar/tests/users_controller_Test.php" line="46" assertions="1" time="0.008700"/>
      <testcase name="test_email_empty" class="userstControllerTest" classname="userstControllerTest" file="/var/www/html/netpolgar/tests/users_controller_Test.php" line="64" assertions="1" time="0.004573"/>
      <testcase name="test_add_psw_empty" class="userstControllerTest" classname="userstControllerTest" file="/var/www/html/netpolgar/tests/users_controller_Test.php" line="82" assertions="1" time="0.004672"/>
      <testcase name="test_add_name_empty" class="userstControllerTest" classname="userstControllerTest" file="/var/www/html/netpolgar/tests/users_controller_Test.php" line="100" assertions="1" time="0.004165"/>
      <testcase name="test_psws_not_euals" class="userstControllerTest" classname="userstControllerTest" file="/var/www/html/netpolgar/tests/users_controller_Test.php" line="118" assertions="1" time="0.005511"/>
      <testcase name="test_add_ok" class="userstControllerTest" classname="userstControllerTest" file="/var/www/html/netpolgar/tests/users_controller_Test.php" line="136" assertions="1" time="0.099127"/>
      <testcase name="test_add_email_exist" class="userstControllerTest" classname="userstControllerTest" file="/var/www/html/netpolgar/tests/users_controller_Test.php" line="154" assertions="1" time="0.105008"/>
      <testcase name="test_add_nick_exist" class="userstControllerTest" classname="userstControllerTest" file="/var/www/html/netpolgar/tests/users_controller_Test.php" line="181" assertions="1" time="0.038258"/>
      <testcase name="test_login" class="userstControllerTest" classname="userstControllerTest" file="/var/www/html/netpolgar/tests/users_controller_Test.php" line="208" assertions="1" time="0.004549"/>
      <testcase name="test_dologin_NOTFOUND" class="userstControllerTest" classname="userstControllerTest" file="/var/www/html/netpolgar/tests/users_controller_Test.php" line="213" assertions="1" time="0.034792"/>
      <testcase name="test_dologin_FALSE_PSW" class="userstControllerTest" classname="userstControllerTest" file="/var/www/html/netpolgar/tests/users_controller_Test.php" line="222" assertions="1" time="0.107134"/>
      <testcase name="test_dologin_blocked" class="userstControllerTest" classname="userstControllerTest" file="/var/www/html/netpolgar/tests/users_controller_Test.php" line="243" assertions="1" time="0.078933"/>
      <testcase name="test_dologin_Too_many_falseLogin" class="userstControllerTest" classname="userstControllerTest" file="/var/www/html/netpolgar/tests/users_controller_Test.php" line="264" assertions="1" time="0.105454"/>
      <testcase name="test_dologin_OK" class="userstControllerTest" classname="userstControllerTest" file="/var/www/html/netpolgar/tests/users_controller_Test.php" line="286" assertions="1" time="0.071984"/>
      <testcase name="test_activate_notok" class="userstControllerTest" classname="userstControllerTest" file="/var/www/html/netpolgar/tests/users_controller_Test.php" line="306" assertions="1" time="0.040774"/>
      <testcase name="test_activate_ok" class="userstControllerTest" classname="userstControllerTest" file="/var/www/html/netpolgar/tests/users_controller_Test.php" line="312" assertions="1" time="0.146935"/>
      <testcase name="test_forgetnick" class="userstControllerTest" classname="userstControllerTest" file="/var/www/html/netpolgar/tests/users_controller_Test.php" line="331" assertions="1" time="0.011139">
        <system-out>        &lt;body ng-app="app"&gt;
          &lt;div ng-controller="ctrl" id="scope" style="display:none"&gt;
			                    &lt;nav class="navbar navbar-expand-lg navbar-light bg-light"&gt;
          &lt;button class="navbar-toggler" type="button" data-toggle="collapse" data-target="#navbarSupportedContent" aria-controls="navbarSupportedContent" aria-expanded="false" aria-label="Toggle navigation"&gt;
            &lt;span class="navbar-toggler-icon"&gt;&lt;/span&gt;
          &lt;/button&gt;
        
          &lt;div class="collapse navbar-collapse" id="navbarSupportedContent"&gt;
            &lt;ul class="navbar-nav mr-auto"&gt;
              &lt;li class="nav-item active homeMenuItem"&gt;
                &lt;a class="nav-link" href="http://robitc/netpolgar" target="_self"&gt;
                	&lt;img src="favicon.png" alt="favicon"/&gt;
                	netpolgar  
                &lt;/a&gt;
              &lt;/li&gt;
              &lt;li class="nav-item dropdown"&gt;
                &lt;a class="nav-link dropdown-toggle" 
                	href="#" id="navbarDropdown"  target="_self" 
                	role="button" data-toggle="dropdown" aria-haspopup="true" aria-expanded="false"&gt;
                  &lt;em class="fa fa-cog"&gt;&lt;/em&gt;{{txt('SETUP')}}
                &lt;/a&gt;
                &lt;div class="dropdown-menu" aria-labelledby="navbarDropdown"&gt;
                  &lt;a class="dropdown-item" 
                  	href="{{MYDOMAIN}}/opt/groups/list/parentid/0/userid/0" target="_self"&gt;
                  	{{txt('GROUPS')}}&lt;/a&gt;
                  &lt;a class="dropdown-item" href="#" target="_self"&gt;{{txt('CATEGORIES')}}&lt;/a&gt;
                  &lt;a class="dropdown-item" href="#" target="_self"&gt;{{txt('USERGROUPS')}}&lt;/a&gt;
                  &lt;a class="dropdown-item" ng-if="(userAdmin)" 
                  	href="http://robitc/netpolgar/opt/users/list" target="_self" &gt;
                  	{{txt('USERS')}}
                  &lt;/a&gt;
                &lt;/div&gt;
              &lt;/li&gt;
              &lt;li class="nav-item dropdown"&gt;
                &lt;a class="nav-link dropdown-toggle" 
                   href="#" id="navbarDropdown"  target="_self"
                   role="button" data-toggle="dropdown" aria-haspopup="true" aria-expanded="false"&gt;
                  &lt;em class="fa fa-wrench"&gt;&lt;/em&gt;{{txt('PROJECTS')}}
                &lt;/a&gt;
                &lt;div class="dropdown-menu" aria-labelledby="navbarDropdown"&gt;
                  &lt;a class="dropdown-item" href="#" target="_self"&gt;{{txt('ACTIVE')}}&lt;/a&gt;
                  &lt;a class="dropdown-item" href="#" target="_self"&gt;{{txt('CLOSED')}}&lt;/a&gt;
                  &lt;a class="dropdown-item" href="#" target="_self"&gt;{{txt('DRAFT')}}&lt;/a&gt;
                &lt;/div&gt;
              &lt;/li&gt;
              &lt;li class="nav-item dropdown"&gt;
                &lt;a class="nav-link dropdown-toggle" 
                  href="#" id="navbarDropdown" target="_self"
                  role="button" data-toggle="dropdown" aria-haspopup="true" aria-expanded="false"&gt;
                  &lt;em class="fa fa-shopping-cart"&gt;&lt;/em&gt;{{txt('MARKET')}}
                &lt;/a&gt;
                &lt;div class="dropdown-menu" aria-labelledby="navbarDropdown"&gt;
                  &lt;a class="dropdown-item" href="#" target="_self"&gt;{{txt('OFFER')}}&lt;/a&gt;
                  &lt;a class="dropdown-item" href="#" target="_self"&gt;{{txt('DEMAND')}}&lt;/a&gt;
                  &lt;a class="dropdown-item" href="#" target="_self"&gt;{{txt('TRANSACTIONS')}}&lt;/a&gt;
                &lt;/div&gt;
              &lt;/li&gt;
              &lt;li class="nav-item active"&gt;
                &lt;a class="nav-link" href="#" target="_self"&gt;
                	&lt;em class="fa fa-file"&gt;&lt;/em&gt;{{txt('DOCS')}}  
                &lt;/a&gt;
              &lt;/li&gt;
              &lt;li class="nav-item dropdown"&gt;
                &lt;a class="nav-link dropdown-toggle" 
                  href="#" id="navbarDropdown"  target="_self"
                  role="button" data-toggle="dropdown" aria-haspopup="true" aria-expanded="false"&gt;
                  &lt;em class="fa fa-comments"&gt;&lt;/em&gt;{{txt('DISPUTES')}}
                &lt;/a&gt;
                &lt;div class="dropdown-menu" aria-labelledby="navbarDropdown"&gt;
                  &lt;a class="dropdown-item" href="#" target="_self"&gt;{{txt('CHATS')}}&lt;/a&gt;
                  &lt;a class="dropdown-item" href="#" target="_self"&gt;{{txt('POLLS')}}&lt;/a&gt;
                  &lt;a class="dropdown-item" href="#" target="_self"&gt;{{txt('DECISIONS')}}&lt;/a&gt;
                  &lt;a class="dropdown-item" href="#" target="_self"&gt;{{txt('MESSAGES')}}&lt;/a&gt;
                &lt;/div&gt;
              &lt;/li&gt;
              &lt;li class="nav-item dropdown"&gt;
                &lt;a class="nav-link dropdown-toggle" href="#" target="_self" id="navbarDropdown" role="button" data-toggle="dropdown" aria-haspopup="true" aria-expanded="false"&gt;
                  &lt;em class="fa fa-calendar"&gt;&lt;/em&gt;{{txt('EVENTS')}}
                &lt;/a&gt;
                &lt;div class="dropdown-menu" aria-labelledby="navbarDropdown"&gt;
                  &lt;a class="dropdown-item" href="#" target="_self"&gt;{{txt('FOLLOWS')}}&lt;/a&gt;
                  &lt;a class="dropdown-item" href="#" target="_self"&gt;{{txt('OLDS')}}&lt;/a&gt;
                  &lt;a class="dropdown-item" href="#" target="_self"&gt;{{txt('ALL')}}&lt;/a&gt;
                &lt;/div&gt;
              &lt;/li&gt;
              &lt;li class="nav-item dropdown userMenuItem" ng-if="user.nick != 'guest'"&gt;
                &lt;a class="nav-link dropdown-toggle" href="#" target="_self" id="navbarDropdown" role="button" data-toggle="dropdown" aria-haspopup="true" aria-expanded="false"&gt;
                  &lt;em ng-if="user.avatar == ''" class="fa fa-user"&gt;&lt;/em&gt;
                  &lt;strong&gt;{{user.nick}}&lt;/strong&gt;
                  &lt;img ng-if="avatarUrl != ''" src="{{avatarUrl}}" alt="avatar" /&gt;
                &lt;/a&gt;
                &lt;div class="dropdown-menu" aria-labelledby="navbarDropdown"&gt;
                  &lt;a class="dropdown-item" href="http://robitc/netpolgar/opt/users/profile" target="_self"
                  	 target="_self"&gt;{{txt('MYDATA')}}&lt;/a&gt;
                  &lt;a class="dropdown-item" 
                     target="_self" href="http://robitc/netpolgar/opt/users/removeaccount"&gt;{{txt('REMOVE_ACCOUNT')}}&lt;/a&gt;
                  &lt;a class="dropdown-item" href="http://robitc/netpolgar/opt/users/logout" target="_self"&gt;{{txt('LOGOUT')}}&lt;/a&gt;
                &lt;/div&gt;
              &lt;/li&gt;
              &lt;li class="nav-item active userMenuItem" ng-if="user.nick == 'guest'"&gt;
                &lt;a class="nav-link" href="http://robitc/netpolgar/opt/users/login" 
                    target="_self"&gt;
                	&lt;em class="fa fa-sign-in-alt"&gt;&lt;/em&gt;{{txt('LOGIN')}}  
                &lt;/a&gt;
              &lt;/li&gt;
              &lt;li class="nav-item active"&gt;
                &lt;a class="nav-link" href="http://robitc/netpolgar/opt/users/regist" target="_self"&gt;
                	&lt;em class="fa fa-key"&gt;&lt;/em&gt;{{txt('REGIST')}}  
                &lt;/a&gt;
              &lt;/li&gt;
            &lt;/ul&gt;
          &lt;/div&gt;
        &lt;/nav&gt;
		          	
          	&lt;div id="forgetNick"&gt;
              &lt;h2&gt;{{txt('FORGET_MY_NICK')}}&lt;/h2&gt;

              &lt;form id="formForgetNick" method="post" target="_self"
                    action="http://robitc/netpolgar/opt/users/forgetpsw"&gt;
              &lt;input type="hidden" name="{{csrToken}}" value="1" /&gt;
              &lt;p&gt;
              	&lt;label&gt;{{txt('EMAIL')}}*&lt;/label&gt; 
              	&lt;input type="text" name="email" id="email" /&gt;
              &lt;/p&gt;
              &lt;p&gt;
              	&lt;button type="submit" class="btn btn-primary"&gt;{{txt('OK')}}&lt;/button&gt;
              &lt;/p&gt;
              &lt;/form&gt;
          &lt;/div&gt;&lt;!-- forgetNick --&gt;
		  &lt;div class="clear"&gt;&lt;/div&gt;
		   
      	&lt;div id="footer"&gt;  
      	&lt;p&gt;
			&lt;a href="MYDOMAIN/opt/impresszum/show" target="_self"&gt;
				&lt;em class="fa fa-pencil"&gt;&lt;/em&gt;&amp;nbsp;IMPRESSUM&lt;/a&gt;&amp;nbsp;&amp;nbsp;&amp;nbsp;      
			&lt;a href="MYDOMAIN/opt/adatkezeles/show" target="_self"&gt;
				&lt;em class="fa fa-lock"&gt;&lt;/em&gt;&amp;nbsp;DATAPROCESS&lt;/a&gt;&amp;nbsp;&amp;nbsp;&amp;nbsp;      
			&lt;a href="https://gnu.hu/gplv3.html" target="_self"&gt;
				&lt;em class="fa fa-copyright"&gt;&lt;/em&gt;&amp;nbsp;LICENCE: GNU/GPL&lt;/a&gt;&amp;nbsp;&amp;nbsp;&amp;nbsp;      
			&lt;a href="https://github.com/utopszkij/uklogin" target="_self"&gt;
				&lt;em class="fa fa-code"&gt;&lt;/em&gt;&amp;nbsp;SOURCE&lt;/a&gt;&amp;nbsp;&amp;nbsp;&amp;nbsp;   
			&lt;a href="http://robitc/netpolgar/opt/issu/form" target="_self"&gt;
				&lt;em class="fa fa-bug"&gt;&lt;/em&gt;&amp;nbsp;BUGMSG&lt;/a&gt;&amp;nbsp;&amp;nbsp;&amp;nbsp;   
      	&lt;/p&gt;   
		&lt;p&gt;SWRESOURCE:			
				&lt;a href="https://www.php.net/manual/en/index.php" target="_self"&gt;php&lt;/a&gt;&amp;nbsp;
				&lt;a href="https://fontawesome.com/icons?d=gallery" target="_self"&gt;fontAwesome&lt;/a&gt;&amp;nbsp;
				&lt;a href="https://www.w3schools.com/css/" target="_self"&gt;css&lt;/a&gt;&amp;nbsp;
				&lt;a href="https://getbootstrap.com/" target="_self"&gt;bootstrap&lt;/a&gt;&amp;nbsp;
				&lt;a href="https://jquery.com/" target="_self"&gt;Jquery&lt;/a&gt;&amp;nbsp;
				&lt;a href="https://angularjs.org/" target="_self"&gt;AngularJs&lt;/a&gt;&amp;nbsp;
				&lt;a href="https://www.fpdf.org" target="_self"&gt;fpdf&lt;/a&gt;&amp;nbsp;
				&lt;a href="https://github.com/smalot/pdfparser" target="_self"&gt;smalot&lt;/a&gt;&amp;nbsp;
				&lt;a href="https://github.com/tan-tan-kanarek/github-php-client"&gt;
					tan-tan-kanarek_github_kliens
				&lt;/a&gt;&amp;nbsp;
				&lt;a href="https://github.com/jonmiles/bootstrap-treeview" target="_self"&gt;
					bootsrap-treeview
				&lt;/a&gt;
		&lt;/p&gt;
		&lt;p&gt;Teszteléshez: phpunit&amp;nbsp;mocha&amp;nbsp;sonar-cloud&amp;nbsp;&lt;/p&gt;
		&lt;/div&gt;
                    &lt;div id="cookieEnable" 
            	 style="position:fixed; z-index:99; width:100%; height:auto; left:0px; bottom:0px; background-color:#c0f0c0; opacity: 0.8; padding:2px; margin:0px;"&gt;
             	&lt;p style="margin:0px; padding:0px; text-align:right"&gt;A rendszer használatához engedélyeznie kell egy munkamenet cookie használatát.
                 	&amp;nbsp;Lásd: &lt;a href="index.php/opt/adatkezeles/show" target="_new"&gt;Adatkezelési leírás&lt;/a&gt;
    				&lt;a class="btn btn-primary" target="_self"
    				  href="index.php?cookieenabled=1"&gt;Engedélyezem
    				&lt;/a&gt;
				&lt;/p&gt;
            &lt;/div&gt;
             	      &lt;/div&gt;&lt;!-- #scope --&gt;
		  &lt;scryp&gt;user={"id":0,"nick":"guest","pswhash":"","enabled":1,"errorcount":0,"block_time":"","name":"","email":"","avatar":"","reg_mode":"","code":""};
userAdmin=false;
avatarUrl="";
csrToken="testCsrToken";
&lt;/scrypt&gt;        &lt;/body&gt;
        &lt;/html&gt;
	    </system-out>
      </testcase>
      <testcase name="test_forgetpsw_nick" class="userstControllerTest" classname="userstControllerTest" file="/var/www/html/netpolgar/tests/users_controller_Test.php" line="336" assertions="1" time="0.033913"/>
      <testcase name="test_forgetpsw_email" class="userstControllerTest" classname="userstControllerTest" file="/var/www/html/netpolgar/tests/users_controller_Test.php" line="344" assertions="1" time="0.040447"/>
      <testcase name="test_forgetpsw_notfound" class="userstControllerTest" classname="userstControllerTest" file="/var/www/html/netpolgar/tests/users_controller_Test.php" line="352" assertions="1" time="0.007566"/>
      <testcase name="test_getactivateemail" class="userstControllerTest" classname="userstControllerTest" file="/var/www/html/netpolgar/tests/users_controller_Test.php" line="360" assertions="1" time="0.038025"/>
      <testcase name="test_getactivateemail_notfound" class="userstControllerTest" classname="userstControllerTest" file="/var/www/html/netpolgar/tests/users_controller_Test.php" line="368" assertions="1" time="0.010704"/>
      <testcase name="test_logout" class="userstControllerTest" classname="userstControllerTest" file="/var/www/html/netpolgar/tests/users_controller_Test.php" line="376" assertions="1" time="0.000889">
        <system-out>redirect=http://robitc/netpolgar</system-out>
      </testcase>
      <testcase name="test_profile_notfound" class="userstControllerTest" classname="userstControllerTest" file="/var/www/html/netpolgar/tests/users_controller_Test.php" line="381" assertions="1" time="0.005776"/>
      <testcase name="test_profile_ok" class="userstControllerTest" classname="userstControllerTest" file="/var/www/html/netpolgar/tests/users_controller_Test.php" line="387" assertions="1" time="0.005252"/>
      <testcase name="test_removeaccount_notfound" class="userstControllerTest" classname="userstControllerTest" file="/var/www/html/netpolgar/tests/users_controller_Test.php" line="395" assertions="1" time="0.004399"/>
      <testcase name="test_removeaccount_ok" class="userstControllerTest" classname="userstControllerTest" file="/var/www/html/netpolgar/tests/users_controller_Test.php" line="401" assertions="1" time="0.004876"/>
      <testcase name="test_doremoveaccoun_notfoundt" class="userstControllerTest" classname="userstControllerTest" file="/var/www/html/netpolgar/tests/users_controller_Test.php" line="409" assertions="1" time="0.003822"/>
      <testcase name="test_doremoveaccount_ok" class="userstControllerTest" classname="userstControllerTest" file="/var/www/html/netpolgar/tests/users_controller_Test.php" line="417" assertions="1" time="0.035283"/>
      <testcase name="test_list_access_violation" class="userstControllerTest" classname="userstControllerTest" file="/var/www/html/netpolgar/tests/users_controller_Test.php" line="427" assertions="1" time="0.007124"/>
      <testcase name="test_list_ok" class="userstControllerTest" classname="userstControllerTest" file="/var/www/html/netpolgar/tests/users_controller_Test.php" line="433" assertions="1" time="0.005254"/>
      <testcase name="test_end" class="userstControllerTest" classname="userstControllerTest" file="/var/www/html/netpolgar/tests/users_controller_Test.php" line="442" assertions="1" time="0.031928"/>
    </testsuite>
  </testsuite>
</testsuites>
