<?xml version="1.0" encoding="UTF-8"?>
<coverage generated="1571899918">
  <project timestamp="1571899918">
    <file name="/var/www/html/netpolgar/controllers/adatkezeles.php">
      <class name="AdatkezelesController" namespace="global">
        <metrics complexity="1" methods="1" coveredmethods="1" conditionals="0" coveredconditionals="0" statements="3" coveredstatements="3" elements="4" coveredelements="4"/>
      </class>
      <line num="4" type="method" name="show" visibility="public" complexity="1" crap="1" count="1"/>
      <line num="5" type="stmt" count="1"/>
      <line num="6" type="stmt" count="1"/>
      <line num="7" type="stmt" count="1"/>
      <metrics loc="8" ncloc="8" classes="1" methods="1" coveredmethods="1" conditionals="0" coveredconditionals="0" statements="3" coveredstatements="3" elements="4" coveredelements="4"/>
    </file>
    <file name="/var/www/html/netpolgar/controllers/adomany.php">
      <class name="AdomanyController" namespace="global">
        <metrics complexity="1" methods="1" coveredmethods="1" conditionals="0" coveredconditionals="0" statements="3" coveredstatements="3" elements="4" coveredelements="4"/>
      </class>
      <line num="4" type="method" name="show" visibility="public" complexity="1" crap="1" count="1"/>
      <line num="5" type="stmt" count="1"/>
      <line num="6" type="stmt" count="1"/>
      <line num="7" type="stmt" count="1"/>
      <metrics loc="8" ncloc="8" classes="1" methods="1" coveredmethods="1" conditionals="0" coveredconditionals="0" statements="3" coveredstatements="3" elements="4" coveredelements="4"/>
    </file>
    <file name="/var/www/html/netpolgar/controllers/browser.php">
      <class name="BrowserController" namespace="global">
        <metrics complexity="2" methods="1" coveredmethods="0" conditionals="0" coveredconditionals="0" statements="9" coveredstatements="0" elements="10" coveredelements="0"/>
      </class>
      <line num="8" type="method" name="browser" visibility="public" complexity="2" crap="6" count="0"/>
      <line num="10" type="stmt" count="0"/>
      <line num="13" type="stmt" count="0"/>
      <line num="14" type="stmt" count="0"/>
      <line num="17" type="stmt" count="0"/>
      <line num="20" type="stmt" count="0"/>
      <line num="21" type="stmt" count="0"/>
      <line num="25" type="stmt" count="0"/>
      <line num="26" type="stmt" count="0"/>
      <line num="27" type="stmt" count="0"/>
      <metrics loc="28" ncloc="13" classes="1" methods="1" coveredmethods="0" conditionals="0" coveredconditionals="0" statements="9" coveredstatements="0" elements="10" coveredelements="0"/>
    </file>
    <file name="/var/www/html/netpolgar/controllers/common.php">
      <class name="CommonController" namespace="global">
        <metrics complexity="7" methods="2" coveredmethods="1" conditionals="0" coveredconditionals="0" statements="22" coveredstatements="19" elements="24" coveredelements="20"/>
      </class>
      <line num="11" type="method" name="objToUserRecord" visibility="public" complexity="2" crap="2" count="56"/>
      <line num="12" type="stmt" count="56"/>
      <line num="13" type="stmt" count="56"/>
      <line num="14" type="stmt" count="56"/>
      <line num="16" type="stmt" count="56"/>
      <line num="25" type="method" name="init" visibility="public" complexity="5" crap="5.12" count="56"/>
      <line num="26" type="stmt" count="56"/>
      <line num="27" type="stmt" count="56"/>
      <line num="28" type="stmt" count="56"/>
      <line num="29" type="stmt" count="51"/>
      <line num="31" type="stmt" count="5"/>
      <line num="33" type="stmt" count="56"/>
      <line num="34" type="stmt" count="56"/>
      <line num="36" type="stmt" count="0"/>
      <line num="38" type="stmt" count="56"/>
      <line num="39" type="stmt" count="56"/>
      <line num="40" type="stmt" count="56"/>
      <line num="41" type="stmt" count="0"/>
      <line num="43" type="stmt" count="56"/>
      <line num="44" type="stmt" count="56"/>
      <line num="46" type="stmt" count="56"/>
      <line num="47" type="stmt" count="0"/>
      <line num="49" type="stmt" count="56"/>
      <line num="51" type="stmt" count="56"/>
      <metrics loc="53" ncloc="42" classes="1" methods="2" coveredmethods="1" conditionals="0" coveredconditionals="0" statements="22" coveredstatements="19" elements="24" coveredelements="20"/>
    </file>
    <file name="/var/www/html/netpolgar/controllers/default.php">
      <class name="DefaultController" namespace="global">
        <metrics complexity="1" methods="1" coveredmethods="1" conditionals="0" coveredconditionals="0" statements="6" coveredstatements="6" elements="7" coveredelements="7"/>
      </class>
      <line num="4" type="method" name="default" visibility="public" complexity="1" crap="1" count="1"/>
      <line num="6" type="stmt" count="1"/>
      <line num="7" type="stmt" count="1"/>
      <line num="8" type="stmt" count="1"/>
      <line num="9" type="stmt" count="1"/>
      <line num="10" type="stmt" count="1"/>
      <line num="11" type="stmt" count="1"/>
      <metrics loc="12" ncloc="10" classes="1" methods="1" coveredmethods="1" conditionals="0" coveredconditionals="0" statements="6" coveredstatements="6" elements="7" coveredelements="7"/>
    </file>
    <file name="/var/www/html/netpolgar/controllers/groups.php">
      <class name="GroupsController" namespace="global">
        <metrics complexity="32" methods="8" coveredmethods="3" conditionals="0" coveredconditionals="0" statements="163" coveredstatements="144" elements="171" coveredelements="147"/>
      </class>
      <line num="6" type="method" name="isUserAdmin" visibility="protected" complexity="3" crap="3" count="12"/>
      <line num="7" type="stmt" count="12"/>
      <line num="8" type="stmt" count="12"/>
      <line num="10" type="stmt" count="12"/>
      <line num="11" type="stmt" count="11"/>
      <line num="13" type="stmt" count="1"/>
      <line num="15" type="stmt" count="12"/>
      <line num="25" type="method" name="list" visibility="public" complexity="5" crap="5.12" count="3"/>
      <line num="26" type="stmt" count="3"/>
      <line num="27" type="stmt" count="3"/>
      <line num="28" type="stmt" count="3"/>
      <line num="29" type="stmt" count="3"/>
      <line num="30" type="stmt" count="0"/>
      <line num="32" type="stmt" count="3"/>
      <line num="33" type="stmt" count="3"/>
      <line num="34" type="stmt" count="3"/>
      <line num="36" type="stmt" count="3"/>
      <line num="37" type="stmt" count="0"/>
      <line num="38" type="stmt" count="0"/>
      <line num="40" type="stmt" count="3"/>
      <line num="41" type="stmt" count="3"/>
      <line num="42" type="stmt" count="3"/>
      <line num="43" type="stmt" count="3"/>
      <line num="44" type="stmt" count="3"/>
      <line num="45" type="stmt" count="3"/>
      <line num="46" type="stmt" count="3"/>
      <line num="47" type="stmt" count="3"/>
      <line num="48" type="stmt" count="3"/>
      <line num="49" type="stmt" count="3"/>
      <line num="50" type="stmt" count="3"/>
      <line num="51" type="stmt" count="3"/>
      <line num="52" type="stmt" count="3"/>
      <line num="53" type="stmt" count="3"/>
      <line num="54" type="stmt" count="3"/>
      <line num="55" type="stmt" count="3"/>
      <line num="56" type="stmt" count="3"/>
      <line num="57" type="stmt" count="3"/>
      <line num="58" type="stmt" count="3"/>
      <line num="60" type="stmt" count="0"/>
      <line num="61" type="stmt" count="0"/>
      <line num="62" type="stmt" count="0"/>
      <line num="65" type="stmt" count="3"/>
      <line num="66" type="stmt" count="3"/>
      <line num="67" type="stmt" count="3"/>
      <line num="75" type="method" name="groupform" visibility="public" complexity="3" crap="3" count="3"/>
      <line num="76" type="stmt" count="3"/>
      <line num="77" type="stmt" count="3"/>
      <line num="78" type="stmt" count="3"/>
      <line num="79" type="stmt" count="3"/>
      <line num="80" type="stmt" count="3"/>
      <line num="81" type="stmt" count="3"/>
      <line num="83" type="stmt" count="3"/>
      <line num="84" type="stmt" count="3"/>
      <line num="86" type="stmt" count="3"/>
      <line num="87" type="stmt" count="3"/>
      <line num="88" type="stmt" count="3"/>
      <line num="89" type="stmt" count="2"/>
      <line num="90" type="stmt" count="2"/>
      <line num="91" type="stmt" count="2"/>
      <line num="92" type="stmt" count="2"/>
      <line num="93" type="stmt" count="1"/>
      <line num="95" type="stmt" count="2"/>
      <line num="98" type="stmt" count="1"/>
      <line num="99" type="stmt" count="1"/>
      <line num="100" type="stmt" count="1"/>
      <line num="101" type="stmt" count="1"/>
      <line num="102" type="stmt" count="1"/>
      <line num="103" type="stmt" count="1"/>
      <line num="105" type="stmt" count="3"/>
      <line num="113" type="method" name="add" visibility="public" complexity="2" crap="2" count="2"/>
      <line num="114" type="stmt" count="2"/>
      <line num="115" type="stmt" count="2"/>
      <line num="116" type="stmt" count="2"/>
      <line num="117" type="stmt" count="2"/>
      <line num="118" type="stmt" count="2"/>
      <line num="119" type="stmt" count="2"/>
      <line num="120" type="stmt" count="2"/>
      <line num="121" type="stmt" count="2"/>
      <line num="122" type="stmt" count="1"/>
      <line num="123" type="stmt" count="1"/>
      <line num="124" type="stmt" count="1"/>
      <line num="125" type="stmt" count="1"/>
      <line num="133" type="stmt" count="1"/>
      <line num="134" type="stmt" count="1"/>
      <line num="135" type="stmt" count="1"/>
      <line num="136" type="stmt" count="1"/>
      <line num="137" type="stmt" count="1"/>
      <line num="138" type="stmt" count="1"/>
      <line num="139" type="stmt" count="1"/>
      <line num="140" type="stmt" count="1"/>
      <line num="141" type="stmt" count="1"/>
      <line num="142" type="stmt" count="1"/>
      <line num="143" type="stmt" count="1"/>
      <line num="145" type="stmt" count="1"/>
      <line num="147" type="stmt" count="2"/>
      <line num="155" type="method" name="remove" visibility="public" complexity="4" crap="4.03" count="1"/>
      <line num="156" type="stmt" count="1"/>
      <line num="157" type="stmt" count="1"/>
      <line num="158" type="stmt" count="1"/>
      <line num="159" type="stmt" count="1"/>
      <line num="160" type="stmt" count="1"/>
      <line num="161" type="stmt" count="1"/>
      <line num="162" type="stmt" count="1"/>
      <line num="163" type="stmt" count="1"/>
      <line num="164" type="stmt" count="1"/>
      <line num="165" type="stmt" count="0"/>
      <line num="166" type="stmt" count="1"/>
      <line num="167" type="stmt" count="1"/>
      <line num="168" type="stmt" count="1"/>
      <line num="170" type="stmt" count="1"/>
      <line num="173" type="stmt" count="0"/>
      <line num="175" type="stmt" count="1"/>
      <line num="181" type="method" name="save" visibility="public" complexity="8" crap="8.05" count="4"/>
      <line num="182" type="stmt" count="4"/>
      <line num="183" type="stmt" count="4"/>
      <line num="184" type="stmt" count="4"/>
      <line num="185" type="stmt" count="4"/>
      <line num="186" type="stmt" count="4"/>
      <line num="187" type="stmt" count="4"/>
      <line num="189" type="stmt" count="4"/>
      <line num="190" type="stmt" count="4"/>
      <line num="191" type="stmt" count="4"/>
      <line num="192" type="stmt" count="4"/>
      <line num="193" type="stmt" count="4"/>
      <line num="194" type="stmt" count="4"/>
      <line num="196" type="stmt" count="4"/>
      <line num="197" type="stmt" count="0"/>
      <line num="199" type="stmt" count="4"/>
      <line num="200" type="stmt" count="0"/>
      <line num="202" type="stmt" count="4"/>
      <line num="203" type="stmt" count="4"/>
      <line num="204" type="stmt" count="2"/>
      <line num="206" type="stmt" count="4"/>
      <line num="207" type="stmt" count="2"/>
      <line num="208" type="stmt" count="2"/>
      <line num="211" type="stmt" count="2"/>
      <line num="212" type="stmt" count="2"/>
      <line num="213" type="stmt" count="0"/>
      <line num="215" type="stmt" count="2"/>
      <line num="217" type="stmt" count="2"/>
      <line num="218" type="stmt" count="2"/>
      <line num="219" type="stmt" count="2"/>
      <line num="220" type="stmt" count="2"/>
      <line num="221" type="stmt" count="2"/>
      <line num="223" type="stmt" count="4"/>
      <line num="231" type="method" name="doremovegroup" visibility="public" complexity="5" crap="5.03" count="1"/>
      <line num="232" type="stmt" count="1"/>
      <line num="233" type="stmt" count="1"/>
      <line num="234" type="stmt" count="1"/>
      <line num="235" type="stmt" count="1"/>
      <line num="236" type="stmt" count="1"/>
      <line num="237" type="stmt" count="1"/>
      <line num="238" type="stmt" count="1"/>
      <line num="239" type="stmt" count="1"/>
      <line num="240" type="stmt" count="1"/>
      <line num="241" type="stmt" count="0"/>
      <line num="242" type="stmt" count="1"/>
      <line num="243" type="stmt" count="1"/>
      <line num="244" type="stmt" count="1"/>
      <line num="245" type="stmt" count="1"/>
      <line num="247" type="stmt" count="1"/>
      <line num="250" type="stmt" count="1"/>
      <line num="253" type="stmt" count="0"/>
      <line num="255" type="stmt" count="1"/>
      <line num="263" type="method" name="loadsubgroup" visibility="public" complexity="2" crap="6" count="0"/>
      <line num="264" type="stmt" count="0"/>
      <line num="265" type="stmt" count="0"/>
      <line num="267" type="stmt" count="0"/>
      <line num="268" type="stmt" count="0"/>
      <line num="269" type="stmt" count="0"/>
      <line num="270" type="stmt" count="0"/>
      <metrics loc="272" ncloc="227" classes="1" methods="8" coveredmethods="3" conditionals="0" coveredconditionals="0" statements="163" coveredstatements="144" elements="171" coveredelements="147"/>
    </file>
    <file name="/var/www/html/netpolgar/controllers/impresszum.php">
      <class name="ImpresszumController" namespace="global">
        <metrics complexity="1" methods="1" coveredmethods="1" conditionals="0" coveredconditionals="0" statements="3" coveredstatements="3" elements="4" coveredelements="4"/>
      </class>
      <line num="4" type="method" name="show" visibility="public" complexity="1" crap="1" count="1"/>
      <line num="5" type="stmt" count="1"/>
      <line num="6" type="stmt" count="1"/>
      <line num="7" type="stmt" count="1"/>
      <metrics loc="8" ncloc="8" classes="1" methods="1" coveredmethods="1" conditionals="0" coveredconditionals="0" statements="3" coveredstatements="3" elements="4" coveredelements="4"/>
    </file>
    <file name="/var/www/html/netpolgar/controllers/issu.php">
      <class name="IssuController" namespace="global">
        <metrics complexity="4" methods="2" coveredmethods="1" conditionals="0" coveredconditionals="0" statements="25" coveredstatements="23" elements="27" coveredelements="24"/>
      </class>
      <line num="10" type="method" name="form" visibility="public" complexity="2" crap="2.02" count="1"/>
      <line num="11" type="stmt" count="1"/>
      <line num="12" type="stmt" count="1"/>
      <line num="13" type="stmt" count="1"/>
      <line num="14" type="stmt" count="1"/>
      <line num="15" type="stmt" count="1"/>
      <line num="16" type="stmt" count="1"/>
      <line num="17" type="stmt" count="0"/>
      <line num="18" type="stmt" count="0"/>
      <line num="20" type="stmt" count="1"/>
      <line num="21" type="stmt" count="1"/>
      <line num="23" type="stmt" count="1"/>
      <line num="24" type="stmt" count="1"/>
      <line num="31" type="method" name="send" visibility="public" complexity="2" crap="2" count="2"/>
      <line num="32" type="stmt" count="2"/>
      <line num="33" type="stmt" count="2"/>
      <line num="34" type="stmt" count="2"/>
      <line num="35" type="stmt" count="2"/>
      <line num="36" type="stmt" count="2"/>
      <line num="37" type="stmt" count="2"/>
      <line num="38" type="stmt" count="2"/>
      <line num="39" type="stmt" count="2"/>
      <line num="40" type="stmt" count="2"/>
      <line num="41" type="stmt" count="1"/>
      <line num="42" type="stmt" count="1"/>
      <line num="44" type="stmt" count="1"/>
      <line num="46" type="stmt" count="2"/>
      <metrics loc="48" ncloc="38" classes="1" methods="2" coveredmethods="1" conditionals="0" coveredconditionals="0" statements="25" coveredstatements="23" elements="27" coveredelements="24"/>
    </file>
    <file name="/var/www/html/netpolgar/controllers/like.php">
      <class name="LikeController" namespace="global">
        <metrics complexity="12" methods="6" coveredmethods="3" conditionals="0" coveredconditionals="0" statements="54" coveredstatements="45" elements="60" coveredelements="48"/>
      </class>
      <line num="14" type="method" name="show" visibility="public" complexity="1" crap="1" count="6"/>
      <line num="15" type="stmt" count="6"/>
      <line num="16" type="stmt" count="6"/>
      <line num="18" type="stmt" count="6"/>
      <line num="107" type="stmt" count="6"/>
      <line num="114" type="method" name="list" visibility="public" complexity="4" crap="4.05" count="1"/>
      <line num="115" type="stmt" count="1"/>
      <line num="116" type="stmt" count="1"/>
      <line num="117" type="stmt" count="1"/>
      <line num="118" type="stmt" count="1"/>
      <line num="119" type="stmt" count="1"/>
      <line num="120" type="stmt" count="1"/>
      <line num="121" type="stmt" count="1"/>
      <line num="122" type="stmt" count="1"/>
      <line num="123" type="stmt" count="1"/>
      <line num="124" type="stmt" count="1"/>
      <line num="125" type="stmt" count="1"/>
      <line num="126" type="stmt" count="1"/>
      <line num="127" type="stmt" count="1"/>
      <line num="128" type="stmt" count="1"/>
      <line num="129" type="stmt" count="1"/>
      <line num="130" type="stmt" count="1"/>
      <line num="131" type="stmt" count="1"/>
      <line num="132" type="stmt" count="1"/>
      <line num="134" type="stmt" count="1"/>
      <line num="137" type="stmt" count="1"/>
      <line num="138" type="stmt" count="1"/>
      <line num="139" type="stmt" count="0"/>
      <line num="140" type="stmt" count="0"/>
      <line num="141" type="stmt" count="0"/>
      <line num="143" type="stmt" count="0"/>
      <line num="146" type="stmt" count="1"/>
      <line num="147" type="stmt" count="1"/>
      <line num="148" type="stmt" count="1"/>
      <line num="156" type="method" name="likeshow" visibility="public" complexity="2" crap="2.01" count="3"/>
      <line num="157" type="stmt" count="3"/>
      <line num="158" type="stmt" count="0"/>
      <line num="160" type="stmt" count="3"/>
      <line num="161" type="stmt" count="3"/>
      <line num="162" type="stmt" count="3"/>
      <line num="163" type="stmt" count="3"/>
      <line num="164" type="stmt" count="3"/>
      <line num="172" type="method" name="likeChange" visibility="protected" complexity="3" crap="3.43" count="2"/>
      <line num="173" type="stmt" count="2"/>
      <line num="174" type="stmt" count="2"/>
      <line num="175" type="stmt" count="2"/>
      <line num="176" type="stmt" count="2"/>
      <line num="177" type="stmt" count="2"/>
      <line num="178" type="stmt" count="0"/>
      <line num="179" type="stmt" count="0"/>
      <line num="181" type="stmt" count="0"/>
      <line num="182" type="stmt" count="0"/>
      <line num="187" type="stmt" count="2"/>
      <line num="188" type="stmt" count="2"/>
      <line num="195" type="method" name="likeupclick" visibility="public" complexity="1" crap="1" count="1"/>
      <line num="196" type="stmt" count="1"/>
      <line num="197" type="stmt" count="1"/>
      <line num="203" type="method" name="likedownclick" visibility="public" complexity="1" crap="1" count="1"/>
      <line num="204" type="stmt" count="1"/>
      <line num="205" type="stmt" count="1"/>
      <metrics loc="207" ncloc="171" classes="1" methods="6" coveredmethods="3" conditionals="0" coveredconditionals="0" statements="54" coveredstatements="45" elements="60" coveredelements="48"/>
    </file>
    <file name="/var/www/html/netpolgar/controllers/readme.php">
      <class name="ReadmeController" namespace="global">
        <metrics complexity="1" methods="1" coveredmethods="1" conditionals="0" coveredconditionals="0" statements="3" coveredstatements="3" elements="4" coveredelements="4"/>
      </class>
      <line num="4" type="method" name="show" visibility="public" complexity="1" crap="1" count="1"/>
      <line num="5" type="stmt" count="1"/>
      <line num="6" type="stmt" count="1"/>
      <line num="7" type="stmt" count="1"/>
      <metrics loc="8" ncloc="8" classes="1" methods="1" coveredmethods="1" conditionals="0" coveredconditionals="0" statements="3" coveredstatements="3" elements="4" coveredelements="4"/>
    </file>
    <file name="/var/www/html/netpolgar/controllers/users.php">
      <class name="UsersController" namespace="global">
        <metrics complexity="60" methods="16" coveredmethods="9" conditionals="0" coveredconditionals="0" statements="245" coveredstatements="202" elements="261" coveredelements="211"/>
      </class>
      <line num="12" type="method" name="regist" visibility="public" complexity="1" crap="1" count="1"/>
      <line num="13" type="stmt" count="1"/>
      <line num="14" type="stmt" count="1"/>
      <line num="15" type="stmt" count="1"/>
      <line num="16" type="stmt" count="1"/>
      <line num="17" type="stmt" count="1"/>
      <line num="19" type="stmt" count="1"/>
      <line num="20" type="stmt" count="1"/>
      <line num="21" type="stmt" count="1"/>
      <line num="22" type="stmt" count="1"/>
      <line num="23" type="stmt" count="1"/>
      <line num="24" type="stmt" count="1"/>
      <line num="25" type="stmt" count="1"/>
      <line num="26" type="stmt" count="1"/>
      <line num="27" type="stmt" count="1"/>
      <line num="28" type="stmt" count="1"/>
      <line num="29" type="stmt" count="1"/>
      <line num="30" type="stmt" count="1"/>
      <line num="31" type="stmt" count="1"/>
      <line num="39" type="method" name="save" visibility="protected" complexity="5" crap="5.06" count="1"/>
      <line num="40" type="stmt" count="1"/>
      <line num="41" type="stmt" count="1"/>
      <line num="42" type="stmt" count="1"/>
      <line num="43" type="stmt" count="0"/>
      <line num="45" type="stmt" count="1"/>
      <line num="46" type="stmt" count="1"/>
      <line num="47" type="stmt" count="1"/>
      <line num="49" type="stmt" count="1"/>
      <line num="50" type="stmt" count="1"/>
      <line num="52" type="stmt" count="1"/>
      <line num="53" type="stmt" count="1"/>
      <line num="54" type="stmt" count="1"/>
      <line num="56" type="stmt" count="1"/>
      <line num="59" type="stmt" count="0"/>
      <line num="61" type="stmt" count="1"/>
      <line num="69" type="method" name="recallForm" visibility="protected" complexity="6" crap="6.20" count="7"/>
      <line num="70" type="stmt" count="7"/>
      <line num="71" type="stmt" count="7"/>
      <line num="73" type="stmt" count="7"/>
      <line num="74" type="stmt" count="7"/>
      <line num="75" type="stmt" count="7"/>
      <line num="77" type="stmt" count="0"/>
      <line num="78" type="stmt" count="0"/>
      <line num="80" type="stmt" count="7"/>
      <line num="81" type="stmt" count="0"/>
      <line num="83" type="stmt" count="7"/>
      <line num="85" type="stmt" count="7"/>
      <line num="86" type="stmt" count="7"/>
      <line num="88" type="stmt" count="7"/>
      <line num="89" type="stmt" count="7"/>
      <line num="91" type="stmt" count="7"/>
      <line num="92" type="stmt" count="7"/>
      <line num="93" type="stmt" count="7"/>
      <line num="100" type="method" name="add" visibility="public" complexity="7" crap="7.01" count="8"/>
      <line num="101" type="stmt" count="8"/>
      <line num="102" type="stmt" count="8"/>
      <line num="107" type="stmt" count="8"/>
      <line num="108" type="stmt" count="8"/>
      <line num="109" type="stmt" count="8"/>
      <line num="113" type="stmt" count="8"/>
      <line num="114" type="stmt" count="8"/>
      <line num="115" type="stmt" count="0"/>
      <line num="117" type="stmt" count="8"/>
      <line num="118" type="stmt" count="1"/>
      <line num="120" type="stmt" count="8"/>
      <line num="121" type="stmt" count="1"/>
      <line num="124" type="stmt" count="8"/>
      <line num="127" type="stmt" count="8"/>
      <line num="129" type="stmt" count="1"/>
      <line num="132" type="stmt" count="7"/>
      <line num="133" type="stmt" count="7"/>
      <line num="135" type="stmt" count="8"/>
      <line num="142" type="method" name="profilesave" visibility="public" complexity="10" crap="110" count="0"/>
      <line num="143" type="stmt" count="0"/>
      <line num="144" type="stmt" count="0"/>
      <line num="148" type="stmt" count="0"/>
      <line num="149" type="stmt" count="0"/>
      <line num="150" type="stmt" count="0"/>
      <line num="152" type="stmt" count="0"/>
      <line num="155" type="stmt" count="0"/>
      <line num="158" type="stmt" count="0"/>
      <line num="159" type="stmt" count="0"/>
      <line num="160" type="stmt" count="0"/>
      <line num="162" type="stmt" count="0"/>
      <line num="163" type="stmt" count="0"/>
      <line num="165" type="stmt" count="0"/>
      <line num="166" type="stmt" count="0"/>
      <line num="169" type="stmt" count="0"/>
      <line num="172" type="stmt" count="0"/>
      <line num="173" type="stmt" count="0"/>
      <line num="174" type="stmt" count="0"/>
      <line num="177" type="stmt" count="0"/>
      <line num="179" type="stmt" count="0"/>
      <line num="182" type="stmt" count="0"/>
      <line num="183" type="stmt" count="0"/>
      <line num="184" type="stmt" count="0"/>
      <line num="185" type="stmt" count="0"/>
      <line num="186" type="stmt" count="0"/>
      <line num="187" type="stmt" count="0"/>
      <line num="189" type="stmt" count="0"/>
      <line num="190" type="stmt" count="0"/>
      <line num="192" type="stmt" count="0"/>
      <line num="194" type="stmt" count="0"/>
      <line num="196" type="stmt" count="0"/>
      <line num="198" type="method" name="login" visibility="public" complexity="1" crap="1" count="1"/>
      <line num="199" type="stmt" count="1"/>
      <line num="200" type="stmt" count="1"/>
      <line num="201" type="stmt" count="1"/>
      <line num="202" type="stmt" count="1"/>
      <line num="203" type="stmt" count="1"/>
      <line num="214" type="method" name="activate" visibility="public" complexity="2" crap="2" count="2"/>
      <line num="215" type="stmt" count="2"/>
      <line num="216" type="stmt" count="2"/>
      <line num="217" type="stmt" count="2"/>
      <line num="218" type="stmt" count="2"/>
      <line num="219" type="stmt" count="2"/>
      <line num="220" type="stmt" count="2"/>
      <line num="222" type="stmt" count="1"/>
      <line num="223" type="stmt" count="1"/>
      <line num="224" type="stmt" count="1"/>
      <line num="225" type="stmt" count="1"/>
      <line num="226" type="stmt" count="1"/>
      <line num="227" type="stmt" count="1"/>
      <line num="229" type="stmt" count="1"/>
      <line num="230" type="stmt" count="1"/>
      <line num="232" type="stmt" count="2"/>
      <line num="242" type="method" name="dologin" visibility="public" complexity="5" crap="5" count="5"/>
      <line num="243" type="stmt" count="5"/>
      <line num="244" type="stmt" count="5"/>
      <line num="245" type="stmt" count="5"/>
      <line num="246" type="stmt" count="5"/>
      <line num="247" type="stmt" count="5"/>
      <line num="248" type="stmt" count="5"/>
      <line num="249" type="stmt" count="5"/>
      <line num="250" type="stmt" count="5"/>
      <line num="252" type="stmt" count="1"/>
      <line num="253" type="stmt" count="1"/>
      <line num="254" type="stmt" count="1"/>
      <line num="256" type="stmt" count="4"/>
      <line num="257" type="stmt" count="4"/>
      <line num="259" type="stmt" count="2"/>
      <line num="260" type="stmt" count="2"/>
      <line num="261" type="stmt" count="2"/>
      <line num="262" type="stmt" count="1"/>
      <line num="263" type="stmt" count="1"/>
      <line num="264" type="stmt" count="1"/>
      <line num="266" type="stmt" count="2"/>
      <line num="267" type="stmt" count="2"/>
      <line num="268" type="stmt" count="1"/>
      <line num="270" type="stmt" count="1"/>
      <line num="272" type="stmt" count="4"/>
      <line num="273" type="stmt" count="4"/>
      <line num="275" type="stmt" count="5"/>
      <line num="281" type="method" name="logout" visibility="public" complexity="1" crap="1" count="1"/>
      <line num="282" type="stmt" count="1"/>
      <line num="283" type="stmt" count="1"/>
      <line num="284" type="stmt" count="1"/>
      <line num="290" type="method" name="forgetnick" visibility="public" complexity="1" crap="1" count="1"/>
      <line num="291" type="stmt" count="1"/>
      <line num="292" type="stmt" count="1"/>
      <line num="293" type="stmt" count="1"/>
      <line num="294" type="stmt" count="1"/>
      <line num="302" type="method" name="forgetpsw" visibility="public" complexity="4" crap="4" count="3"/>
      <line num="303" type="stmt" count="3"/>
      <line num="304" type="stmt" count="3"/>
      <line num="305" type="stmt" count="3"/>
      <line num="306" type="stmt" count="3"/>
      <line num="307" type="stmt" count="3"/>
      <line num="308" type="stmt" count="3"/>
      <line num="309" type="stmt" count="3"/>
      <line num="310" type="stmt" count="3"/>
      <line num="311" type="stmt" count="1"/>
      <line num="312" type="stmt" count="2"/>
      <line num="313" type="stmt" count="2"/>
      <line num="315" type="stmt" count="3"/>
      <line num="316" type="stmt" count="2"/>
      <line num="317" type="stmt" count="2"/>
      <line num="318" type="stmt" count="2"/>
      <line num="319" type="stmt" count="2"/>
      <line num="320" type="stmt" count="2"/>
      <line num="321" type="stmt" count="2"/>
      <line num="322" type="stmt" count="2"/>
      <line num="324" type="stmt" count="1"/>
      <line num="326" type="stmt" count="3"/>
      <line num="332" type="method" name="getactivateemail" visibility="public" complexity="3" crap="3.01" count="2"/>
      <line num="333" type="stmt" count="2"/>
      <line num="334" type="stmt" count="2"/>
      <line num="335" type="stmt" count="2"/>
      <line num="336" type="stmt" count="2"/>
      <line num="337" type="stmt" count="2"/>
      <line num="338" type="stmt" count="0"/>
      <line num="340" type="stmt" count="2"/>
      <line num="341" type="stmt" count="2"/>
      <line num="342" type="stmt" count="1"/>
      <line num="343" type="stmt" count="1"/>
      <line num="345" type="stmt" count="1"/>
      <line num="348" type="stmt" count="2"/>
      <line num="355" type="method" name="profile" visibility="public" complexity="5" crap="5.39" count="2"/>
      <line num="356" type="stmt" count="2"/>
      <line num="357" type="stmt" count="2"/>
      <line num="358" type="stmt" count="2"/>
      <line num="359" type="stmt" count="2"/>
      <line num="360" type="stmt" count="2"/>
      <line num="361" type="stmt" count="2"/>
      <line num="362" type="stmt" count="1"/>
      <line num="363" type="stmt" count="1"/>
      <line num="364" type="stmt" count="0"/>
      <line num="365" type="stmt" count="0"/>
      <line num="366" type="stmt" count="0"/>
      <line num="368" type="stmt" count="0"/>
      <line num="372" type="stmt" count="2"/>
      <line num="373" type="stmt" count="1"/>
      <line num="375" type="stmt" count="1"/>
      <line num="377" type="stmt" count="2"/>
      <line num="383" type="method" name="removeaccount" visibility="public" complexity="3" crap="3.01" count="2"/>
      <line num="384" type="stmt" count="2"/>
      <line num="385" type="stmt" count="2"/>
      <line num="386" type="stmt" count="2"/>
      <line num="387" type="stmt" count="2"/>
      <line num="388" type="stmt" count="0"/>
      <line num="390" type="stmt" count="2"/>
      <line num="391" type="stmt" count="1"/>
      <line num="392" type="stmt" count="1"/>
      <line num="393" type="stmt" count="1"/>
      <line num="395" type="stmt" count="1"/>
      <line num="397" type="stmt" count="2"/>
      <line num="404" type="method" name="doremoveaccount" visibility="public" complexity="2" crap="2" count="2"/>
      <line num="405" type="stmt" count="2"/>
      <line num="406" type="stmt" count="2"/>
      <line num="407" type="stmt" count="2"/>
      <line num="408" type="stmt" count="2"/>
      <line num="409" type="stmt" count="2"/>
      <line num="410" type="stmt" count="1"/>
      <line num="411" type="stmt" count="1"/>
      <line num="413" type="stmt" count="1"/>
      <line num="415" type="stmt" count="2"/>
      <line num="428" type="method" name="list" visibility="public" complexity="4" crap="4" count="2"/>
      <line num="429" type="stmt" count="2"/>
      <line num="430" type="stmt" count="2"/>
      <line num="431" type="stmt" count="1"/>
      <line num="432" type="stmt" count="1"/>
      <line num="433" type="stmt" count="1"/>
      <line num="434" type="stmt" count="1"/>
      <line num="435" type="stmt" count="1"/>
      <line num="436" type="stmt" count="1"/>
      <line num="437" type="stmt" count="1"/>
      <line num="438" type="stmt" count="1"/>
      <line num="439" type="stmt" count="1"/>
      <line num="440" type="stmt" count="1"/>
      <line num="441" type="stmt" count="1"/>
      <line num="442" type="stmt" count="1"/>
      <line num="445" type="stmt" count="1"/>
      <line num="446" type="stmt" count="1"/>
      <line num="447" type="stmt" count="1"/>
      <line num="448" type="stmt" count="1"/>
      <line num="449" type="stmt" count="1"/>
      <line num="451" type="stmt" count="1"/>
      <line num="455" type="stmt" count="1"/>
      <line num="456" type="stmt" count="1"/>
      <line num="458" type="stmt" count="1"/>
      <line num="460" type="stmt" count="2"/>
      <metrics loc="461" ncloc="337" classes="1" methods="16" coveredmethods="9" conditionals="0" coveredconditionals="0" statements="245" coveredstatements="202" elements="261" coveredelements="211"/>
    </file>
    <file name="/var/www/html/netpolgar/models/browser.php">
      <class name="BrowserModel" namespace="global">
        <metrics complexity="2" methods="1" coveredmethods="0" conditionals="0" coveredconditionals="0" statements="6" coveredstatements="0" elements="7" coveredelements="0"/>
      </class>
      <line num="9" type="method" name="getData" visibility="public" complexity="2" crap="6" count="0"/>
      <line num="10" type="stmt" count="0"/>
      <line num="11" type="stmt" count="0"/>
      <line num="12" type="stmt" count="0"/>
      <line num="13" type="stmt" count="0"/>
      <line num="14" type="stmt" count="0"/>
      <line num="16" type="stmt" count="0"/>
      <metrics loc="19" ncloc="12" classes="1" methods="1" coveredmethods="0" conditionals="0" coveredconditionals="0" statements="6" coveredstatements="0" elements="7" coveredelements="0"/>
    </file>
    <file name="/var/www/html/netpolgar/models/groups.php">
      <class name="GroupRecord" namespace="global">
        <metrics complexity="0" methods="0" coveredmethods="0" conditionals="0" coveredconditionals="0" statements="0" coveredstatements="0" elements="0" coveredelements="0"/>
      </class>
      <class name="GroupsModel" namespace="global">
        <metrics complexity="43" methods="13" coveredmethods="3" conditionals="0" coveredconditionals="0" statements="131" coveredstatements="96" elements="144" coveredelements="99"/>
      </class>
      <line num="18" type="stmt" count="0"/>
      <line num="21" type="method" name="__construct" complexity="2" crap="2.01" count="12"/>
      <line num="22" type="stmt" count="12"/>
      <line num="23" type="stmt" count="12"/>
      <line num="24" type="stmt" count="12"/>
      <line num="37" type="stmt" count="12"/>
      <line num="39" type="stmt" count="12"/>
      <line num="40" type="stmt" count="0"/>
      <line num="43" type="stmt" count="12"/>
      <line num="50" type="method" name="check" visibility="public" complexity="9" crap="9.05" count="4"/>
      <line num="51" type="stmt" count="4"/>
      <line num="52" type="stmt" count="4"/>
      <line num="53" type="stmt" count="1"/>
      <line num="55" type="stmt" count="4"/>
      <line num="56" type="stmt" count="1"/>
      <line num="58" type="stmt" count="4"/>
      <line num="59" type="stmt" count="0"/>
      <line num="61" type="stmt" count="4"/>
      <line num="62" type="stmt" count="4"/>
      <line num="63" type="stmt" count="0"/>
      <line num="65" type="stmt" count="4"/>
      <line num="66" type="stmt" count="1"/>
      <line num="68" type="stmt" count="4"/>
      <line num="69" type="stmt" count="1"/>
      <line num="71" type="stmt" count="4"/>
      <line num="72" type="stmt" count="1"/>
      <line num="74" type="stmt" count="4"/>
      <line num="75" type="stmt" count="1"/>
      <line num="77" type="stmt" count="4"/>
      <line num="78" type="stmt" count="4"/>
      <line num="79" type="stmt" count="4"/>
      <line num="80" type="stmt" count="4"/>
      <line num="81" type="stmt" count="4"/>
      <line num="90" type="method" name="canDelete" visibility="public" complexity="3" crap="3.14" count="2"/>
      <line num="91" type="stmt" count="2"/>
      <line num="92" type="stmt" count="2"/>
      <line num="93" type="stmt" count="0"/>
      <line num="95" type="stmt" count="2"/>
      <line num="96" type="stmt" count="2"/>
      <line num="97" type="stmt" count="2"/>
      <line num="98" type="stmt" count="0"/>
      <line num="100" type="stmt" count="2"/>
      <line num="108" type="method" name="getUserGroupRights" visibility="public" complexity="1" crap="1" count="12"/>
      <line num="109" type="stmt" count="12"/>
      <line num="110" type="stmt" count="12"/>
      <line num="119" type="method" name="save" visibility="public" complexity="3" crap="3.58" count="2"/>
      <line num="120" type="stmt" count="2"/>
      <line num="121" type="stmt" count="2"/>
      <line num="122" type="stmt" count="2"/>
      <line num="123" type="stmt" count="2"/>
      <line num="125" type="stmt" count="0"/>
      <line num="126" type="stmt" count="0"/>
      <line num="127" type="stmt" count="0"/>
      <line num="129" type="stmt" count="2"/>
      <line num="130" type="stmt" count="0"/>
      <line num="136" type="stmt" count="2"/>
      <line num="139" type="method" name="obj2GroupRecord" visibility="protected" complexity="2" crap="2" count="3"/>
      <line num="140" type="stmt" count="3"/>
      <line num="141" type="stmt" count="3"/>
      <line num="142" type="stmt" count="3"/>
      <line num="144" type="stmt" count="3"/>
      <line num="152" type="method" name="getRecord" visibility="public" complexity="2" crap="2" count="4"/>
      <line num="153" type="stmt" count="4"/>
      <line num="154" type="stmt" count="4"/>
      <line num="155" type="stmt" count="4"/>
      <line num="156" type="stmt" count="3"/>
      <line num="158" type="stmt" count="1"/>
      <line num="159" type="stmt" count="1"/>
      <line num="161" type="stmt" count="4"/>
      <line num="170" type="method" name="delete" visibility="public" complexity="3" crap="3.07" count="1"/>
      <line num="171" type="stmt" count="1"/>
      <line num="172" type="stmt" count="1"/>
      <line num="173" type="stmt" count="1"/>
      <line num="174" type="stmt" count="1"/>
      <line num="175" type="stmt" count="1"/>
      <line num="176" type="stmt" count="1"/>
      <line num="177" type="stmt" count="0"/>
      <line num="178" type="stmt" count="1"/>
      <line num="182" type="stmt" count="0"/>
      <line num="184" type="stmt" count="1"/>
      <line num="197" type="method" name="getItem" visibility="protected" complexity="2" crap="2.00" count="3"/>
      <line num="198" type="stmt" count="3"/>
      <line num="199" type="stmt" count="3"/>
      <line num="201" type="stmt" count="0"/>
      <line num="203" type="stmt" count="3"/>
      <line num="204" type="stmt" count="3"/>
      <line num="205" type="stmt" count="3"/>
      <line num="206" type="stmt" count="3"/>
      <line num="207" type="stmt" count="3"/>
      <line num="208" type="stmt" count="3"/>
      <line num="209" type="stmt" count="3"/>
      <line num="210" type="stmt" count="3"/>
      <line num="220" type="method" name="getSubItems" visibility="protected" complexity="6" crap="6.01" count="3"/>
      <line num="223" type="stmt" count="3"/>
      <line num="224" type="stmt" count="3"/>
      <line num="225" type="stmt" count="3"/>
      <line num="226" type="stmt" count="3"/>
      <line num="228" type="stmt" count="3"/>
      <line num="229" type="stmt" count="3"/>
      <line num="230" type="stmt" count="3"/>
      <line num="231" type="stmt" count="3"/>
      <line num="233" type="stmt" count="0"/>
      <line num="235" type="stmt" count="3"/>
      <line num="236" type="stmt" count="3"/>
      <line num="237" type="stmt" count="3"/>
      <line num="240" type="stmt" count="3"/>
      <line num="242" type="stmt" count="3"/>
      <line num="249" type="method" name="getGroupPath" visibility="public" complexity="3" crap="3.01" count="9"/>
      <line num="251" type="stmt" count="9"/>
      <line num="252" type="stmt" count="9"/>
      <line num="253" type="stmt" count="2"/>
      <line num="254" type="stmt" count="2"/>
      <line num="255" type="stmt" count="0"/>
      <line num="258" type="stmt" count="9"/>
      <line num="259" type="stmt" count="9"/>
      <line num="260" type="stmt" count="9"/>
      <line num="261" type="stmt" count="9"/>
      <line num="279" type="method" name="getRecords" visibility="public" complexity="2" crap="2.02" count="3"/>
      <line num="280" type="stmt" count="3"/>
      <line num="281" type="stmt" count="3"/>
      <line num="282" type="stmt" count="3"/>
      <line num="283" type="stmt" count="3"/>
      <line num="284" type="stmt" count="0"/>
      <line num="286" type="stmt" count="3"/>
      <line num="294" type="method" name="getSubGroup" visibility="public" complexity="5" crap="30" count="0"/>
      <line num="295" type="stmt" count="0"/>
      <line num="296" type="stmt" count="0"/>
      <line num="297" type="stmt" count="0"/>
      <line num="298" type="stmt" count="0"/>
      <line num="299" type="stmt" count="0"/>
      <line num="300" type="stmt" count="0"/>
      <line num="301" type="stmt" count="0"/>
      <line num="302" type="stmt" count="0"/>
      <line num="304" type="stmt" count="0"/>
      <line num="305" type="stmt" count="0"/>
      <line num="306" type="stmt" count="0"/>
      <line num="307" type="stmt" count="0"/>
      <line num="308" type="stmt" count="0"/>
      <line num="310" type="stmt" count="0"/>
      <line num="312" type="stmt" count="0"/>
      <line num="313" type="stmt" count="0"/>
      <line num="315" type="stmt" count="0"/>
      <line num="318" type="stmt" count="0"/>
      <line num="319" type="stmt" count="0"/>
      <line num="321" type="stmt" count="0"/>
      <metrics loc="325" ncloc="225" classes="1" methods="13" coveredmethods="3" conditionals="0" coveredconditionals="0" statements="132" coveredstatements="96" elements="145" coveredelements="99"/>
    </file>
    <file name="/var/www/html/netpolgar/models/issu.php">
      <class name="IssuRecord" namespace="global">
        <metrics complexity="0" methods="0" coveredmethods="0" conditionals="0" coveredconditionals="0" statements="0" coveredstatements="0" elements="0" coveredelements="0"/>
      </class>
      <class name="IssuModel" namespace="global">
        <metrics complexity="5" methods="2" coveredmethods="1" conditionals="0" coveredconditionals="0" statements="12" coveredstatements="10" elements="14" coveredelements="11"/>
      </class>
      <line num="2" type="stmt" count="0"/>
      <line num="17" type="method" name="check" visibility="public" complexity="3" crap="3" count="2"/>
      <line num="18" type="stmt" count="2"/>
      <line num="19" type="stmt" count="2"/>
      <line num="20" type="stmt" count="1"/>
      <line num="22" type="stmt" count="2"/>
      <line num="23" type="stmt" count="1"/>
      <line num="25" type="stmt" count="2"/>
      <line num="33" type="method" name="send" visibility="public" complexity="2" crap="2.15" count="1"/>
      <line num="34" type="stmt" count="1"/>
      <line num="35" type="stmt" count="1"/>
      <line num="36" type="stmt" count="1"/>
      <line num="37" type="stmt" count="0"/>
      <line num="38" type="stmt" count="0"/>
      <line num="40" type="stmt" count="1"/>
      <metrics loc="43" ncloc="31" classes="1" methods="2" coveredmethods="1" conditionals="0" coveredconditionals="0" statements="13" coveredstatements="10" elements="15" coveredelements="11"/>
    </file>
    <file name="/var/www/html/netpolgar/models/like.php">
      <class name="LikeRecord" namespace="global">
        <metrics complexity="0" methods="0" coveredmethods="0" conditionals="0" coveredconditionals="0" statements="0" coveredstatements="0" elements="0" coveredelements="0"/>
      </class>
      <class name="LikeModel" namespace="global">
        <metrics complexity="25" methods="9" coveredmethods="1" conditionals="0" coveredconditionals="0" statements="104" coveredstatements="47" elements="113" coveredelements="48"/>
      </class>
      <line num="16" type="method" name="__construct" complexity="2" crap="2.01" count="10"/>
      <line num="17" type="stmt" count="10"/>
      <line num="18" type="stmt" count="10"/>
      <line num="19" type="stmt" count="10"/>
      <line num="25" type="stmt" count="10"/>
      <line num="27" type="stmt" count="10"/>
      <line num="28" type="stmt" count="0"/>
      <line num="31" type="stmt" count="10"/>
      <line num="33" type="method" name="obj2LikeRecord" visibility="protected" complexity="2" crap="6" count="0"/>
      <line num="34" type="stmt" count="0"/>
      <line num="35" type="stmt" count="0"/>
      <line num="36" type="stmt" count="0"/>
      <line num="38" type="stmt" count="0"/>
      <line num="47" type="method" name="groupAutoActions" visibility="public" complexity="8" crap="72" count="0"/>
      <line num="49" type="stmt" count="0"/>
      <line num="50" type="stmt" count="0"/>
      <line num="51" type="stmt" count="0"/>
      <line num="53" type="stmt" count="0"/>
      <line num="54" type="stmt" count="0"/>
      <line num="55" type="stmt" count="0"/>
      <line num="57" type="stmt" count="0"/>
      <line num="58" type="stmt" count="0"/>
      <line num="60" type="stmt" count="0"/>
      <line num="61" type="stmt" count="0"/>
      <line num="62" type="stmt" count="0"/>
      <line num="63" type="stmt" count="0"/>
      <line num="66" type="stmt" count="0"/>
      <line num="67" type="stmt" count="0"/>
      <line num="68" type="stmt" count="0"/>
      <line num="69" type="stmt" count="0"/>
      <line num="70" type="stmt" count="0"/>
      <line num="74" type="stmt" count="0"/>
      <line num="77" type="stmt" count="0"/>
      <line num="85" type="method" name="autoActions" visibility="public" complexity="2" crap="2.15" count="3"/>
      <line num="86" type="stmt" count="3"/>
      <line num="87" type="stmt" count="0"/>
      <line num="89" type="stmt" count="3"/>
      <line num="92" type="method" name="getCounts" visibility="public" complexity="1" crap="1" count="3"/>
      <line num="93" type="stmt" count="3"/>
      <line num="95" type="stmt" count="3"/>
      <line num="96" type="stmt" count="3"/>
      <line num="97" type="stmt" count="3"/>
      <line num="98" type="stmt" count="3"/>
      <line num="99" type="stmt" count="3"/>
      <line num="101" type="stmt" count="3"/>
      <line num="102" type="stmt" count="3"/>
      <line num="103" type="stmt" count="3"/>
      <line num="104" type="stmt" count="3"/>
      <line num="105" type="stmt" count="3"/>
      <line num="107" type="stmt" count="3"/>
      <line num="108" type="stmt" count="3"/>
      <line num="109" type="stmt" count="3"/>
      <line num="110" type="stmt" count="3"/>
      <line num="111" type="stmt" count="3"/>
      <line num="112" type="stmt" count="3"/>
      <line num="114" type="stmt" count="3"/>
      <line num="115" type="stmt" count="3"/>
      <line num="116" type="stmt" count="3"/>
      <line num="117" type="stmt" count="3"/>
      <line num="118" type="stmt" count="3"/>
      <line num="119" type="stmt" count="3"/>
      <line num="120" type="stmt" count="3"/>
      <line num="121" type="stmt" count="3"/>
      <line num="124" type="method" name="check" visibility="public" complexity="2" crap="6" count="0"/>
      <line num="125" type="stmt" count="0"/>
      <line num="126" type="stmt" count="0"/>
      <line num="127" type="stmt" count="0"/>
      <line num="128" type="stmt" count="0"/>
      <line num="129" type="stmt" count="0"/>
      <line num="130" type="stmt" count="0"/>
      <line num="131" type="stmt" count="0"/>
      <line num="132" type="stmt" count="0"/>
      <line num="134" type="stmt" count="0"/>
      <line num="137" type="method" name="set" visibility="public" complexity="4" crap="20" count="0"/>
      <line num="138" type="stmt" count="0"/>
      <line num="139" type="stmt" count="0"/>
      <line num="140" type="stmt" count="0"/>
      <line num="141" type="stmt" count="0"/>
      <line num="142" type="stmt" count="0"/>
      <line num="143" type="stmt" count="0"/>
      <line num="144" type="stmt" count="0"/>
      <line num="147" type="stmt" count="0"/>
      <line num="148" type="stmt" count="0"/>
      <line num="149" type="stmt" count="0"/>
      <line num="150" type="stmt" count="0"/>
      <line num="152" type="stmt" count="0"/>
      <line num="153" type="stmt" count="0"/>
      <line num="156" type="stmt" count="0"/>
      <line num="157" type="stmt" count="0"/>
      <line num="159" type="method" name="remove" visibility="public" complexity="1" crap="2" count="0"/>
      <line num="160" type="stmt" count="0"/>
      <line num="161" type="stmt" count="0"/>
      <line num="162" type="stmt" count="0"/>
      <line num="163" type="stmt" count="0"/>
      <line num="164" type="stmt" count="0"/>
      <line num="165" type="stmt" count="0"/>
      <line num="166" type="stmt" count="0"/>
      <line num="173" type="method" name="getRecords" visibility="public" complexity="3" crap="3.00" count="1"/>
      <line num="174" type="stmt" count="1"/>
      <line num="175" type="stmt" count="1"/>
      <line num="176" type="stmt" count="1"/>
      <line num="177" type="stmt" count="1"/>
      <line num="179" type="stmt" count="1"/>
      <line num="181" type="stmt" count="1"/>
      <line num="182" type="stmt" count="1"/>
      <line num="183" type="stmt" count="1"/>
      <line num="184" type="stmt" count="1"/>
      <line num="186" type="stmt" count="0"/>
      <line num="189" type="stmt" count="1"/>
      <line num="191" type="stmt" count="1"/>
      <line num="192" type="stmt" count="1"/>
      <line num="193" type="stmt" count="1"/>
      <line num="194" type="stmt" count="1"/>
      <metrics loc="198" ncloc="171" classes="1" methods="9" coveredmethods="1" conditionals="0" coveredconditionals="0" statements="104" coveredstatements="47" elements="113" coveredelements="48"/>
    </file>
    <file name="/var/www/html/netpolgar/models/members.php">
      <class name="MemberRecord" namespace="global">
        <metrics complexity="0" methods="0" coveredmethods="0" conditionals="0" coveredconditionals="0" statements="0" coveredstatements="0" elements="0" coveredelements="0"/>
      </class>
      <class name="MembersModel" namespace="global">
        <metrics complexity="9" methods="8" coveredmethods="1" conditionals="0" coveredconditionals="0" statements="15" coveredstatements="7" elements="23" coveredelements="8"/>
      </class>
      <line num="11" type="method" name="__construct" complexity="2" crap="2.01" count="3"/>
      <line num="12" type="stmt" count="3"/>
      <line num="13" type="stmt" count="3"/>
      <line num="14" type="stmt" count="3"/>
      <line num="19" type="stmt" count="3"/>
      <line num="21" type="stmt" count="3"/>
      <line num="22" type="stmt" count="0"/>
      <line num="24" type="stmt" count="3"/>
      <line num="27" type="method" name="isMember" visibility="public" complexity="1" crap="1" count="3"/>
      <line num="28" type="stmt" count="3"/>
      <line num="31" type="method" name="getMemberCount" visibility="public" complexity="1" crap="2" count="0"/>
      <line num="32" type="stmt" count="0"/>
      <line num="35" type="method" name="addMember" visibility="public" complexity="1" crap="2" count="0"/>
      <line num="36" type="stmt" count="0"/>
      <line num="39" type="method" name="deleteMember" visibility="public" complexity="1" crap="2" count="0"/>
      <line num="40" type="stmt" count="0"/>
      <line num="43" type="method" name="setMemberState" visibility="public" complexity="1" crap="2" count="0"/>
      <line num="44" type="stmt" count="0"/>
      <line num="47" type="method" name="getRecord" visibility="public" complexity="1" crap="2" count="0"/>
      <line num="48" type="stmt" count="0"/>
      <line num="57" type="method" name="getRecords" visibility="public" complexity="1" crap="2" count="0"/>
      <line num="58" type="stmt" count="0"/>
      <line num="59" type="stmt" count="0"/>
      <metrics loc="63" ncloc="47" classes="1" methods="8" coveredmethods="1" conditionals="0" coveredconditionals="0" statements="15" coveredstatements="7" elements="23" coveredelements="8"/>
    </file>
    <file name="/var/www/html/netpolgar/models/users.php">
      <class name="UserRecord" namespace="global">
        <metrics complexity="0" methods="0" coveredmethods="0" conditionals="0" coveredconditionals="0" statements="0" coveredstatements="0" elements="0" coveredelements="0"/>
      </class>
      <class name="UserRightsRecord" namespace="global">
        <metrics complexity="0" methods="0" coveredmethods="0" conditionals="0" coveredconditionals="0" statements="0" coveredstatements="0" elements="0" coveredelements="0"/>
      </class>
      <class name="UsersModel" namespace="global">
        <metrics complexity="61" methods="19" coveredmethods="10" conditionals="0" coveredconditionals="0" statements="239" coveredstatements="180" elements="258" coveredelements="190"/>
      </class>
      <line num="28" type="method" name="__construct" complexity="9" crap="9.12" count="56"/>
      <line num="29" type="stmt" count="56"/>
      <line num="30" type="stmt" count="56"/>
      <line num="31" type="stmt" count="56"/>
      <line num="43" type="stmt" count="56"/>
      <line num="45" type="stmt" count="56"/>
      <line num="46" type="stmt" count="0"/>
      <line num="49" type="stmt" count="56"/>
      <line num="50" type="stmt" count="56"/>
      <line num="56" type="stmt" count="56"/>
      <line num="58" type="stmt" count="56"/>
      <line num="59" type="stmt" count="0"/>
      <line num="62" type="stmt" count="56"/>
      <line num="63" type="stmt" count="56"/>
      <line num="67" type="stmt" count="56"/>
      <line num="69" type="stmt" count="56"/>
      <line num="70" type="stmt" count="0"/>
      <line num="73" type="stmt" count="56"/>
      <line num="74" type="stmt" count="56"/>
      <line num="76" type="stmt" count="1"/>
      <line num="77" type="stmt" count="1"/>
      <line num="78" type="stmt" count="1"/>
      <line num="79" type="stmt" count="1"/>
      <line num="80" type="stmt" count="1"/>
      <line num="81" type="stmt" count="1"/>
      <line num="82" type="stmt" count="1"/>
      <line num="83" type="stmt" count="1"/>
      <line num="84" type="stmt" count="1"/>
      <line num="85" type="stmt" count="1"/>
      <line num="86" type="stmt" count="1"/>
      <line num="87" type="stmt" count="1"/>
      <line num="88" type="stmt" count="1"/>
      <line num="89" type="stmt" count="0"/>
      <line num="92" type="stmt" count="1"/>
      <line num="93" type="stmt" count="1"/>
      <line num="94" type="stmt" count="1"/>
      <line num="95" type="stmt" count="1"/>
      <line num="96" type="stmt" count="1"/>
      <line num="97" type="stmt" count="1"/>
      <line num="98" type="stmt" count="1"/>
      <line num="103" type="stmt" count="55"/>
      <line num="104" type="stmt" count="55"/>
      <line num="105" type="stmt" count="55"/>
      <line num="106" type="stmt" count="55"/>
      <line num="107" type="stmt" count="55"/>
      <line num="108" type="stmt" count="55"/>
      <line num="109" type="stmt" count="55"/>
      <line num="110" type="stmt" count="0"/>
      <line num="114" type="stmt" count="55"/>
      <line num="115" type="stmt" count="55"/>
      <line num="116" type="stmt" count="55"/>
      <line num="117" type="stmt" count="55"/>
      <line num="118" type="stmt" count="0"/>
      <line num="122" type="stmt" count="56"/>
      <line num="130" type="method" name="check" visibility="public" complexity="10" crap="10" count="8"/>
      <line num="131" type="stmt" count="8"/>
      <line num="134" type="stmt" count="8"/>
      <line num="135" type="stmt" count="1"/>
      <line num="137" type="stmt" count="8"/>
      <line num="138" type="stmt" count="1"/>
      <line num="140" type="stmt" count="8"/>
      <line num="141" type="stmt" count="1"/>
      <line num="144" type="stmt" count="8"/>
      <line num="145" type="stmt" count="8"/>
      <line num="146" type="stmt" count="8"/>
      <line num="147" type="stmt" count="1"/>
      <line num="151" type="stmt" count="8"/>
      <line num="152" type="stmt" count="8"/>
      <line num="153" type="stmt" count="3"/>
      <line num="155" type="stmt" count="8"/>
      <line num="162" type="method" name="save" visibility="public" complexity="3" crap="3.58" count="1"/>
      <line num="163" type="stmt" count="1"/>
      <line num="164" type="stmt" count="1"/>
      <line num="165" type="stmt" count="1"/>
      <line num="166" type="stmt" count="1"/>
      <line num="168" type="stmt" count="0"/>
      <line num="169" type="stmt" count="0"/>
      <line num="170" type="stmt" count="0"/>
      <line num="172" type="stmt" count="1"/>
      <line num="173" type="stmt" count="0"/>
      <line num="175" type="stmt" count="1"/>
      <line num="178" type="method" name="sendMail" visibility="protected" complexity="3" crap="8.80" count="2"/>
      <line num="179" type="stmt" count="2"/>
      <line num="180" type="stmt" count="2"/>
      <line num="181" type="stmt" count="2"/>
      <line num="185" type="stmt" count="0"/>
      <line num="186" type="stmt" count="0"/>
      <line num="187" type="stmt" count="0"/>
      <line num="188" type="stmt" count="0"/>
      <line num="189" type="stmt" count="0"/>
      <line num="190" type="stmt" count="0"/>
      <line num="191" type="stmt" count="0"/>
      <line num="192" type="stmt" count="0"/>
      <line num="193" type="stmt" count="0"/>
      <line num="194" type="stmt" count="0"/>
      <line num="197" type="stmt" count="0"/>
      <line num="198" type="stmt" count="0"/>
      <line num="199" type="stmt" count="0"/>
      <line num="200" type="stmt" count="0"/>
      <line num="201" type="stmt" count="0"/>
      <line num="202" type="stmt" count="0"/>
      <line num="203" type="stmt" count="0"/>
      <line num="204" type="stmt" count="0"/>
      <line num="206" type="stmt" count="0"/>
      <line num="214" type="method" name="sendActivateEmail" visibility="public" complexity="4" crap="4.25" count="2"/>
      <line num="215" type="stmt" count="2"/>
      <line num="216" type="stmt" count="2"/>
      <line num="217" type="stmt" count="2"/>
      <line num="218" type="stmt" count="2"/>
      <line num="219" type="stmt" count="2"/>
      <line num="220" type="stmt" count="2"/>
      <line num="221" type="stmt" count="2"/>
      <line num="222" type="stmt" count="2"/>
      <line num="223" type="stmt" count="2"/>
      <line num="224" type="stmt" count="2"/>
      <line num="225" type="stmt" count="0"/>
      <line num="227" type="stmt" count="2"/>
      <line num="229" type="stmt" count="2"/>
      <line num="230" type="stmt" count="2"/>
      <line num="232" type="stmt" count="0"/>
      <line num="235" type="stmt" count="0"/>
      <line num="236" type="stmt" count="0"/>
      <line num="237" type="stmt" count="2"/>
      <line num="240" type="stmt" count="0"/>
      <line num="242" type="stmt" count="2"/>
      <line num="251" type="method" name="sendNickPswEmal" visibility="public" complexity="1" crap="1" count="2"/>
      <line num="252" type="stmt" count="2"/>
      <line num="254" type="stmt" count="2"/>
      <line num="255" type="stmt" count="2"/>
      <line num="256" type="stmt" count="2"/>
      <line num="257" type="stmt" count="2"/>
      <line num="258" type="stmt" count="2"/>
      <line num="259" type="stmt" count="2"/>
      <line num="261" type="method" name="obj2UserRecord" visibility="protected" complexity="2" crap="2" count="12"/>
      <line num="262" type="stmt" count="12"/>
      <line num="263" type="stmt" count="12"/>
      <line num="264" type="stmt" count="12"/>
      <line num="266" type="stmt" count="12"/>
      <line num="274" type="method" name="getById" visibility="public" complexity="2" crap="2" count="4"/>
      <line num="275" type="stmt" count="4"/>
      <line num="276" type="stmt" count="4"/>
      <line num="277" type="stmt" count="4"/>
      <line num="278" type="stmt" count="2"/>
      <line num="280" type="stmt" count="2"/>
      <line num="281" type="stmt" count="2"/>
      <line num="283" type="stmt" count="4"/>
      <line num="291" type="method" name="getByNick" visibility="public" complexity="2" crap="2" count="16"/>
      <line num="292" type="stmt" count="16"/>
      <line num="293" type="stmt" count="16"/>
      <line num="294" type="stmt" count="16"/>
      <line num="295" type="stmt" count="7"/>
      <line num="297" type="stmt" count="9"/>
      <line num="298" type="stmt" count="9"/>
      <line num="300" type="stmt" count="16"/>
      <line num="308" type="method" name="getByEmail" visibility="public" complexity="2" crap="2" count="10"/>
      <line num="309" type="stmt" count="10"/>
      <line num="310" type="stmt" count="10"/>
      <line num="311" type="stmt" count="10"/>
      <line num="312" type="stmt" count="4"/>
      <line num="314" type="stmt" count="6"/>
      <line num="315" type="stmt" count="6"/>
      <line num="317" type="stmt" count="10"/>
      <line num="320" type="method" name="update" visibility="public" complexity="3" crap="3.01" count="3"/>
      <line num="321" type="stmt" count="3"/>
      <line num="322" type="stmt" count="3"/>
      <line num="323" type="stmt" count="3"/>
      <line num="324" type="stmt" count="3"/>
      <line num="325" type="stmt" count="3"/>
      <line num="326" type="stmt" count="3"/>
      <line num="327" type="stmt" count="3"/>
      <line num="328" type="stmt" count="3"/>
      <line num="329" type="stmt" count="3"/>
      <line num="332" type="stmt" count="0"/>
      <line num="334" type="stmt" count="3"/>
      <line num="342" type="method" name="remove" visibility="public" complexity="4" crap="4.01" count="1"/>
      <line num="343" type="stmt" count="1"/>
      <line num="344" type="stmt" count="1"/>
      <line num="345" type="stmt" count="1"/>
      <line num="346" type="stmt" count="1"/>
      <line num="347" type="stmt" count="1"/>
      <line num="348" type="stmt" count="1"/>
      <line num="349" type="stmt" count="1"/>
      <line num="350" type="stmt" count="1"/>
      <line num="352" type="stmt" count="1"/>
      <line num="353" type="stmt" count="1"/>
      <line num="356" type="stmt" count="0"/>
      <line num="358" type="stmt" count="1"/>
      <line num="367" type="method" name="getUserRights" visibility="public" complexity="2" crap="2" count="56"/>
      <line num="368" type="stmt" count="56"/>
      <line num="369" type="stmt" count="56"/>
      <line num="370" type="stmt" count="56"/>
      <line num="371" type="stmt" count="56"/>
      <line num="372" type="stmt" count="13"/>
      <line num="374" type="stmt" count="56"/>
      <line num="382" type="method" name="isAdmin" visibility="public" complexity="1" crap="1" count="56"/>
      <line num="383" type="stmt" count="56"/>
      <line num="384" type="stmt" count="56"/>
      <line num="385" type="stmt" count="56"/>
      <line num="394" type="method" name="saveUserRights" visibility="public" complexity="5" crap="30" count="0"/>
      <line num="395" type="stmt" count="0"/>
      <line num="397" type="stmt" count="0"/>
      <line num="398" type="stmt" count="0"/>
      <line num="399" type="stmt" count="0"/>
      <line num="400" type="stmt" count="0"/>
      <line num="401" type="stmt" count="0"/>
      <line num="402" type="stmt" count="0"/>
      <line num="406" type="stmt" count="0"/>
      <line num="407" type="stmt" count="0"/>
      <line num="408" type="stmt" count="0"/>
      <line num="409" type="stmt" count="0"/>
      <line num="410" type="stmt" count="0"/>
      <line num="411" type="stmt" count="0"/>
      <line num="412" type="stmt" count="0"/>
      <line num="415" type="stmt" count="0"/>
      <line num="421" type="method" name="checkIpBlocked" visibility="public" complexity="3" crap="3.14" count="7"/>
      <line num="422" type="stmt" count="7"/>
      <line num="423" type="stmt" count="7"/>
      <line num="424" type="stmt" count="7"/>
      <line num="425" type="stmt" count="7"/>
      <line num="426" type="stmt" count="5"/>
      <line num="427" type="stmt" count="0"/>
      <line num="428" type="stmt" count="0"/>
      <line num="431" type="stmt" count="7"/>
      <line num="436" type="method" name="clearIpBlocked" visibility="public" complexity="1" crap="1" count="2"/>
      <line num="437" type="stmt" count="2"/>
      <line num="438" type="stmt" count="2"/>
      <line num="439" type="stmt" count="2"/>
      <line num="440" type="stmt" count="2"/>
      <line num="445" type="method" name="incIpBlocked" visibility="public" complexity="2" crap="2" count="5"/>
      <line num="446" type="stmt" count="5"/>
      <line num="447" type="stmt" count="5"/>
      <line num="448" type="stmt" count="5"/>
      <line num="449" type="stmt" count="5"/>
      <line num="450" type="stmt" count="3"/>
      <line num="451" type="stmt" count="3"/>
      <line num="452" type="stmt" count="3"/>
      <line num="453" type="stmt" count="3"/>
      <line num="454" type="stmt" count="3"/>
      <line num="456" type="stmt" count="2"/>
      <line num="457" type="stmt" count="2"/>
      <line num="458" type="stmt" count="2"/>
      <line num="459" type="stmt" count="2"/>
      <line num="460" type="stmt" count="2"/>
      <line num="462" type="stmt" count="5"/>
      <line num="470" type="method" name="getRecords" visibility="public" complexity="2" crap="2.39" count="1"/>
      <line num="471" type="stmt" count="1"/>
      <line num="472" type="stmt" count="1"/>
      <line num="473" type="stmt" count="1"/>
      <line num="474" type="stmt" count="1"/>
      <line num="475" type="stmt" count="1"/>
      <line num="477" type="stmt" count="0"/>
      <line num="478" type="stmt" count="0"/>
      <line num="479" type="stmt" count="0"/>
      <line num="480" type="stmt" count="0"/>
      <line num="482" type="stmt" count="0"/>
      <line num="483" type="stmt" count="0"/>
      <line num="485" type="stmt" count="1"/>
      <line num="486" type="stmt" count="1"/>
      <metrics loc="490" ncloc="357" classes="1" methods="19" coveredmethods="10" conditionals="0" coveredconditionals="0" statements="239" coveredstatements="180" elements="258" coveredelements="190"/>
    </file>
    <file name="/var/www/html/netpolgar/views/adatkezeles.php">
      <class name="AdatkezelesView" namespace="global">
        <metrics complexity="2" methods="1" coveredmethods="0" conditionals="0" coveredconditionals="0" statements="9" coveredstatements="5" elements="10" coveredelements="5"/>
      </class>
      <line num="2" type="stmt" count="0"/>
      <line num="9" type="method" name="display" visibility="public" complexity="2" crap="2.35" count="1"/>
      <line num="10" type="stmt" count="1"/>
      <line num="11" type="stmt" count="0"/>
      <line num="12" type="stmt" count="0"/>
      <line num="13" type="stmt" count="0"/>
      <line num="14" type="stmt" count="0"/>
      <line num="16" type="stmt" count="1"/>
      <line num="22" type="stmt" count="1"/>
      <line num="110" type="stmt" count="1"/>
      <line num="113" type="stmt" count="1"/>
      <metrics loc="116" ncloc="111" classes="1" methods="1" coveredmethods="0" conditionals="0" coveredconditionals="0" statements="10" coveredstatements="5" elements="11" coveredelements="5"/>
    </file>
    <file name="/var/www/html/netpolgar/views/adomany.php">
      <class name="AdomanyView" namespace="global">
        <metrics complexity="2" methods="1" coveredmethods="0" conditionals="0" coveredconditionals="0" statements="9" coveredstatements="5" elements="10" coveredelements="5"/>
      </class>
      <line num="2" type="stmt" count="0"/>
      <line num="9" type="method" name="display" visibility="public" complexity="2" crap="2.35" count="1"/>
      <line num="10" type="stmt" count="1"/>
      <line num="11" type="stmt" count="0"/>
      <line num="12" type="stmt" count="0"/>
      <line num="13" type="stmt" count="0"/>
      <line num="14" type="stmt" count="0"/>
      <line num="16" type="stmt" count="1"/>
      <line num="22" type="stmt" count="1"/>
      <line num="63" type="stmt" count="1"/>
      <line num="66" type="stmt" count="1"/>
      <metrics loc="69" ncloc="64" classes="1" methods="1" coveredmethods="0" conditionals="0" coveredconditionals="0" statements="10" coveredstatements="5" elements="11" coveredelements="5"/>
    </file>
    <file name="/var/www/html/netpolgar/views/common.php">
      <class name="CommonView" namespace="global">
        <metrics complexity="16" methods="5" coveredmethods="3" conditionals="0" coveredconditionals="0" statements="60" coveredstatements="50" elements="65" coveredelements="53"/>
      </class>
      <line num="11" type="method" name="successMsg" visibility="public" complexity="3" crap="3" count="7"/>
      <line num="12" type="stmt" count="7"/>
      <line num="13" type="stmt" count="7"/>
      <line num="15" type="stmt" count="7"/>
      <line num="19" type="stmt" count="7"/>
      <line num="21" type="stmt" count="7"/>
      <line num="22" type="stmt" count="7"/>
      <line num="25" type="stmt" count="7"/>
      <line num="27" type="stmt" count="2"/>
      <line num="30" type="stmt" count="2"/>
      <line num="33" type="stmt" count="7"/>
      <line num="36" type="stmt" count="7"/>
      <line num="38" type="stmt" count="7"/>
      <line num="48" type="method" name="errorMsg" visibility="public" complexity="3" crap="3" count="9"/>
      <line num="49" type="stmt" count="9"/>
      <line num="50" type="stmt" count="9"/>
      <line num="52" type="stmt" count="9"/>
      <line num="56" type="stmt" count="9"/>
      <line num="58" type="stmt" count="9"/>
      <line num="59" type="stmt" count="9"/>
      <line num="62" type="stmt" count="9"/>
      <line num="65" type="stmt" count="4"/>
      <line num="68" type="stmt" count="4"/>
      <line num="72" type="stmt" count="9"/>
      <line num="75" type="stmt" count="9"/>
      <line num="82" type="method" name="echoNavbar" visibility="public" complexity="1" crap="1" count="50"/>
      <line num="84" type="stmt" count="50"/>
      <line num="196" type="stmt" count="50"/>
      <line num="201" type="method" name="echoFooter" complexity="2" crap="2.09" count="34"/>
      <line num="202" type="stmt" count="34"/>
      <line num="236" type="stmt" count="34"/>
      <line num="237" type="stmt" count="34"/>
      <line num="239" type="stmt" count="34"/>
      <line num="251" type="stmt" count="0"/>
      <line num="258" type="stmt" count="0"/>
      <line num="260" type="stmt" count="34"/>
      <line num="268" type="method" name="echoPaginator" visibility="public" complexity="7" crap="8.14" count="2"/>
      <line num="269" type="stmt" count="2"/>
      <line num="270" type="stmt" count="2"/>
      <line num="271" type="stmt" count="2"/>
      <line num="272" type="stmt" count="2"/>
      <line num="274" type="stmt" count="2"/>
      <line num="275" type="stmt" count="2"/>
      <line num="276" type="stmt" count="2"/>
      <line num="278" type="stmt" count="0"/>
      <line num="280" type="stmt" count="0"/>
      <line num="281" type="stmt" count="0"/>
      <line num="283" type="stmt" count="2"/>
      <line num="284" type="stmt" count="2"/>
      <line num="285" type="stmt" count="1"/>
      <line num="286" type="stmt" count="1"/>
      <line num="288" type="stmt" count="0"/>
      <line num="290" type="stmt" count="1"/>
      <line num="291" type="stmt" count="1"/>
      <line num="293" type="stmt" count="2"/>
      <line num="294" type="stmt" count="2"/>
      <line num="295" type="stmt" count="2"/>
      <line num="297" type="stmt" count="2"/>
      <line num="298" type="stmt" count="0"/>
      <line num="299" type="stmt" count="0"/>
      <line num="300" type="stmt" count="0"/>
      <line num="301" type="stmt" count="0"/>
      <line num="303" type="stmt" count="2"/>
      <line num="304" type="stmt" count="2"/>
      <line num="305" type="stmt" count="2"/>
      <metrics loc="307" ncloc="276" classes="1" methods="5" coveredmethods="3" conditionals="0" coveredconditionals="0" statements="60" coveredstatements="50" elements="65" coveredelements="53"/>
    </file>
    <file name="/var/www/html/netpolgar/views/frontpage.php">
      <class name="FrontpageView" namespace="global">
        <metrics complexity="1" methods="1" coveredmethods="1" conditionals="0" coveredconditionals="0" statements="5" coveredstatements="5" elements="6" coveredelements="6"/>
      </class>
      <line num="2" type="stmt" count="0"/>
      <line num="9" type="method" name="display" visibility="public" complexity="1" crap="1" count="1"/>
      <line num="10" type="stmt" count="1"/>
      <line num="15" type="stmt" count="1"/>
      <line num="208" type="stmt" count="1"/>
      <line num="211" type="stmt" count="1"/>
      <line num="214" type="stmt" count="1"/>
      <metrics loc="215" ncloc="210" classes="1" methods="1" coveredmethods="1" conditionals="0" coveredconditionals="0" statements="6" coveredstatements="5" elements="7" coveredelements="6"/>
    </file>
    <file name="/var/www/html/netpolgar/views/groups.php">
      <class name="GroupsView" namespace="global">
        <metrics complexity="9" methods="5" coveredmethods="4" conditionals="0" coveredconditionals="0" statements="38" coveredstatements="37" elements="43" coveredelements="41"/>
      </class>
      <line num="2" type="stmt" count="0"/>
      <line num="9" type="method" name="echoGroupSubmenu" visibility="public" complexity="1" crap="1" count="5"/>
      <line num="11" type="stmt" count="5"/>
      <line num="81" type="stmt" count="5"/>
      <line num="89" type="method" name="echoGroupForm" visibility="public" complexity="2" crap="2.06" count="5"/>
      <line num="91" type="stmt" count="5"/>
      <line num="100" type="stmt" count="0"/>
      <line num="102" type="stmt" count="5"/>
      <line num="185" type="stmt" count="5"/>
      <line num="192" type="method" name="form" visibility="public" complexity="2" crap="2" count="5"/>
      <line num="193" type="stmt" count="5"/>
      <line num="199" type="stmt" count="5"/>
      <line num="202" type="stmt" count="5"/>
      <line num="204" type="stmt" count="4"/>
      <line num="205" type="stmt" count="4"/>
      <line num="209" type="stmt" count="5"/>
      <line num="217" type="stmt" count="5"/>
      <line num="218" type="stmt" count="5"/>
      <line num="219" type="stmt" count="5"/>
      <line num="221" type="stmt" count="5"/>
      <line num="224" type="stmt" count="5"/>
      <line num="226" type="stmt" count="5"/>
      <line num="229" type="stmt" count="5"/>
      <line num="236" type="method" name="deleteGroup" visibility="public" complexity="2" crap="2" count="1"/>
      <line num="237" type="stmt" count="1"/>
      <line num="238" type="stmt" count="1"/>
      <line num="239" type="stmt" count="1"/>
      <line num="242" type="stmt" count="1"/>
      <line num="246" type="stmt" count="1"/>
      <line num="263" type="stmt" count="1"/>
      <line num="265" type="stmt" count="1"/>
      <line num="268" type="stmt" count="1"/>
      <line num="274" type="method" name="browser" visibility="public" complexity="2" crap="2" count="3"/>
      <line num="276" type="stmt" count="3"/>
      <line num="277" type="stmt" count="3"/>
      <line num="279" type="stmt" count="3"/>
      <line num="283" type="stmt" count="3"/>
      <line num="294" type="stmt" count="3"/>
      <line num="296" type="stmt" count="3"/>
      <line num="297" type="stmt" count="3"/>
      <line num="301" type="stmt" count="3"/>
      <line num="325" type="stmt" count="3"/>
      <line num="429" type="stmt" count="3"/>
      <line num="432" type="stmt" count="3"/>
      <metrics loc="436" ncloc="413" classes="1" methods="5" coveredmethods="4" conditionals="0" coveredconditionals="0" statements="39" coveredstatements="37" elements="44" coveredelements="41"/>
    </file>
    <file name="/var/www/html/netpolgar/views/impresszum.php">
      <class name="ImpresszumView" namespace="global">
        <metrics complexity="1" methods="1" coveredmethods="1" conditionals="0" coveredconditionals="0" statements="4" coveredstatements="4" elements="5" coveredelements="5"/>
      </class>
      <line num="2" type="stmt" count="0"/>
      <line num="9" type="method" name="display" visibility="public" complexity="1" crap="1" count="1"/>
      <line num="10" type="stmt" count="1"/>
      <line num="16" type="stmt" count="1"/>
      <line num="45" type="stmt" count="1"/>
      <line num="48" type="stmt" count="1"/>
      <metrics loc="51" ncloc="46" classes="1" methods="1" coveredmethods="1" conditionals="0" coveredconditionals="0" statements="5" coveredstatements="4" elements="6" coveredelements="5"/>
    </file>
    <file name="/var/www/html/netpolgar/views/issu.php">
      <class name="IssuView" namespace="global">
        <metrics complexity="4" methods="2" coveredmethods="2" conditionals="0" coveredconditionals="0" statements="14" coveredstatements="14" elements="16" coveredelements="16"/>
      </class>
      <line num="2" type="stmt" count="0"/>
      <line num="10" type="method" name="form" visibility="public" complexity="3" crap="3" count="2"/>
      <line num="11" type="stmt" count="2"/>
      <line num="13" type="stmt" count="2"/>
      <line num="19" type="stmt" count="1"/>
      <line num="21" type="stmt" count="1"/>
      <line num="22" type="stmt" count="1"/>
      <line num="25" type="stmt" count="1"/>
      <line num="27" type="stmt" count="2"/>
      <line num="49" type="stmt" count="2"/>
      <line num="54" type="stmt" count="2"/>
      <line num="60" type="stmt" count="2"/>
      <line num="63" type="stmt" count="2"/>
      <line num="70" type="method" name="successMsg" visibility="public" complexity="1" crap="1" count="1"/>
      <line num="72" type="stmt" count="1"/>
      <line num="80" type="stmt" count="1"/>
      <line num="83" type="stmt" count="1"/>
      <metrics loc="86" ncloc="76" classes="1" methods="2" coveredmethods="2" conditionals="0" coveredconditionals="0" statements="15" coveredstatements="14" elements="17" coveredelements="16"/>
    </file>
    <file name="/var/www/html/netpolgar/views/like.php">
      <class name="LikeView" namespace="global">
        <metrics complexity="1" methods="1" coveredmethods="1" conditionals="0" coveredconditionals="0" statements="6" coveredstatements="6" elements="7" coveredelements="7"/>
      </class>
      <line num="2" type="stmt" count="0"/>
      <line num="10" type="method" name="list" visibility="public" complexity="1" crap="1" count="1"/>
      <line num="11" type="stmt" count="1"/>
      <line num="12" type="stmt" count="1"/>
      <line num="14" type="stmt" count="1"/>
      <line num="47" type="stmt" count="1"/>
      <line num="64" type="stmt" count="1"/>
      <line num="67" type="stmt" count="1"/>
      <metrics loc="71" ncloc="67" classes="1" methods="1" coveredmethods="1" conditionals="0" coveredconditionals="0" statements="7" coveredstatements="6" elements="8" coveredelements="7"/>
    </file>
    <file name="/var/www/html/netpolgar/views/readme.php">
      <class name="ReadmeView" namespace="global">
        <metrics complexity="1" methods="1" coveredmethods="1" conditionals="0" coveredconditionals="0" statements="4" coveredstatements="4" elements="5" coveredelements="5"/>
      </class>
      <line num="2" type="stmt" count="0"/>
      <line num="9" type="method" name="display" visibility="public" complexity="1" crap="1" count="1"/>
      <line num="10" type="stmt" count="1"/>
      <line num="12" type="stmt" count="1"/>
      <line num="19" type="stmt" count="1"/>
      <line num="23" type="stmt" count="1"/>
      <metrics loc="27" ncloc="22" classes="1" methods="1" coveredmethods="1" conditionals="0" coveredconditionals="0" statements="5" coveredstatements="4" elements="6" coveredelements="5"/>
    </file>
    <file name="/var/www/html/netpolgar/views/users.php">
      <class name="UsersView" namespace="global">
        <metrics complexity="11" methods="8" coveredmethods="8" conditionals="0" coveredconditionals="0" statements="47" coveredstatements="47" elements="55" coveredelements="55"/>
      </class>
      <line num="2" type="stmt" count="0"/>
      <line num="9" type="method" name="echoUserSubmenu" visibility="public" complexity="1" crap="1" count="1"/>
      <line num="11" type="stmt" count="1"/>
      <line num="86" type="stmt" count="1"/>
      <line num="93" type="method" name="echoUserForm" visibility="public" complexity="1" crap="1" count="9"/>
      <line num="95" type="stmt" count="9"/>
      <line num="149" type="stmt" count="9"/>
      <line num="159" type="method" name="registForm" visibility="public" complexity="1" crap="1" count="8"/>
      <line num="160" type="stmt" count="8"/>
      <line num="193" type="stmt" count="8"/>
      <line num="195" type="stmt" count="8"/>
      <line num="198" type="stmt" count="8"/>
      <line num="200" type="method" name="loginForm" visibility="public" complexity="1" crap="1" count="5"/>
      <line num="201" type="stmt" count="5"/>
      <line num="203" type="stmt" count="5"/>
      <line num="256" type="stmt" count="5"/>
      <line num="258" type="stmt" count="5"/>
      <line num="261" type="stmt" count="5"/>
      <line num="267" type="method" name="forgetNick" visibility="public" complexity="1" crap="1" count="1"/>
      <line num="268" type="stmt" count="1"/>
      <line num="270" type="stmt" count="1"/>
      <line num="292" type="stmt" count="1"/>
      <line num="294" type="stmt" count="1"/>
      <line num="297" type="stmt" count="1"/>
      <line num="303" type="method" name="profileForm" visibility="public" complexity="2" crap="2" count="1"/>
      <line num="304" type="stmt" count="1"/>
      <line num="306" type="stmt" count="1"/>
      <line num="310" type="stmt" count="1"/>
      <line num="312" type="stmt" count="1"/>
      <line num="313" type="stmt" count="1"/>
      <line num="315" type="stmt" count="1"/>
      <line num="324" type="stmt" count="1"/>
      <line num="326" type="stmt" count="1"/>
      <line num="330" type="stmt" count="1"/>
      <line num="332" type="stmt" count="1"/>
      <line num="335" type="stmt" count="1"/>
      <line num="341" type="method" name="removeaccount" visibility="public" complexity="2" crap="2" count="1"/>
      <line num="342" type="stmt" count="1"/>
      <line num="343" type="stmt" count="1"/>
      <line num="344" type="stmt" count="1"/>
      <line num="347" type="stmt" count="1"/>
      <line num="351" type="stmt" count="1"/>
      <line num="368" type="stmt" count="1"/>
      <line num="370" type="stmt" count="1"/>
      <line num="373" type="stmt" count="1"/>
      <line num="380" type="method" name="browser" visibility="public" complexity="2" crap="2" count="1"/>
      <line num="381" type="stmt" count="1"/>
      <line num="382" type="stmt" count="1"/>
      <line num="383" type="stmt" count="1"/>
      <line num="385" type="stmt" count="1"/>
      <line num="387" type="stmt" count="1"/>
      <line num="391" type="stmt" count="1"/>
      <line num="431" type="stmt" count="1"/>
      <line num="435" type="stmt" count="1"/>
      <line num="461" type="stmt" count="1"/>
      <line num="464" type="stmt" count="1"/>
      <metrics loc="468" ncloc="435" classes="1" methods="8" coveredmethods="8" conditionals="0" coveredconditionals="0" statements="48" coveredstatements="47" elements="56" coveredelements="55"/>
    </file>
    <metrics files="27" loc="4097" ncloc="3433" classes="27" methods="118" coveredmethods="59" conditionals="0" coveredconditionals="0" statements="1250" coveredstatements="968" elements="1368" coveredelements="1027"/>
  </project>
</coverage>
